#
# There is insufficient memory for the Java Runtime Environment to continue.
# Native memory allocation (malloc) failed to allocate 445856 bytes for Chunk::new
# Possible reasons:
#   The system is out of physical RAM or swap space
#   The process is running with CompressedOops enabled, and the Java Heap may be blocking the growth of the native heap
# Possible solutions:
#   Reduce memory load on the system
#   Increase physical memory or swap space
#   Check if swap backing store is full
#   Decrease Java heap size (-Xmx/-Xms)
#   Decrease number of Java threads
#   Decrease Java thread stack sizes (-Xss)
#   Set larger code cache with -XX:ReservedCodeCacheSize=
#   JVM is running with Unscaled Compressed Oops mode in which the Java heap is
#     placed in the first 4GB address space. The Java Heap base address is the
#     maximum limit for the native heap growth. Please use -XX:HeapBaseMinAddress
#     to set the Java Heap base and to place the Java Heap above 4GB virtual address.
# This output file may be truncated or incomplete.
#
#  Out of Memory Error (arena.cpp:189), pid=45672, tid=43820
#
# JRE version: Java(TM) SE Runtime Environment (17.0.2+8) (build 17.0.2+8-LTS-86)
# Java VM: Java HotSpot(TM) 64-Bit Server VM (17.0.2+8-LTS-86, mixed mode, sharing, tiered, compressed oops, compressed class ptrs, g1 gc, windows-amd64)
# No core dump will be written. Minidumps are not enabled by default on client versions of Windows
#

---------------  S U M M A R Y ------------

Command Line: -Dfile.encoding=UTF-8 --module-path=C:\Users\HP\Documents\NetBeansProjects\Travel Management System\build\classes travel.management.system.signup

Host: Intel(R) Core(TM) i5-10210U CPU @ 1.60GHz, 8 cores, 7G,  Windows 10 , 64 bit Build 19041 (10.0.19041.3155)
Time: Thu Sep 21 18:33:57 2023 India Standard Time elapsed time: 0.375256 seconds (0d 0h 0m 0s)

---------------  T H R E A D  ---------------

Current thread (0x000001a2588ec770):  JavaThread "C2 CompilerThread1" daemon [_thread_in_native, id=43820, stack(0x0000005138100000,0x0000005138200000)]


Current CompileTask:
C2:    375  679       4       sun.awt.image.PNGImageDecoder::filterRow (460 bytes)

Stack: [0x0000005138100000,0x0000005138200000]
Native frames: (J=compiled Java code, j=interpreted, Vv=VM code, C=native code)
V  [jvm.dll+0x670baa]
V  [jvm.dll+0x7cfcb4]
V  [jvm.dll+0x7d145e]
V  [jvm.dll+0x7d1ac3]
V  [jvm.dll+0x242bc5]
V  [jvm.dll+0xaa57b]
V  [jvm.dll+0xaab0c]
V  [jvm.dll+0x2a991f]
V  [jvm.dll+0x5792d9]
V  [jvm.dll+0x21de3d]
V  [jvm.dll+0x21e21f]
V  [jvm.dll+0x217ae5]
V  [jvm.dll+0x214fab]
V  [jvm.dll+0x1a1bbd]
V  [jvm.dll+0x224908]
V  [jvm.dll+0x222a6c]
V  [jvm.dll+0x7859bb]
V  [jvm.dll+0x77ff7a]
V  [jvm.dll+0x66fa35]
C  [ucrtbase.dll+0x21bb2]
C  [KERNEL32.DLL+0x17614]
C  [ntdll.dll+0x526b1]


---------------  P R O C E S S  ---------------

Threads class SMR info:
_java_thread_list=0x000001a258b7c740, length=17, elements={
0x000001a237d012e0, 0x000001a257c3e720, 0x000001a257c3f590, 0x000001a257c4eb60,
0x000001a257c51530, 0x000001a257c51ee0, 0x000001a257c52890, 0x000001a257c57b30,
0x000001a257c605e0, 0x000001a257c64300, 0x000001a257c27680, 0x000001a2588ec770,
0x000001a2588ecc80, 0x000001a258ad3320, 0x000001a258ad62b0, 0x000001a258a8a0c0,
0x000001a258b83450
}

Java Threads: ( => current thread )
  0x000001a237d012e0 JavaThread "main" [_thread_in_vm, id=40296, stack(0x0000005137000000,0x0000005137100000)]
  0x000001a257c3e720 JavaThread "Reference Handler" daemon [_thread_blocked, id=39576, stack(0x0000005137700000,0x0000005137800000)]
  0x000001a257c3f590 JavaThread "Finalizer" daemon [_thread_blocked, id=40884, stack(0x0000005137800000,0x0000005137900000)]
  0x000001a257c4eb60 JavaThread "Signal Dispatcher" daemon [_thread_blocked, id=44844, stack(0x0000005137900000,0x0000005137a00000)]
  0x000001a257c51530 JavaThread "Attach Listener" daemon [_thread_blocked, id=10704, stack(0x0000005137a00000,0x0000005137b00000)]
  0x000001a257c51ee0 JavaThread "Service Thread" daemon [_thread_blocked, id=45720, stack(0x0000005137b00000,0x0000005137c00000)]
  0x000001a257c52890 JavaThread "Monitor Deflation Thread" daemon [_thread_blocked, id=27708, stack(0x0000005137c00000,0x0000005137d00000)]
  0x000001a257c57b30 JavaThread "C2 CompilerThread0" daemon [_thread_blocked, id=49324, stack(0x0000005137d00000,0x0000005137e00000)]
  0x000001a257c605e0 JavaThread "C1 CompilerThread0" daemon [_thread_blocked, id=36584, stack(0x0000005137e00000,0x0000005137f00000)]
  0x000001a257c64300 JavaThread "Sweeper thread" daemon [_thread_blocked, id=46060, stack(0x0000005137f00000,0x0000005138000000)]
  0x000001a257c27680 JavaThread "Common-Cleaner" daemon [_thread_blocked, id=34108, stack(0x0000005138000000,0x0000005138100000)]
=>0x000001a2588ec770 JavaThread "C2 CompilerThread1" daemon [_thread_in_native, id=43820, stack(0x0000005138100000,0x0000005138200000)]
  0x000001a2588ecc80 JavaThread "Notification Thread" daemon [_thread_blocked, id=42400, stack(0x0000005138200000,0x0000005138300000)]
  0x000001a258ad3320 JavaThread "Java2D Disposer" daemon [_thread_blocked, id=49204, stack(0x0000005138400000,0x0000005138500000)]
  0x000001a258ad62b0 JavaThread "AWT-Shutdown" [_thread_blocked, id=32320, stack(0x0000005138500000,0x0000005138600000)]
  0x000001a258a8a0c0 JavaThread "AWT-Windows" daemon [_thread_in_vm, id=49176, stack(0x0000005138600000,0x0000005138700000)]
  0x000001a258b83450 JavaThread "Image Fetcher 0" daemon [_thread_blocked, id=14096, stack(0x0000005138700000,0x0000005138800000)]

Other Threads:
  0x000001a257c39260 VMThread "VM Thread" [stack: 0x0000005137600000,0x0000005137700000] [id=24264]
  0x000001a237d586f0 WatcherThread [stack: 0x0000005138300000,0x0000005138400000] [id=42904]
  0x000001a237d3ed90 GCTaskThread "GC Thread#0" [stack: 0x0000005137100000,0x0000005137200000] [id=33952]
  0x000001a237d50ae0 ConcurrentGCThread "G1 Main Marker" [stack: 0x0000005137200000,0x0000005137300000] [id=8580]
  0x000001a237d525d0 ConcurrentGCThread "G1 Conc#0" [stack: 0x0000005137300000,0x0000005137400000] [id=39532]
  0x000001a237dcdcb0 ConcurrentGCThread "G1 Refine#0" [stack: 0x0000005137400000,0x0000005137500000] [id=41000]
  0x000001a237dce6d0 ConcurrentGCThread "G1 Service" [stack: 0x0000005137500000,0x0000005137600000] [id=41728]

Threads with active compile tasks:
C2 CompilerThread1      399  679       4       sun.awt.image.PNGImageDecoder::filterRow (460 bytes)

VM state: not at safepoint (normal execution)

VM Mutex/Monitor currently owned by a thread: None

Heap address: 0x0000000083000000, size: 2000 MB, Compressed Oops mode: 32-bit

CDS archive(s) mapped at: [0x0000000800000000-0x0000000800bc0000-0x0000000800bc0000), size 12320768, SharedBaseAddress: 0x0000000800000000, ArchiveRelocationMode: 0.
Compressed class space mapped at: 0x0000000800c00000-0x0000000840c00000, reserved size: 1073741824
Narrow klass base: 0x0000000800000000, Narrow klass shift: 0, Narrow klass range: 0x100000000

GC Precious Log:
 CPUs: 8 total, 8 available
 Memory: 7996M
 Large Page Support: Disabled
 NUMA Support: Disabled
 Compressed Oops: Enabled (32-bit)
 Heap Region Size: 1M
 Heap Min Capacity: 8M
 Heap Initial Capacity: 126M
 Heap Max Capacity: 2000M
 Pre-touch: Disabled
 Parallel Workers: 8
 Concurrent Workers: 2
 Concurrent Refinement Workers: 8
 Periodic GC: Disabled

Heap:
 garbage-first heap   total 129024K, used 9216K [0x0000000083000000, 0x0000000100000000)
  region size 1024K, 8 young (8192K), 0 survivors (0K)
 Metaspace       used 5978K, committed 6144K, reserved 1056768K
  class space    used 678K, committed 768K, reserved 1048576K

Heap Regions: E=young(eden), S=young(survivor), O=old, HS=humongous(starts), HC=humongous(continues), CS=collection set, F=free, OA=open archive, CA=closed archive, TAMS=top-at-mark-start (previous, next)
|   0|0x0000000083000000, 0x0000000083100000, 0x0000000083100000|100%|HS|  |TAMS 0x0000000083000000, 0x0000000083000000| Complete 
|   1|0x0000000083100000, 0x0000000083200000, 0x0000000083200000|100%|HC|  |TAMS 0x0000000083100000, 0x0000000083100000| Complete 
|   2|0x0000000083200000, 0x0000000083200000, 0x0000000083300000|  0%| F|  |TAMS 0x0000000083200000, 0x0000000083200000| Untracked 
|   3|0x0000000083300000, 0x0000000083300000, 0x0000000083400000|  0%| F|  |TAMS 0x0000000083300000, 0x0000000083300000| Untracked 
|   4|0x0000000083400000, 0x0000000083400000, 0x0000000083500000|  0%| F|  |TAMS 0x0000000083400000, 0x0000000083400000| Untracked 
|   5|0x0000000083500000, 0x0000000083500000, 0x0000000083600000|  0%| F|  |TAMS 0x0000000083500000, 0x0000000083500000| Untracked 
|   6|0x0000000083600000, 0x0000000083600000, 0x0000000083700000|  0%| F|  |TAMS 0x0000000083600000, 0x0000000083600000| Untracked 
|   7|0x0000000083700000, 0x0000000083700000, 0x0000000083800000|  0%| F|  |TAMS 0x0000000083700000, 0x0000000083700000| Untracked 
|   8|0x0000000083800000, 0x0000000083800000, 0x0000000083900000|  0%| F|  |TAMS 0x0000000083800000, 0x0000000083800000| Untracked 
|   9|0x0000000083900000, 0x0000000083900000, 0x0000000083a00000|  0%| F|  |TAMS 0x0000000083900000, 0x0000000083900000| Untracked 
|  10|0x0000000083a00000, 0x0000000083a00000, 0x0000000083b00000|  0%| F|  |TAMS 0x0000000083a00000, 0x0000000083a00000| Untracked 
|  11|0x0000000083b00000, 0x0000000083b00000, 0x0000000083c00000|  0%| F|  |TAMS 0x0000000083b00000, 0x0000000083b00000| Untracked 
|  12|0x0000000083c00000, 0x0000000083c00000, 0x0000000083d00000|  0%| F|  |TAMS 0x0000000083c00000, 0x0000000083c00000| Untracked 
|  13|0x0000000083d00000, 0x0000000083d00000, 0x0000000083e00000|  0%| F|  |TAMS 0x0000000083d00000, 0x0000000083d00000| Untracked 
|  14|0x0000000083e00000, 0x0000000083e00000, 0x0000000083f00000|  0%| F|  |TAMS 0x0000000083e00000, 0x0000000083e00000| Untracked 
|  15|0x0000000083f00000, 0x0000000083f00000, 0x0000000084000000|  0%| F|  |TAMS 0x0000000083f00000, 0x0000000083f00000| Untracked 
|  16|0x0000000084000000, 0x0000000084000000, 0x0000000084100000|  0%| F|  |TAMS 0x0000000084000000, 0x0000000084000000| Untracked 
|  17|0x0000000084100000, 0x0000000084100000, 0x0000000084200000|  0%| F|  |TAMS 0x0000000084100000, 0x0000000084100000| Untracked 
|  18|0x0000000084200000, 0x0000000084200000, 0x0000000084300000|  0%| F|  |TAMS 0x0000000084200000, 0x0000000084200000| Untracked 
|  19|0x0000000084300000, 0x0000000084300000, 0x0000000084400000|  0%| F|  |TAMS 0x0000000084300000, 0x0000000084300000| Untracked 
|  20|0x0000000084400000, 0x0000000084400000, 0x0000000084500000|  0%| F|  |TAMS 0x0000000084400000, 0x0000000084400000| Untracked 
|  21|0x0000000084500000, 0x0000000084500000, 0x0000000084600000|  0%| F|  |TAMS 0x0000000084500000, 0x0000000084500000| Untracked 
|  22|0x0000000084600000, 0x0000000084600000, 0x0000000084700000|  0%| F|  |TAMS 0x0000000084600000, 0x0000000084600000| Untracked 
|  23|0x0000000084700000, 0x0000000084700000, 0x0000000084800000|  0%| F|  |TAMS 0x0000000084700000, 0x0000000084700000| Untracked 
|  24|0x0000000084800000, 0x0000000084800000, 0x0000000084900000|  0%| F|  |TAMS 0x0000000084800000, 0x0000000084800000| Untracked 
|  25|0x0000000084900000, 0x0000000084900000, 0x0000000084a00000|  0%| F|  |TAMS 0x0000000084900000, 0x0000000084900000| Untracked 
|  26|0x0000000084a00000, 0x0000000084a00000, 0x0000000084b00000|  0%| F|  |TAMS 0x0000000084a00000, 0x0000000084a00000| Untracked 
|  27|0x0000000084b00000, 0x0000000084b00000, 0x0000000084c00000|  0%| F|  |TAMS 0x0000000084b00000, 0x0000000084b00000| Untracked 
|  28|0x0000000084c00000, 0x0000000084c00000, 0x0000000084d00000|  0%| F|  |TAMS 0x0000000084c00000, 0x0000000084c00000| Untracked 
|  29|0x0000000084d00000, 0x0000000084d00000, 0x0000000084e00000|  0%| F|  |TAMS 0x0000000084d00000, 0x0000000084d00000| Untracked 
|  30|0x0000000084e00000, 0x0000000084e00000, 0x0000000084f00000|  0%| F|  |TAMS 0x0000000084e00000, 0x0000000084e00000| Untracked 
|  31|0x0000000084f00000, 0x0000000084f00000, 0x0000000085000000|  0%| F|  |TAMS 0x0000000084f00000, 0x0000000084f00000| Untracked 
|  32|0x0000000085000000, 0x0000000085000000, 0x0000000085100000|  0%| F|  |TAMS 0x0000000085000000, 0x0000000085000000| Untracked 
|  33|0x0000000085100000, 0x0000000085100000, 0x0000000085200000|  0%| F|  |TAMS 0x0000000085100000, 0x0000000085100000| Untracked 
|  34|0x0000000085200000, 0x0000000085200000, 0x0000000085300000|  0%| F|  |TAMS 0x0000000085200000, 0x0000000085200000| Untracked 
|  35|0x0000000085300000, 0x0000000085300000, 0x0000000085400000|  0%| F|  |TAMS 0x0000000085300000, 0x0000000085300000| Untracked 
|  36|0x0000000085400000, 0x0000000085400000, 0x0000000085500000|  0%| F|  |TAMS 0x0000000085400000, 0x0000000085400000| Untracked 
|  37|0x0000000085500000, 0x0000000085500000, 0x0000000085600000|  0%| F|  |TAMS 0x0000000085500000, 0x0000000085500000| Untracked 
|  38|0x0000000085600000, 0x0000000085600000, 0x0000000085700000|  0%| F|  |TAMS 0x0000000085600000, 0x0000000085600000| Untracked 
|  39|0x0000000085700000, 0x0000000085700000, 0x0000000085800000|  0%| F|  |TAMS 0x0000000085700000, 0x0000000085700000| Untracked 
|  40|0x0000000085800000, 0x0000000085800000, 0x0000000085900000|  0%| F|  |TAMS 0x0000000085800000, 0x0000000085800000| Untracked 
|  41|0x0000000085900000, 0x0000000085900000, 0x0000000085a00000|  0%| F|  |TAMS 0x0000000085900000, 0x0000000085900000| Untracked 
|  42|0x0000000085a00000, 0x0000000085a00000, 0x0000000085b00000|  0%| F|  |TAMS 0x0000000085a00000, 0x0000000085a00000| Untracked 
|  43|0x0000000085b00000, 0x0000000085b00000, 0x0000000085c00000|  0%| F|  |TAMS 0x0000000085b00000, 0x0000000085b00000| Untracked 
|  44|0x0000000085c00000, 0x0000000085c00000, 0x0000000085d00000|  0%| F|  |TAMS 0x0000000085c00000, 0x0000000085c00000| Untracked 
|  45|0x0000000085d00000, 0x0000000085d00000, 0x0000000085e00000|  0%| F|  |TAMS 0x0000000085d00000, 0x0000000085d00000| Untracked 
|  46|0x0000000085e00000, 0x0000000085e00000, 0x0000000085f00000|  0%| F|  |TAMS 0x0000000085e00000, 0x0000000085e00000| Untracked 
|  47|0x0000000085f00000, 0x0000000085f00000, 0x0000000086000000|  0%| F|  |TAMS 0x0000000085f00000, 0x0000000085f00000| Untracked 
|  48|0x0000000086000000, 0x0000000086000000, 0x0000000086100000|  0%| F|  |TAMS 0x0000000086000000, 0x0000000086000000| Untracked 
|  49|0x0000000086100000, 0x0000000086100000, 0x0000000086200000|  0%| F|  |TAMS 0x0000000086100000, 0x0000000086100000| Untracked 
|  50|0x0000000086200000, 0x0000000086200000, 0x0000000086300000|  0%| F|  |TAMS 0x0000000086200000, 0x0000000086200000| Untracked 
|  51|0x0000000086300000, 0x0000000086300000, 0x0000000086400000|  0%| F|  |TAMS 0x0000000086300000, 0x0000000086300000| Untracked 
|  52|0x0000000086400000, 0x0000000086400000, 0x0000000086500000|  0%| F|  |TAMS 0x0000000086400000, 0x0000000086400000| Untracked 
|  53|0x0000000086500000, 0x0000000086500000, 0x0000000086600000|  0%| F|  |TAMS 0x0000000086500000, 0x0000000086500000| Untracked 
|  54|0x0000000086600000, 0x0000000086600000, 0x0000000086700000|  0%| F|  |TAMS 0x0000000086600000, 0x0000000086600000| Untracked 
|  55|0x0000000086700000, 0x0000000086700000, 0x0000000086800000|  0%| F|  |TAMS 0x0000000086700000, 0x0000000086700000| Untracked 
|  56|0x0000000086800000, 0x0000000086800000, 0x0000000086900000|  0%| F|  |TAMS 0x0000000086800000, 0x0000000086800000| Untracked 
|  57|0x0000000086900000, 0x0000000086900000, 0x0000000086a00000|  0%| F|  |TAMS 0x0000000086900000, 0x0000000086900000| Untracked 
|  58|0x0000000086a00000, 0x0000000086a00000, 0x0000000086b00000|  0%| F|  |TAMS 0x0000000086a00000, 0x0000000086a00000| Untracked 
|  59|0x0000000086b00000, 0x0000000086b00000, 0x0000000086c00000|  0%| F|  |TAMS 0x0000000086b00000, 0x0000000086b00000| Untracked 
|  60|0x0000000086c00000, 0x0000000086c00000, 0x0000000086d00000|  0%| F|  |TAMS 0x0000000086c00000, 0x0000000086c00000| Untracked 
|  61|0x0000000086d00000, 0x0000000086d00000, 0x0000000086e00000|  0%| F|  |TAMS 0x0000000086d00000, 0x0000000086d00000| Untracked 
|  62|0x0000000086e00000, 0x0000000086e00000, 0x0000000086f00000|  0%| F|  |TAMS 0x0000000086e00000, 0x0000000086e00000| Untracked 
|  63|0x0000000086f00000, 0x0000000086f00000, 0x0000000087000000|  0%| F|  |TAMS 0x0000000086f00000, 0x0000000086f00000| Untracked 
|  64|0x0000000087000000, 0x0000000087000000, 0x0000000087100000|  0%| F|  |TAMS 0x0000000087000000, 0x0000000087000000| Untracked 
|  65|0x0000000087100000, 0x0000000087100000, 0x0000000087200000|  0%| F|  |TAMS 0x0000000087100000, 0x0000000087100000| Untracked 
|  66|0x0000000087200000, 0x0000000087200000, 0x0000000087300000|  0%| F|  |TAMS 0x0000000087200000, 0x0000000087200000| Untracked 
|  67|0x0000000087300000, 0x0000000087300000, 0x0000000087400000|  0%| F|  |TAMS 0x0000000087300000, 0x0000000087300000| Untracked 
|  68|0x0000000087400000, 0x0000000087400000, 0x0000000087500000|  0%| F|  |TAMS 0x0000000087400000, 0x0000000087400000| Untracked 
|  69|0x0000000087500000, 0x0000000087500000, 0x0000000087600000|  0%| F|  |TAMS 0x0000000087500000, 0x0000000087500000| Untracked 
|  70|0x0000000087600000, 0x0000000087600000, 0x0000000087700000|  0%| F|  |TAMS 0x0000000087600000, 0x0000000087600000| Untracked 
|  71|0x0000000087700000, 0x0000000087700000, 0x0000000087800000|  0%| F|  |TAMS 0x0000000087700000, 0x0000000087700000| Untracked 
|  72|0x0000000087800000, 0x0000000087800000, 0x0000000087900000|  0%| F|  |TAMS 0x0000000087800000, 0x0000000087800000| Untracked 
|  73|0x0000000087900000, 0x0000000087900000, 0x0000000087a00000|  0%| F|  |TAMS 0x0000000087900000, 0x0000000087900000| Untracked 
|  74|0x0000000087a00000, 0x0000000087a00000, 0x0000000087b00000|  0%| F|  |TAMS 0x0000000087a00000, 0x0000000087a00000| Untracked 
|  75|0x0000000087b00000, 0x0000000087b00000, 0x0000000087c00000|  0%| F|  |TAMS 0x0000000087b00000, 0x0000000087b00000| Untracked 
|  76|0x0000000087c00000, 0x0000000087c00000, 0x0000000087d00000|  0%| F|  |TAMS 0x0000000087c00000, 0x0000000087c00000| Untracked 
|  77|0x0000000087d00000, 0x0000000087d00000, 0x0000000087e00000|  0%| F|  |TAMS 0x0000000087d00000, 0x0000000087d00000| Untracked 
|  78|0x0000000087e00000, 0x0000000087e00000, 0x0000000087f00000|  0%| F|  |TAMS 0x0000000087e00000, 0x0000000087e00000| Untracked 
|  79|0x0000000087f00000, 0x0000000087f00000, 0x0000000088000000|  0%| F|  |TAMS 0x0000000087f00000, 0x0000000087f00000| Untracked 
|  80|0x0000000088000000, 0x0000000088000000, 0x0000000088100000|  0%| F|  |TAMS 0x0000000088000000, 0x0000000088000000| Untracked 
|  81|0x0000000088100000, 0x0000000088100000, 0x0000000088200000|  0%| F|  |TAMS 0x0000000088100000, 0x0000000088100000| Untracked 
|  82|0x0000000088200000, 0x0000000088200000, 0x0000000088300000|  0%| F|  |TAMS 0x0000000088200000, 0x0000000088200000| Untracked 
|  83|0x0000000088300000, 0x0000000088300000, 0x0000000088400000|  0%| F|  |TAMS 0x0000000088300000, 0x0000000088300000| Untracked 
|  84|0x0000000088400000, 0x0000000088400000, 0x0000000088500000|  0%| F|  |TAMS 0x0000000088400000, 0x0000000088400000| Untracked 
|  85|0x0000000088500000, 0x0000000088500000, 0x0000000088600000|  0%| F|  |TAMS 0x0000000088500000, 0x0000000088500000| Untracked 
|  86|0x0000000088600000, 0x0000000088600000, 0x0000000088700000|  0%| F|  |TAMS 0x0000000088600000, 0x0000000088600000| Untracked 
|  87|0x0000000088700000, 0x0000000088700000, 0x0000000088800000|  0%| F|  |TAMS 0x0000000088700000, 0x0000000088700000| Untracked 
|  88|0x0000000088800000, 0x0000000088800000, 0x0000000088900000|  0%| F|  |TAMS 0x0000000088800000, 0x0000000088800000| Untracked 
|  89|0x0000000088900000, 0x0000000088900000, 0x0000000088a00000|  0%| F|  |TAMS 0x0000000088900000, 0x0000000088900000| Untracked 
|  90|0x0000000088a00000, 0x0000000088a00000, 0x0000000088b00000|  0%| F|  |TAMS 0x0000000088a00000, 0x0000000088a00000| Untracked 
|  91|0x0000000088b00000, 0x0000000088b00000, 0x0000000088c00000|  0%| F|  |TAMS 0x0000000088b00000, 0x0000000088b00000| Untracked 
|  92|0x0000000088c00000, 0x0000000088c00000, 0x0000000088d00000|  0%| F|  |TAMS 0x0000000088c00000, 0x0000000088c00000| Untracked 
|  93|0x0000000088d00000, 0x0000000088d00000, 0x0000000088e00000|  0%| F|  |TAMS 0x0000000088d00000, 0x0000000088d00000| Untracked 
|  94|0x0000000088e00000, 0x0000000088e00000, 0x0000000088f00000|  0%| F|  |TAMS 0x0000000088e00000, 0x0000000088e00000| Untracked 
|  95|0x0000000088f00000, 0x0000000088f00000, 0x0000000089000000|  0%| F|  |TAMS 0x0000000088f00000, 0x0000000088f00000| Untracked 
|  96|0x0000000089000000, 0x0000000089000000, 0x0000000089100000|  0%| F|  |TAMS 0x0000000089000000, 0x0000000089000000| Untracked 
|  97|0x0000000089100000, 0x0000000089100000, 0x0000000089200000|  0%| F|  |TAMS 0x0000000089100000, 0x0000000089100000| Untracked 
|  98|0x0000000089200000, 0x0000000089200000, 0x0000000089300000|  0%| F|  |TAMS 0x0000000089200000, 0x0000000089200000| Untracked 
|  99|0x0000000089300000, 0x0000000089300000, 0x0000000089400000|  0%| F|  |TAMS 0x0000000089300000, 0x0000000089300000| Untracked 
| 100|0x0000000089400000, 0x0000000089400000, 0x0000000089500000|  0%| F|  |TAMS 0x0000000089400000, 0x0000000089400000| Untracked 
| 101|0x0000000089500000, 0x0000000089500000, 0x0000000089600000|  0%| F|  |TAMS 0x0000000089500000, 0x0000000089500000| Untracked 
| 102|0x0000000089600000, 0x0000000089600000, 0x0000000089700000|  0%| F|  |TAMS 0x0000000089600000, 0x0000000089600000| Untracked 
| 103|0x0000000089700000, 0x0000000089700000, 0x0000000089800000|  0%| F|  |TAMS 0x0000000089700000, 0x0000000089700000| Untracked 
| 104|0x0000000089800000, 0x0000000089800000, 0x0000000089900000|  0%| F|  |TAMS 0x0000000089800000, 0x0000000089800000| Untracked 
| 105|0x0000000089900000, 0x0000000089900000, 0x0000000089a00000|  0%| F|  |TAMS 0x0000000089900000, 0x0000000089900000| Untracked 
| 106|0x0000000089a00000, 0x0000000089a00000, 0x0000000089b00000|  0%| F|  |TAMS 0x0000000089a00000, 0x0000000089a00000| Untracked 
| 107|0x0000000089b00000, 0x0000000089b00000, 0x0000000089c00000|  0%| F|  |TAMS 0x0000000089b00000, 0x0000000089b00000| Untracked 
| 108|0x0000000089c00000, 0x0000000089c00000, 0x0000000089d00000|  0%| F|  |TAMS 0x0000000089c00000, 0x0000000089c00000| Untracked 
| 109|0x0000000089d00000, 0x0000000089d00000, 0x0000000089e00000|  0%| F|  |TAMS 0x0000000089d00000, 0x0000000089d00000| Untracked 
| 110|0x0000000089e00000, 0x0000000089e00000, 0x0000000089f00000|  0%| F|  |TAMS 0x0000000089e00000, 0x0000000089e00000| Untracked 
| 111|0x0000000089f00000, 0x0000000089f00000, 0x000000008a000000|  0%| F|  |TAMS 0x0000000089f00000, 0x0000000089f00000| Untracked 
| 112|0x000000008a000000, 0x000000008a000000, 0x000000008a100000|  0%| F|  |TAMS 0x000000008a000000, 0x000000008a000000| Untracked 
| 113|0x000000008a100000, 0x000000008a100000, 0x000000008a200000|  0%| F|  |TAMS 0x000000008a100000, 0x000000008a100000| Untracked 
| 114|0x000000008a200000, 0x000000008a200000, 0x000000008a300000|  0%| F|  |TAMS 0x000000008a200000, 0x000000008a200000| Untracked 
| 115|0x000000008a300000, 0x000000008a300000, 0x000000008a400000|  0%| F|  |TAMS 0x000000008a300000, 0x000000008a300000| Untracked 
| 116|0x000000008a400000, 0x000000008a400000, 0x000000008a500000|  0%| F|  |TAMS 0x000000008a400000, 0x000000008a400000| Untracked 
| 117|0x000000008a500000, 0x000000008a500000, 0x000000008a600000|  0%| F|  |TAMS 0x000000008a500000, 0x000000008a500000| Untracked 
| 118|0x000000008a600000, 0x000000008a6ec898, 0x000000008a700000| 92%| E|  |TAMS 0x000000008a600000, 0x000000008a600000| Complete 
| 119|0x000000008a700000, 0x000000008a800000, 0x000000008a800000|100%| E|CS|TAMS 0x000000008a700000, 0x000000008a700000| Complete 
| 120|0x000000008a800000, 0x000000008a900000, 0x000000008a900000|100%| E|CS|TAMS 0x000000008a800000, 0x000000008a800000| Complete 
| 121|0x000000008a900000, 0x000000008aa00000, 0x000000008aa00000|100%| E|CS|TAMS 0x000000008a900000, 0x000000008a900000| Complete 
| 122|0x000000008aa00000, 0x000000008ab00000, 0x000000008ab00000|100%| E|CS|TAMS 0x000000008aa00000, 0x000000008aa00000| Complete 
| 123|0x000000008ab00000, 0x000000008ac00000, 0x000000008ac00000|100%| E|CS|TAMS 0x000000008ab00000, 0x000000008ab00000| Complete 
| 124|0x000000008ac00000, 0x000000008ad00000, 0x000000008ad00000|100%| E|CS|TAMS 0x000000008ac00000, 0x000000008ac00000| Complete 
| 125|0x000000008ad00000, 0x000000008ae00000, 0x000000008ae00000|100%| E|CS|TAMS 0x000000008ad00000, 0x000000008ad00000| Complete 

Card table byte_map: [0x000001a250b80000,0x000001a250f70000] _byte_map_base: 0x000001a250768000

Marking Bits (Prev, Next): (CMBitMap*) 0x000001a237d3f3a0, (CMBitMap*) 0x000001a237d3f3e0
 Prev Bits: [0x000001a251360000, 0x000001a2532a0000)
 Next Bits: [0x000001a2532a0000, 0x000001a2551e0000)

Polling page: 0x000001a237bd0000

Metaspace:

Usage:
  Non-class:      5.21 MB used.
      Class:    690.78 KB used.
       Both:      5.88 MB used.

Virtual space:
  Non-class space:        8.00 MB reserved,       5.31 MB ( 66%) committed,  1 nodes.
      Class space:        1.00 GB reserved,     832.00 KB ( <1%) committed,  1 nodes.
             Both:        1.01 GB reserved,       6.12 MB ( <1%) committed. 

Chunk freelists:
   Non-Class:  2.40 MB
       Class:  3.24 MB
        Both:  5.64 MB

MaxMetaspaceSize: unlimited
CompressedClassSpaceSize: 1.00 GB
Initial GC threshold: 21.00 MB
Current GC threshold: 21.00 MB
CDS: on
MetaspaceReclaimPolicy: balanced
 - commit_granule_bytes: 65536.
 - commit_granule_words: 8192.
 - virtual_space_node_default_size: 1048576.
 - enlarge_chunks_in_place: 1.
 - new_chunks_are_fully_committed: 0.
 - uncommit_free_chunks: 1.
 - use_allocation_guard: 0.
 - handle_deallocations: 1.


Internal statistics:

num_allocs_failed_limit: 0.
num_arena_births: 98.
num_arena_deaths: 0.
num_vsnodes_births: 2.
num_vsnodes_deaths: 0.
num_space_committed: 98.
num_space_uncommitted: 0.
num_chunks_returned_to_freelist: 0.
num_chunks_taken_from_freelist: 135.
num_chunk_merges: 0.
num_chunk_splits: 73.
num_chunks_enlarged: 20.
num_purges: 0.
num_inconsistent_stats: 0.

CodeHeap 'non-profiled nmethods': size=120000Kb used=227Kb max_used=227Kb free=119772Kb
 bounds [0x000001a248800000, 0x000001a248a70000, 0x000001a24fd30000]
CodeHeap 'profiled nmethods': size=120000Kb used=1168Kb max_used=1168Kb free=118831Kb
 bounds [0x000001a2412d0000, 0x000001a241540000, 0x000001a248800000]
CodeHeap 'non-nmethods': size=5760Kb used=1219Kb max_used=1242Kb free=4540Kb
 bounds [0x000001a240d30000, 0x000001a240fa0000, 0x000001a2412d0000]
 total_blobs=1249 nmethods=719 adapters=443
 compilation: enabled
              stopped_count=0, restarted_count=0
 full_count=0

Compilation events (20 events):
Event: 0.363 Thread 0x000001a257c605e0  689       3       sun.awt.image.ImageWatched$WeakLink::update (39 bytes)
Event: 0.364 Thread 0x000001a257c605e0 nmethod 689 0x000001a2413e0610 code [0x000001a2413e08a0, 0x000001a2413e17e8]
Event: 0.364 Thread 0x000001a257c605e0  690       3       sun.awt.image.PNGImageDecoder::sendPixels (44 bytes)
Event: 0.364 Thread 0x000001a257c605e0 nmethod 690 0x000001a2413e1c10 code [0x000001a2413e1dc0, 0x000001a2413e2048]
Event: 0.367 Thread 0x000001a257c605e0  697       3       sun.awt.image.IntegerInterleavedRaster::setDataElements (134 bytes)
Event: 0.367 Thread 0x000001a257c605e0 nmethod 697 0x000001a2413e2110 code [0x000001a2413e2300, 0x000001a2413e2998]
Event: 0.367 Thread 0x000001a257c605e0  695  s    3       sun.awt.image.InputStreamImageSource::doneDecoding (25 bytes)
Event: 0.368 Thread 0x000001a257c605e0 nmethod 695 0x000001a2413e2c10 code [0x000001a2413e2dc0, 0x000001a2413e3048]
Event: 0.368 Thread 0x000001a257c605e0  691       3       sun.awt.image.ImageWatched$WeakLink$$Lambda$148/0x0000000800ca87f8::run (32 bytes)
Event: 0.368 Thread 0x000001a257c605e0 nmethod 691 0x000001a2413e3110 code [0x000001a2413e32a0, 0x000001a2413e3408]
Event: 0.368 Thread 0x000001a257c605e0  692       3       sun.awt.image.ImageWatched$WeakLink::lambda$update$0 (19 bytes)
Event: 0.368 Thread 0x000001a257c605e0 nmethod 692 0x000001a2413e3490 code [0x000001a2413e3640, 0x000001a2413e38e8]
Event: 0.368 Thread 0x000001a257c605e0  693       3       java.awt.ImageMediaEntry::imageUpdate (51 bytes)
Event: 0.368 Thread 0x000001a257c605e0 nmethod 693 0x000001a2413e3a10 code [0x000001a2413e3c00, 0x000001a2413e42e8]
Event: 0.368 Thread 0x000001a257c605e0  696   !   3       sun.awt.image.ImageRepresentation::setPixels (527 bytes)
Event: 0.371 Thread 0x000001a257c605e0 nmethod 696 0x000001a2413e4510 code [0x000001a2413e48a0, 0x000001a2413e6908]
Event: 0.371 Thread 0x000001a257c605e0  694       3       sun.awt.image.InputStreamImageSource::latchConsumers (6 bytes)
Event: 0.371 Thread 0x000001a257c605e0 nmethod 694 0x000001a2413e7990 code [0x000001a2413e7b40, 0x000001a2413e7ee8]
Event: 0.371 Thread 0x000001a257c605e0  698       3       sun.awt.image.SunWritableRaster::markDirty (8 bytes)
Event: 0.371 Thread 0x000001a257c605e0 nmethod 698 0x000001a2413e8010 code [0x000001a2413e81a0, 0x000001a2413e8338]

GC Heap History (0 events):
No events

Deoptimization events (20 events):
Event: 0.365 Thread 0x000001a258b83450 DEOPT PACKING pc=0x000001a2413c6ded sp=0x00000051387ff2e0
Event: 0.365 Thread 0x000001a258b83450 DEOPT UNPACKING pc=0x000001a240d82b43 sp=0x00000051387fe750 mode 0
Event: 0.365 Thread 0x000001a258b83450 DEOPT PACKING pc=0x000001a2413c6ded sp=0x00000051387ff2e0
Event: 0.365 Thread 0x000001a258b83450 DEOPT UNPACKING pc=0x000001a240d82b43 sp=0x00000051387fe750 mode 0
Event: 0.366 Thread 0x000001a258b83450 DEOPT PACKING pc=0x000001a2413c6ded sp=0x00000051387ff2e0
Event: 0.366 Thread 0x000001a258b83450 DEOPT UNPACKING pc=0x000001a240d82b43 sp=0x00000051387fe750 mode 0
Event: 0.366 Thread 0x000001a258b83450 DEOPT PACKING pc=0x000001a2413c6ded sp=0x00000051387ff2e0
Event: 0.366 Thread 0x000001a258b83450 DEOPT UNPACKING pc=0x000001a240d82b43 sp=0x00000051387fe750 mode 0
Event: 0.366 Thread 0x000001a258b83450 DEOPT PACKING pc=0x000001a2413c6ded sp=0x00000051387ff2e0
Event: 0.366 Thread 0x000001a258b83450 DEOPT UNPACKING pc=0x000001a240d82b43 sp=0x00000051387fe750 mode 0
Event: 0.366 Thread 0x000001a258b83450 DEOPT PACKING pc=0x000001a2413c6ded sp=0x00000051387ff2e0
Event: 0.366 Thread 0x000001a258b83450 DEOPT UNPACKING pc=0x000001a240d82b43 sp=0x00000051387fe750 mode 0
Event: 0.366 Thread 0x000001a258b83450 DEOPT PACKING pc=0x000001a2413c6ded sp=0x00000051387ff2e0
Event: 0.366 Thread 0x000001a258b83450 DEOPT UNPACKING pc=0x000001a240d82b43 sp=0x00000051387fe750 mode 0
Event: 0.366 Thread 0x000001a258b83450 DEOPT PACKING pc=0x000001a2413c6ded sp=0x00000051387ff2e0
Event: 0.366 Thread 0x000001a258b83450 DEOPT UNPACKING pc=0x000001a240d82b43 sp=0x00000051387fe750 mode 0
Event: 0.370 Thread 0x000001a258b83450 DEOPT PACKING pc=0x000001a2413c6ded sp=0x00000051387ff420
Event: 0.370 Thread 0x000001a258b83450 DEOPT UNPACKING pc=0x000001a240d82b43 sp=0x00000051387fe8c0 mode 0
Event: 0.370 Thread 0x000001a258b83450 DEOPT PACKING pc=0x000001a2413c6ded sp=0x00000051387ff420
Event: 0.370 Thread 0x000001a258b83450 DEOPT UNPACKING pc=0x000001a240d82b43 sp=0x00000051387fe8c0 mode 0

Classes unloaded (0 events):
No events

Classes redefined (0 events):
No events

Internal exceptions (15 events):
Event: 0.065 Thread 0x000001a237d012e0 Exception <a 'sun/nio/fs/WindowsException'{0x000000008ac362d8}> (0x000000008ac362d8) 
thrown [t:\workspace\open\src\hotspot\share\prims\jni.cpp, line 516]
Event: 0.065 Thread 0x000001a237d012e0 Exception <a 'sun/nio/fs/WindowsException'{0x000000008ac36848}> (0x000000008ac36848) 
thrown [t:\workspace\open\src\hotspot\share\prims\jni.cpp, line 516]
Event: 0.067 Thread 0x000001a237d012e0 Exception <a 'sun/nio/fs/WindowsException'{0x000000008ac38c48}> (0x000000008ac38c48) 
thrown [t:\workspace\open\src\hotspot\share\prims\jni.cpp, line 516]
Event: 0.067 Thread 0x000001a237d012e0 Exception <a 'sun/nio/fs/WindowsException'{0x000000008ac39748}> (0x000000008ac39748) 
thrown [t:\workspace\open\src\hotspot\share\prims\jni.cpp, line 516]
Event: 0.104 Thread 0x000001a237d012e0 Exception <a 'java/lang/ClassNotFoundException'{0x000000008ab04d18}: sun/awt/resources/spi/awtProvider> (0x000000008ab04d18) 
thrown [t:\workspace\open\src\hotspot\share\classfile\systemDictionary.cpp, line 256]
Event: 0.127 Thread 0x000001a237d012e0 Exception <a 'java/io/FileNotFoundException'{0x000000008ab57de8}> (0x000000008ab57de8) 
thrown [t:\workspace\open\src\hotspot\share\prims\jni.cpp, line 516]
Event: 0.134 Thread 0x000001a237d012e0 Exception <a 'java/io/FileNotFoundException'{0x000000008ab84f28}> (0x000000008ab84f28) 
thrown [t:\workspace\open\src\hotspot\share\prims\jni.cpp, line 516]
Event: 0.171 Thread 0x000001a237d012e0 Exception <a 'java/lang/NoSuchMethodError'{0x000000008abc8f98}: 'java.lang.Object java.lang.invoke.DirectMethodHandle$Holder.invokeStaticInit(java.lang.Object)'> (0x000000008abc8f98) 
thrown [t:\workspace\open\src\hotspot\share\interpreter\linkResolver.cpp, line 766]
Event: 0.207 Thread 0x000001a237d012e0 Exception <a 'java/lang/NoSuchMethodError'{0x000000008aa26de8}: 'void java.lang.invoke.DirectMethodHandle$Holder.invokeSpecial(java.lang.Object, java.lang.Object, java.lang.Object)'> (0x000000008aa26de8) 
thrown [t:\workspace\open\src\hotspot\share\interpreter\linkResolver.cpp, line 766]
Event: 0.215 Thread 0x000001a237d012e0 Exception <a 'java/lang/NoSuchMethodError'{0x000000008aa50f88}: 'java.lang.Object java.lang.invoke.DirectMethodHandle$Holder.newInvokeSpecial(java.lang.Object, java.lang.Object, java.lang.Object, java.lang.Object, java.lang.Object)'> (0x000000008aa50f88) 
thrown [t:\workspace\open\src\hotspot\share\interpreter\linkResolver.cpp, line 766]
Event: 0.217 Thread 0x000001a237d012e0 Exception <a 'java/lang/NoSuchMethodError'{0x000000008aa5c950}: 'java.lang.Object java.lang.invoke.DirectMethodHandle$Holder.invokeStatic(java.lang.Object, int, java.lang.Object, java.lang.Object, java.lang.Object, java.lang.Object)'> (0x000000008aa5c950) 
thrown [t:\workspace\open\src\hotspot\share\interpreter\linkResolver.cpp, line 766]
Event: 0.222 Thread 0x000001a237d012e0 Exception <a 'java/lang/NoSuchMethodError'{0x000000008aa82370}: 'java.lang.Object java.lang.invoke.DirectMethodHandle$Holder.invokeStatic(java.lang.Object, int, java.lang.Object)'> (0x000000008aa82370) 
thrown [t:\workspace\open\src\hotspot\share\interpreter\linkResolver.cpp, line 766]
Event: 0.248 Thread 0x000001a237d012e0 Exception <a 'java/lang/ClassNotFoundException'{0x000000008a93a9c8}: com/sun/swing/internal/plaf/metal/resources/spi/metalProvider> (0x000000008a93a9c8) 
thrown [t:\workspace\open\src\hotspot\share\classfile\systemDictionary.cpp, line 256]
Event: 0.249 Thread 0x000001a237d012e0 Exception <a 'java/lang/ClassNotFoundException'{0x000000008a93e870}: com/sun/swing/internal/plaf/basic/resources/spi/basicProvider> (0x000000008a93e870) 
thrown [t:\workspace\open\src\hotspot\share\classfile\systemDictionary.cpp, line 256]
Event: 0.335 Thread 0x000001a258b83450 Exception <a 'java/lang/NoSuchMethodError'{0x000000008a767510}: 'java.lang.Object java.lang.invoke.DirectMethodHandle$Holder.newInvokeSpecial(java.lang.Object, java.lang.Object, java.lang.Object, int, int, int, int, int)'> (0x000000008a767510) 
thrown [t:\workspace\open\src\hotspot\share\interpreter\linkResolver.cpp, line 766]

VM Operations (6 events):
Event: 0.068 Executing VM operation: HandshakeAllThreads
Event: 0.068 Executing VM operation: HandshakeAllThreads done
Event: 0.272 Executing VM operation: HandshakeAllThreads
Event: 0.272 Executing VM operation: HandshakeAllThreads done
Event: 0.367 Executing VM operation: HandshakeAllThreads
Event: 0.367 Executing VM operation: HandshakeAllThreads done

Events (20 events):
Event: 0.338 loading class java/awt/image/SampleModel done
Event: 0.338 loading class java/awt/image/SinglePixelPackedSampleModel done
Event: 0.338 loading class sun/awt/image/IntegerInterleavedRaster
Event: 0.338 loading class sun/awt/image/IntegerComponentRaster
Event: 0.338 loading class sun/awt/image/IntegerComponentRaster done
Event: 0.338 loading class sun/awt/image/IntegerInterleavedRaster done
Event: 0.339 loading class java/awt/image/BufferedImage
Event: 0.339 loading class java/awt/image/WritableRenderedImage
Event: 0.339 loading class java/awt/image/RenderedImage
Event: 0.339 loading class java/awt/image/RenderedImage done
Event: 0.339 loading class java/awt/image/WritableRenderedImage done
Event: 0.340 loading class java/awt/image/BufferedImage done
Event: 0.340 loading class java/awt/image/BufferedImage$1
Event: 0.340 loading class java/awt/image/BufferedImage$1 done
Event: 0.367 loading class java/awt/image/ReplicateScaleFilter
Event: 0.367 loading class java/awt/image/ImageFilter
Event: 0.367 loading class java/awt/image/ImageFilter done
Event: 0.367 loading class java/awt/image/ReplicateScaleFilter done
Event: 0.368 loading class java/awt/image/FilteredImageSource
Event: 0.368 loading class java/awt/image/FilteredImageSource done


Dynamic libraries:
0x00007ff7161e0000 - 0x00007ff7161f0000 	C:\Program Files\Java\jdk-17.0.2\bin\java.exe
0x00007fff08f70000 - 0x00007fff09168000 	C:\WINDOWS\SYSTEM32\ntdll.dll
0x00007fff06160000 - 0x00007fff06179000 	C:\Program Files\Avast Software\Avast\aswhook.dll
0x00007fff08330000 - 0x00007fff083ef000 	C:\WINDOWS\System32\KERNEL32.DLL
0x00007fff06650000 - 0x00007fff06946000 	C:\WINDOWS\System32\KERNELBASE.dll
0x00007fff06bc0000 - 0x00007fff06cc0000 	C:\WINDOWS\System32\ucrtbase.dll
0x00007fff00510000 - 0x00007fff00528000 	C:\Program Files\Java\jdk-17.0.2\bin\jli.dll
0x00007ffef44a0000 - 0x00007ffef44ba000 	C:\Program Files\Java\jdk-17.0.2\bin\VCRUNTIME140.dll
0x00007fff06fd0000 - 0x00007fff0707f000 	C:\WINDOWS\System32\ADVAPI32.dll
0x00007fff08290000 - 0x00007fff0832e000 	C:\WINDOWS\System32\msvcrt.dll
0x00007fff081e0000 - 0x00007fff0827c000 	C:\WINDOWS\System32\sechost.dll
0x00007fff08480000 - 0x00007fff085a6000 	C:\WINDOWS\System32\RPCRT4.dll
0x00007fff07890000 - 0x00007fff07a2d000 	C:\WINDOWS\System32\USER32.dll
0x00007fff06950000 - 0x00007fff06972000 	C:\WINDOWS\System32\win32u.dll
0x00007fff083f0000 - 0x00007fff0841c000 	C:\WINDOWS\System32\GDI32.dll
0x00007fff059d0000 - 0x00007fff05c6a000 	C:\WINDOWS\WinSxS\amd64_microsoft.windows.common-controls_6595b64144ccf1df_6.0.19041.1110_none_60b5254171f9507e\COMCTL32.dll
0x00007fff069d0000 - 0x00007fff06ae5000 	C:\WINDOWS\System32\gdi32full.dll
0x00007fff06b20000 - 0x00007fff06bbd000 	C:\WINDOWS\System32\msvcp_win.dll
0x00007ffefd440000 - 0x00007ffefd44a000 	C:\WINDOWS\SYSTEM32\VERSION.dll
0x00007fff07090000 - 0x00007fff070c0000 	C:\WINDOWS\System32\IMM32.DLL
0x00007fff046e0000 - 0x00007fff046ec000 	C:\Program Files\Java\jdk-17.0.2\bin\vcruntime140_1.dll
0x00007ffec5290000 - 0x00007ffec531d000 	C:\Program Files\Java\jdk-17.0.2\bin\msvcp140.dll
0x00007ffeb4ae0000 - 0x00007ffeb56a1000 	C:\Program Files\Java\jdk-17.0.2\bin\server\jvm.dll
0x00007fff08280000 - 0x00007fff08288000 	C:\WINDOWS\System32\PSAPI.DLL
0x00007ffeec770000 - 0x00007ffeec779000 	C:\WINDOWS\SYSTEM32\WSOCK32.dll
0x00007ffee3160000 - 0x00007ffee3187000 	C:\WINDOWS\SYSTEM32\WINMM.dll
0x00007fff07d60000 - 0x00007fff07dcb000 	C:\WINDOWS\System32\WS2_32.dll
0x00007fff04180000 - 0x00007fff04192000 	C:\WINDOWS\SYSTEM32\kernel.appcore.dll
0x00007ffeffd20000 - 0x00007ffeffd2a000 	C:\Program Files\Java\jdk-17.0.2\bin\jimage.dll
0x00007fff05f60000 - 0x00007fff06144000 	C:\WINDOWS\SYSTEM32\DBGHELP.DLL
0x00007fff05d80000 - 0x00007fff05db4000 	C:\WINDOWS\SYSTEM32\dbgcore.DLL
0x00007fff06d70000 - 0x00007fff06df2000 	C:\WINDOWS\System32\bcryptPrimitives.dll
0x00007ffef1ee0000 - 0x00007ffef1f05000 	C:\Program Files\Java\jdk-17.0.2\bin\java.dll
0x00007ffecaef0000 - 0x00007ffecafc6000 	C:\Program Files\Java\jdk-17.0.2\bin\jsvml.dll
0x00007fff07120000 - 0x00007fff07864000 	C:\WINDOWS\System32\SHELL32.dll
0x00007fff039d0000 - 0x00007fff04163000 	C:\WINDOWS\SYSTEM32\windows.storage.dll
0x00007fff08760000 - 0x00007fff08ab4000 	C:\WINDOWS\System32\combase.dll
0x00007fff05930000 - 0x00007fff0595e000 	C:\WINDOWS\SYSTEM32\Wldp.dll
0x00007fff07f10000 - 0x00007fff07fbd000 	C:\WINDOWS\System32\SHCORE.dll
0x00007fff07d00000 - 0x00007fff07d55000 	C:\WINDOWS\System32\shlwapi.dll
0x00007fff06580000 - 0x00007fff065a5000 	C:\WINDOWS\SYSTEM32\profapi.dll
0x00007ffef1f80000 - 0x00007ffef1f99000 	C:\Program Files\Java\jdk-17.0.2\bin\net.dll
0x00007ffef9ef0000 - 0x00007ffef9ffa000 	C:\WINDOWS\SYSTEM32\WINHTTP.dll
0x00007fff05610000 - 0x00007fff0567a000 	C:\WINDOWS\system32\mswsock.dll
0x00007ffef1ec0000 - 0x00007ffef1ed6000 	C:\Program Files\Java\jdk-17.0.2\bin\nio.dll
0x00007ffef1ea0000 - 0x00007ffef1eb8000 	C:\Program Files\Java\jdk-17.0.2\bin\zip.dll
0x00007ffeb9540000 - 0x00007ffeb96cf000 	C:\Program Files\Java\jdk-17.0.2\bin\awt.dll
0x00007fff08690000 - 0x00007fff0875d000 	C:\WINDOWS\System32\OLEAUT32.dll
0x00007fff02f90000 - 0x00007fff03021000 	C:\WINDOWS\SYSTEM32\apphelp.dll
0x00007fff03330000 - 0x00007fff0335f000 	C:\WINDOWS\system32\DWMAPI.DLL
0x00007fff031d0000 - 0x00007fff0326e000 	C:\WINDOWS\system32\uxtheme.dll
0x00007ffef1340000 - 0x00007ffef1465000 	C:\WINDOWS\system32\opengl32.dll
0x00007ffefe720000 - 0x00007ffefe74c000 	C:\WINDOWS\SYSTEM32\GLU32.dll
0x00007fff07b60000 - 0x00007fff07c74000 	C:\WINDOWS\System32\MSCTF.dll
0x00007fff07a30000 - 0x00007fff07b5a000 	C:\WINDOWS\System32\ole32.dll

dbghelp: loaded successfully - version: 4.0.5 - missing functions: none
symbol engine: initialized successfully - sym options: 0x614 - pdb path: .;C:\Program Files\Java\jdk-17.0.2\bin;C:\WINDOWS\SYSTEM32;C:\Program Files\Avast Software\Avast;C:\WINDOWS\WinSxS\amd64_microsoft.windows.common-controls_6595b64144ccf1df_6.0.19041.1110_none_60b5254171f9507e;C:\Program Files\Java\jdk-17.0.2\bin\server

VM Arguments:
jvm_args: -Dfile.encoding=UTF-8 --module-path=C:\Users\HP\Documents\NetBeansProjects\Travel Management System\build\classes 
java_command: travel.management.system.signup
java_class_path (initial): C:\Users\HP\Downloads\mysql-connector-java-8.0.28.jar;C:\Users\HP\Documents\NetBeansProjects\Travel Management System\build\classes
Launcher Type: SUN_STANDARD

[Global flags]
     intx CICompilerCount                          = 4                                         {product} {ergonomic}
     uint ConcGCThreads                            = 2                                         {product} {ergonomic}
     uint G1ConcRefinementThreads                  = 8                                         {product} {ergonomic}
   size_t G1HeapRegionSize                         = 1048576                                   {product} {ergonomic}
    uintx GCDrainStackTargetSize                   = 64                                        {product} {ergonomic}
   size_t InitialHeapSize                          = 132120576                                 {product} {ergonomic}
   size_t MarkStackSize                            = 4194304                                   {product} {ergonomic}
   size_t MaxHeapSize                              = 2097152000                                {product} {ergonomic}
   size_t MaxNewSize                               = 1258291200                                {product} {ergonomic}
   size_t MinHeapDeltaBytes                        = 1048576                                   {product} {ergonomic}
   size_t MinHeapSize                              = 8388608                                   {product} {ergonomic}
    uintx NonNMethodCodeHeapSize                   = 5839372                                {pd product} {ergonomic}
    uintx NonProfiledCodeHeapSize                  = 122909434                              {pd product} {ergonomic}
    uintx ProfiledCodeHeapSize                     = 122909434                              {pd product} {ergonomic}
    uintx ReservedCodeCacheSize                    = 251658240                              {pd product} {ergonomic}
     bool SegmentedCodeCache                       = true                                      {product} {ergonomic}
   size_t SoftMaxHeapSize                          = 2097152000                             {manageable} {ergonomic}
     bool UseCompressedClassPointers               = true                           {product lp64_product} {ergonomic}
     bool UseCompressedOops                        = true                           {product lp64_product} {ergonomic}
     bool UseG1GC                                  = true                                      {product} {ergonomic}
     bool UseLargePagesIndividualAllocation        = false                                  {pd product} {ergonomic}

Logging:
Log output configuration:
 #0: stdout all=warning uptime,level,tags
 #1: stderr all=off uptime,level,tags

Environment Variables:
PATH=C:\Program Files\Java\jdk-17.0.2\bin;C:\Program Files\Common Files\Oracle\Java\javapath;C:\WINDOWS\system32;C:\WINDOWS;C:\WINDOWS\System32\Wbem;C:\WINDOWS\System32\WindowsPowerShell\v1.0\;C:\WINDOWS\System32\OpenSSH\;C:\MinGW\bin;C:\Program Files\MySQL\MySQL Shell 8.0\bin\;C:\Users\HP\AppData\Local\Microsoft\WindowsApps;C:\Users\HP\AppData\Local\Programs\Microsoft VS Code\bin;C:\MinGW\bin;
USERNAME=HP
OS=Windows_NT
PROCESSOR_IDENTIFIER=Intel64 Family 6 Model 166 Stepping 0, GenuineIntel



---------------  S Y S T E M  ---------------

OS:
 Windows 10 , 64 bit Build 19041 (10.0.19041.3155)
OS uptime: 24 days 5:22 hours

CPU: total 8 (initial active 8) (4 cores per cpu, 2 threads per core) family 6 model 166 stepping 0 microcode 0xe0, cx8, cmov, fxsr, ht, mmx, 3dnowpref, sse, sse2, sse3, ssse3, sse4.1, sse4.2, popcnt, lzcnt, tsc, tscinvbit, avx, avx2, aes, erms, clmul, bmi1, bmi2, adx, fma, vzeroupper, clflush, clflushopt

Memory: 4k page, system-wide physical 7996M (814M free)
TotalPageFile size 32572M (AvailPageFile size 5M)
current process WorkingSet (physical memory assigned to process): 57M, peak: 57M
current process commit charge ("private bytes"): 221M, peak: 221M

vm_info: Java HotSpot(TM) 64-Bit Server VM (17.0.2+8-LTS-86) for windows-amd64 JRE (17.0.2+8-LTS-86), built on Dec  7 2021 21:51:03 by "mach5one" with MS VC++ 16.8 / 16.9 (VS2019)

END.
