#
# There is insufficient memory for the Java Runtime Environment to continue.
# Native memory allocation (malloc) failed to allocate 645136 bytes for Chunk::new
# Possible reasons:
#   The system is out of physical RAM or swap space
#   The process is running with CompressedOops enabled, and the Java Heap may be blocking the growth of the native heap
# Possible solutions:
#   Reduce memory load on the system
#   Increase physical memory or swap space
#   Check if swap backing store is full
#   Decrease Java heap size (-Xmx/-Xms)
#   Decrease number of Java threads
#   Decrease Java thread stack sizes (-Xss)
#   Set larger code cache with -XX:ReservedCodeCacheSize=
#   JVM is running with Unscaled Compressed Oops mode in which the Java heap is
#     placed in the first 4GB address space. The Java Heap base address is the
#     maximum limit for the native heap growth. Please use -XX:HeapBaseMinAddress
#     to set the Java Heap base and to place the Java Heap above 4GB virtual address.
# This output file may be truncated or incomplete.
#
#  Out of Memory Error (arena.cpp:189), pid=35880, tid=30436
#
# JRE version: Java(TM) SE Runtime Environment (17.0.2+8) (build 17.0.2+8-LTS-86)
# Java VM: Java HotSpot(TM) 64-Bit Server VM (17.0.2+8-LTS-86, mixed mode, sharing, tiered, compressed oops, compressed class ptrs, g1 gc, windows-amd64)
# No core dump will be written. Minidumps are not enabled by default on client versions of Windows
#

---------------  S U M M A R Y ------------

Command Line: -Dfile.encoding=UTF-8 --module-path=C:\Users\HP\Documents\NetBeansProjects\Travel Management System\build\classes travel.management.system.signup

Host: Intel(R) Core(TM) i5-10210U CPU @ 1.60GHz, 8 cores, 7G,  Windows 10 , 64 bit Build 19041 (10.0.19041.3155)
Time: Thu Sep 21 18:28:54 2023 India Standard Time elapsed time: 0.451896 seconds (0d 0h 0m 0s)

---------------  T H R E A D  ---------------

Current thread (0x0000026166db78d0):  JavaThread "C2 CompilerThread0" daemon [_thread_in_native, id=30436, stack(0x0000008fac600000,0x0000008fac700000)]


Current CompileTask:
C2:    452  690       4       sun.awt.image.PNGImageDecoder::filterRow (460 bytes)

Stack: [0x0000008fac600000,0x0000008fac700000]
Native frames: (J=compiled Java code, j=interpreted, Vv=VM code, C=native code)
V  [jvm.dll+0x670baa]
V  [jvm.dll+0x7cfcb4]
V  [jvm.dll+0x7d145e]
V  [jvm.dll+0x7d1ac3]
V  [jvm.dll+0x242bc5]
V  [jvm.dll+0xaa57b]
V  [jvm.dll+0xaab0c]
V  [jvm.dll+0x2a991f]
V  [jvm.dll+0x5792d9]
V  [jvm.dll+0x21de3d]
V  [jvm.dll+0x21e21f]
V  [jvm.dll+0x217ae5]
V  [jvm.dll+0x214fab]
V  [jvm.dll+0x1a1bbd]
V  [jvm.dll+0x224908]
V  [jvm.dll+0x222a6c]
V  [jvm.dll+0x7859bb]
V  [jvm.dll+0x77ff7a]
V  [jvm.dll+0x66fa35]
C  [ucrtbase.dll+0x21bb2]
C  [KERNEL32.DLL+0x17614]
C  [ntdll.dll+0x526b1]


---------------  P R O C E S S  ---------------

Threads class SMR info:
_java_thread_list=0x0000026167b79570, length=18, elements={
0x0000026146e349d0, 0x0000026166d9d960, 0x0000026166d9e7d0, 0x0000026166daf8d0,
0x0000026166db2390, 0x0000026166db2d40, 0x0000026166db36f0, 0x0000026166db78d0,
0x0000026166db8370, 0x0000026166dc3d90, 0x0000026167835e30, 0x00000261678ea890,
0x00000261678eb190, 0x0000026167ad6010, 0x0000026167ad93b0, 0x0000026167ae08c0,
0x0000026167b7c020, 0x0000026168722130
}

Java Threads: ( => current thread )
  0x0000026146e349d0 JavaThread "main" [_thread_in_native, id=27896, stack(0x0000008fab900000,0x0000008faba00000)]
  0x0000026166d9d960 JavaThread "Reference Handler" daemon [_thread_blocked, id=48288, stack(0x0000008fac000000,0x0000008fac100000)]
  0x0000026166d9e7d0 JavaThread "Finalizer" daemon [_thread_blocked, id=17012, stack(0x0000008fac100000,0x0000008fac200000)]
  0x0000026166daf8d0 JavaThread "Signal Dispatcher" daemon [_thread_blocked, id=37212, stack(0x0000008fac200000,0x0000008fac300000)]
  0x0000026166db2390 JavaThread "Attach Listener" daemon [_thread_blocked, id=48052, stack(0x0000008fac300000,0x0000008fac400000)]
  0x0000026166db2d40 JavaThread "Service Thread" daemon [_thread_blocked, id=38268, stack(0x0000008fac400000,0x0000008fac500000)]
  0x0000026166db36f0 JavaThread "Monitor Deflation Thread" daemon [_thread_blocked, id=15676, stack(0x0000008fac500000,0x0000008fac600000)]
=>0x0000026166db78d0 JavaThread "C2 CompilerThread0" daemon [_thread_in_native, id=30436, stack(0x0000008fac600000,0x0000008fac700000)]
  0x0000026166db8370 JavaThread "C1 CompilerThread0" daemon [_thread_blocked, id=37040, stack(0x0000008fac700000,0x0000008fac800000)]
  0x0000026166dc3d90 JavaThread "Sweeper thread" daemon [_thread_blocked, id=44856, stack(0x0000008fac800000,0x0000008fac900000)]
  0x0000026167835e30 JavaThread "Common-Cleaner" daemon [_thread_blocked, id=49928, stack(0x0000008fac900000,0x0000008faca00000)]
  0x00000261678ea890 JavaThread "Notification Thread" daemon [_thread_blocked, id=27912, stack(0x0000008faca00000,0x0000008facb00000)]
  0x00000261678eb190 JavaThread "C2 CompilerThread1" daemon [_thread_in_native, id=44232, stack(0x0000008facc00000,0x0000008facd00000)]
  0x0000026167ad6010 JavaThread "Java2D Disposer" daemon [_thread_blocked, id=4880, stack(0x0000008facd00000,0x0000008face00000)]
  0x0000026167ad93b0 JavaThread "AWT-Shutdown" [_thread_blocked, id=40616, stack(0x0000008face00000,0x0000008facf00000)]
  0x0000026167ae08c0 JavaThread "AWT-Windows" daemon [_thread_in_native, id=11560, stack(0x0000008facf00000,0x0000008fad000000)]
  0x0000026167b7c020 JavaThread "Image Fetcher 0" daemon [_thread_blocked, id=26092, stack(0x0000008fad000000,0x0000008fad100000)]
  0x0000026168722130 JavaThread "AWT-EventQueue-0" [_thread_blocked, id=30136, stack(0x0000008fad100000,0x0000008fad200000)]

Other Threads:
  0x0000026166d99560 VMThread "VM Thread" [stack: 0x0000008fabf00000,0x0000008fac000000] [id=28444]
  0x00000261678ead60 WatcherThread [stack: 0x0000008facb00000,0x0000008facc00000] [id=1540]
  0x0000026146e6f850 GCTaskThread "GC Thread#0" [stack: 0x0000008faba00000,0x0000008fabb00000] [id=34788]
  0x0000026146e82280 ConcurrentGCThread "G1 Main Marker" [stack: 0x0000008fabb00000,0x0000008fabc00000] [id=49380]
  0x0000026146e84440 ConcurrentGCThread "G1 Conc#0" [stack: 0x0000008fabc00000,0x0000008fabd00000] [id=20932]
  0x0000026146f0c380 ConcurrentGCThread "G1 Refine#0" [stack: 0x0000008fabd00000,0x0000008fabe00000] [id=33208]
  0x0000026146f0cda0 ConcurrentGCThread "G1 Service" [stack: 0x0000008fabe00000,0x0000008fabf00000] [id=41604]

Threads with active compile tasks:
C2 CompilerThread0      486  690       4       sun.awt.image.PNGImageDecoder::filterRow (460 bytes)
C2 CompilerThread1      486  728       4       java.util.HashMap::getNode (150 bytes)

VM state: not at safepoint (normal execution)

VM Mutex/Monitor currently owned by a thread: None

Heap address: 0x0000000083000000, size: 2000 MB, Compressed Oops mode: 32-bit

CDS archive(s) mapped at: [0x0000000800000000-0x0000000800bc0000-0x0000000800bc0000), size 12320768, SharedBaseAddress: 0x0000000800000000, ArchiveRelocationMode: 0.
Compressed class space mapped at: 0x0000000800c00000-0x0000000840c00000, reserved size: 1073741824
Narrow klass base: 0x0000000800000000, Narrow klass shift: 0, Narrow klass range: 0x100000000

GC Precious Log:
 CPUs: 8 total, 8 available
 Memory: 7996M
 Large Page Support: Disabled
 NUMA Support: Disabled
 Compressed Oops: Enabled (32-bit)
 Heap Region Size: 1M
 Heap Min Capacity: 8M
 Heap Initial Capacity: 126M
 Heap Max Capacity: 2000M
 Pre-touch: Disabled
 Parallel Workers: 8
 Concurrent Workers: 2
 Concurrent Refinement Workers: 8
 Periodic GC: Disabled

Heap:
 garbage-first heap   total 129024K, used 10240K [0x0000000083000000, 0x0000000100000000)
  region size 1024K, 9 young (9216K), 0 survivors (0K)
 Metaspace       used 7046K, committed 7232K, reserved 1056768K
  class space    used 801K, committed 896K, reserved 1048576K

Heap Regions: E=young(eden), S=young(survivor), O=old, HS=humongous(starts), HC=humongous(continues), CS=collection set, F=free, OA=open archive, CA=closed archive, TAMS=top-at-mark-start (previous, next)
|   0|0x0000000083000000, 0x0000000083100000, 0x0000000083100000|100%|HS|  |TAMS 0x0000000083000000, 0x0000000083000000| Complete 
|   1|0x0000000083100000, 0x0000000083200000, 0x0000000083200000|100%|HC|  |TAMS 0x0000000083100000, 0x0000000083100000| Complete 
|   2|0x0000000083200000, 0x0000000083200000, 0x0000000083300000|  0%| F|  |TAMS 0x0000000083200000, 0x0000000083200000| Untracked 
|   3|0x0000000083300000, 0x0000000083300000, 0x0000000083400000|  0%| F|  |TAMS 0x0000000083300000, 0x0000000083300000| Untracked 
|   4|0x0000000083400000, 0x0000000083400000, 0x0000000083500000|  0%| F|  |TAMS 0x0000000083400000, 0x0000000083400000| Untracked 
|   5|0x0000000083500000, 0x0000000083500000, 0x0000000083600000|  0%| F|  |TAMS 0x0000000083500000, 0x0000000083500000| Untracked 
|   6|0x0000000083600000, 0x0000000083600000, 0x0000000083700000|  0%| F|  |TAMS 0x0000000083600000, 0x0000000083600000| Untracked 
|   7|0x0000000083700000, 0x0000000083700000, 0x0000000083800000|  0%| F|  |TAMS 0x0000000083700000, 0x0000000083700000| Untracked 
|   8|0x0000000083800000, 0x0000000083800000, 0x0000000083900000|  0%| F|  |TAMS 0x0000000083800000, 0x0000000083800000| Untracked 
|   9|0x0000000083900000, 0x0000000083900000, 0x0000000083a00000|  0%| F|  |TAMS 0x0000000083900000, 0x0000000083900000| Untracked 
|  10|0x0000000083a00000, 0x0000000083a00000, 0x0000000083b00000|  0%| F|  |TAMS 0x0000000083a00000, 0x0000000083a00000| Untracked 
|  11|0x0000000083b00000, 0x0000000083b00000, 0x0000000083c00000|  0%| F|  |TAMS 0x0000000083b00000, 0x0000000083b00000| Untracked 
|  12|0x0000000083c00000, 0x0000000083c00000, 0x0000000083d00000|  0%| F|  |TAMS 0x0000000083c00000, 0x0000000083c00000| Untracked 
|  13|0x0000000083d00000, 0x0000000083d00000, 0x0000000083e00000|  0%| F|  |TAMS 0x0000000083d00000, 0x0000000083d00000| Untracked 
|  14|0x0000000083e00000, 0x0000000083e00000, 0x0000000083f00000|  0%| F|  |TAMS 0x0000000083e00000, 0x0000000083e00000| Untracked 
|  15|0x0000000083f00000, 0x0000000083f00000, 0x0000000084000000|  0%| F|  |TAMS 0x0000000083f00000, 0x0000000083f00000| Untracked 
|  16|0x0000000084000000, 0x0000000084000000, 0x0000000084100000|  0%| F|  |TAMS 0x0000000084000000, 0x0000000084000000| Untracked 
|  17|0x0000000084100000, 0x0000000084100000, 0x0000000084200000|  0%| F|  |TAMS 0x0000000084100000, 0x0000000084100000| Untracked 
|  18|0x0000000084200000, 0x0000000084200000, 0x0000000084300000|  0%| F|  |TAMS 0x0000000084200000, 0x0000000084200000| Untracked 
|  19|0x0000000084300000, 0x0000000084300000, 0x0000000084400000|  0%| F|  |TAMS 0x0000000084300000, 0x0000000084300000| Untracked 
|  20|0x0000000084400000, 0x0000000084400000, 0x0000000084500000|  0%| F|  |TAMS 0x0000000084400000, 0x0000000084400000| Untracked 
|  21|0x0000000084500000, 0x0000000084500000, 0x0000000084600000|  0%| F|  |TAMS 0x0000000084500000, 0x0000000084500000| Untracked 
|  22|0x0000000084600000, 0x0000000084600000, 0x0000000084700000|  0%| F|  |TAMS 0x0000000084600000, 0x0000000084600000| Untracked 
|  23|0x0000000084700000, 0x0000000084700000, 0x0000000084800000|  0%| F|  |TAMS 0x0000000084700000, 0x0000000084700000| Untracked 
|  24|0x0000000084800000, 0x0000000084800000, 0x0000000084900000|  0%| F|  |TAMS 0x0000000084800000, 0x0000000084800000| Untracked 
|  25|0x0000000084900000, 0x0000000084900000, 0x0000000084a00000|  0%| F|  |TAMS 0x0000000084900000, 0x0000000084900000| Untracked 
|  26|0x0000000084a00000, 0x0000000084a00000, 0x0000000084b00000|  0%| F|  |TAMS 0x0000000084a00000, 0x0000000084a00000| Untracked 
|  27|0x0000000084b00000, 0x0000000084b00000, 0x0000000084c00000|  0%| F|  |TAMS 0x0000000084b00000, 0x0000000084b00000| Untracked 
|  28|0x0000000084c00000, 0x0000000084c00000, 0x0000000084d00000|  0%| F|  |TAMS 0x0000000084c00000, 0x0000000084c00000| Untracked 
|  29|0x0000000084d00000, 0x0000000084d00000, 0x0000000084e00000|  0%| F|  |TAMS 0x0000000084d00000, 0x0000000084d00000| Untracked 
|  30|0x0000000084e00000, 0x0000000084e00000, 0x0000000084f00000|  0%| F|  |TAMS 0x0000000084e00000, 0x0000000084e00000| Untracked 
|  31|0x0000000084f00000, 0x0000000084f00000, 0x0000000085000000|  0%| F|  |TAMS 0x0000000084f00000, 0x0000000084f00000| Untracked 
|  32|0x0000000085000000, 0x0000000085000000, 0x0000000085100000|  0%| F|  |TAMS 0x0000000085000000, 0x0000000085000000| Untracked 
|  33|0x0000000085100000, 0x0000000085100000, 0x0000000085200000|  0%| F|  |TAMS 0x0000000085100000, 0x0000000085100000| Untracked 
|  34|0x0000000085200000, 0x0000000085200000, 0x0000000085300000|  0%| F|  |TAMS 0x0000000085200000, 0x0000000085200000| Untracked 
|  35|0x0000000085300000, 0x0000000085300000, 0x0000000085400000|  0%| F|  |TAMS 0x0000000085300000, 0x0000000085300000| Untracked 
|  36|0x0000000085400000, 0x0000000085400000, 0x0000000085500000|  0%| F|  |TAMS 0x0000000085400000, 0x0000000085400000| Untracked 
|  37|0x0000000085500000, 0x0000000085500000, 0x0000000085600000|  0%| F|  |TAMS 0x0000000085500000, 0x0000000085500000| Untracked 
|  38|0x0000000085600000, 0x0000000085600000, 0x0000000085700000|  0%| F|  |TAMS 0x0000000085600000, 0x0000000085600000| Untracked 
|  39|0x0000000085700000, 0x0000000085700000, 0x0000000085800000|  0%| F|  |TAMS 0x0000000085700000, 0x0000000085700000| Untracked 
|  40|0x0000000085800000, 0x0000000085800000, 0x0000000085900000|  0%| F|  |TAMS 0x0000000085800000, 0x0000000085800000| Untracked 
|  41|0x0000000085900000, 0x0000000085900000, 0x0000000085a00000|  0%| F|  |TAMS 0x0000000085900000, 0x0000000085900000| Untracked 
|  42|0x0000000085a00000, 0x0000000085a00000, 0x0000000085b00000|  0%| F|  |TAMS 0x0000000085a00000, 0x0000000085a00000| Untracked 
|  43|0x0000000085b00000, 0x0000000085b00000, 0x0000000085c00000|  0%| F|  |TAMS 0x0000000085b00000, 0x0000000085b00000| Untracked 
|  44|0x0000000085c00000, 0x0000000085c00000, 0x0000000085d00000|  0%| F|  |TAMS 0x0000000085c00000, 0x0000000085c00000| Untracked 
|  45|0x0000000085d00000, 0x0000000085d00000, 0x0000000085e00000|  0%| F|  |TAMS 0x0000000085d00000, 0x0000000085d00000| Untracked 
|  46|0x0000000085e00000, 0x0000000085e00000, 0x0000000085f00000|  0%| F|  |TAMS 0x0000000085e00000, 0x0000000085e00000| Untracked 
|  47|0x0000000085f00000, 0x0000000085f00000, 0x0000000086000000|  0%| F|  |TAMS 0x0000000085f00000, 0x0000000085f00000| Untracked 
|  48|0x0000000086000000, 0x0000000086000000, 0x0000000086100000|  0%| F|  |TAMS 0x0000000086000000, 0x0000000086000000| Untracked 
|  49|0x0000000086100000, 0x0000000086100000, 0x0000000086200000|  0%| F|  |TAMS 0x0000000086100000, 0x0000000086100000| Untracked 
|  50|0x0000000086200000, 0x0000000086200000, 0x0000000086300000|  0%| F|  |TAMS 0x0000000086200000, 0x0000000086200000| Untracked 
|  51|0x0000000086300000, 0x0000000086300000, 0x0000000086400000|  0%| F|  |TAMS 0x0000000086300000, 0x0000000086300000| Untracked 
|  52|0x0000000086400000, 0x0000000086400000, 0x0000000086500000|  0%| F|  |TAMS 0x0000000086400000, 0x0000000086400000| Untracked 
|  53|0x0000000086500000, 0x0000000086500000, 0x0000000086600000|  0%| F|  |TAMS 0x0000000086500000, 0x0000000086500000| Untracked 
|  54|0x0000000086600000, 0x0000000086600000, 0x0000000086700000|  0%| F|  |TAMS 0x0000000086600000, 0x0000000086600000| Untracked 
|  55|0x0000000086700000, 0x0000000086700000, 0x0000000086800000|  0%| F|  |TAMS 0x0000000086700000, 0x0000000086700000| Untracked 
|  56|0x0000000086800000, 0x0000000086800000, 0x0000000086900000|  0%| F|  |TAMS 0x0000000086800000, 0x0000000086800000| Untracked 
|  57|0x0000000086900000, 0x0000000086900000, 0x0000000086a00000|  0%| F|  |TAMS 0x0000000086900000, 0x0000000086900000| Untracked 
|  58|0x0000000086a00000, 0x0000000086a00000, 0x0000000086b00000|  0%| F|  |TAMS 0x0000000086a00000, 0x0000000086a00000| Untracked 
|  59|0x0000000086b00000, 0x0000000086b00000, 0x0000000086c00000|  0%| F|  |TAMS 0x0000000086b00000, 0x0000000086b00000| Untracked 
|  60|0x0000000086c00000, 0x0000000086c00000, 0x0000000086d00000|  0%| F|  |TAMS 0x0000000086c00000, 0x0000000086c00000| Untracked 
|  61|0x0000000086d00000, 0x0000000086d00000, 0x0000000086e00000|  0%| F|  |TAMS 0x0000000086d00000, 0x0000000086d00000| Untracked 
|  62|0x0000000086e00000, 0x0000000086e00000, 0x0000000086f00000|  0%| F|  |TAMS 0x0000000086e00000, 0x0000000086e00000| Untracked 
|  63|0x0000000086f00000, 0x0000000086f00000, 0x0000000087000000|  0%| F|  |TAMS 0x0000000086f00000, 0x0000000086f00000| Untracked 
|  64|0x0000000087000000, 0x0000000087000000, 0x0000000087100000|  0%| F|  |TAMS 0x0000000087000000, 0x0000000087000000| Untracked 
|  65|0x0000000087100000, 0x0000000087100000, 0x0000000087200000|  0%| F|  |TAMS 0x0000000087100000, 0x0000000087100000| Untracked 
|  66|0x0000000087200000, 0x0000000087200000, 0x0000000087300000|  0%| F|  |TAMS 0x0000000087200000, 0x0000000087200000| Untracked 
|  67|0x0000000087300000, 0x0000000087300000, 0x0000000087400000|  0%| F|  |TAMS 0x0000000087300000, 0x0000000087300000| Untracked 
|  68|0x0000000087400000, 0x0000000087400000, 0x0000000087500000|  0%| F|  |TAMS 0x0000000087400000, 0x0000000087400000| Untracked 
|  69|0x0000000087500000, 0x0000000087500000, 0x0000000087600000|  0%| F|  |TAMS 0x0000000087500000, 0x0000000087500000| Untracked 
|  70|0x0000000087600000, 0x0000000087600000, 0x0000000087700000|  0%| F|  |TAMS 0x0000000087600000, 0x0000000087600000| Untracked 
|  71|0x0000000087700000, 0x0000000087700000, 0x0000000087800000|  0%| F|  |TAMS 0x0000000087700000, 0x0000000087700000| Untracked 
|  72|0x0000000087800000, 0x0000000087800000, 0x0000000087900000|  0%| F|  |TAMS 0x0000000087800000, 0x0000000087800000| Untracked 
|  73|0x0000000087900000, 0x0000000087900000, 0x0000000087a00000|  0%| F|  |TAMS 0x0000000087900000, 0x0000000087900000| Untracked 
|  74|0x0000000087a00000, 0x0000000087a00000, 0x0000000087b00000|  0%| F|  |TAMS 0x0000000087a00000, 0x0000000087a00000| Untracked 
|  75|0x0000000087b00000, 0x0000000087b00000, 0x0000000087c00000|  0%| F|  |TAMS 0x0000000087b00000, 0x0000000087b00000| Untracked 
|  76|0x0000000087c00000, 0x0000000087c00000, 0x0000000087d00000|  0%| F|  |TAMS 0x0000000087c00000, 0x0000000087c00000| Untracked 
|  77|0x0000000087d00000, 0x0000000087d00000, 0x0000000087e00000|  0%| F|  |TAMS 0x0000000087d00000, 0x0000000087d00000| Untracked 
|  78|0x0000000087e00000, 0x0000000087e00000, 0x0000000087f00000|  0%| F|  |TAMS 0x0000000087e00000, 0x0000000087e00000| Untracked 
|  79|0x0000000087f00000, 0x0000000087f00000, 0x0000000088000000|  0%| F|  |TAMS 0x0000000087f00000, 0x0000000087f00000| Untracked 
|  80|0x0000000088000000, 0x0000000088000000, 0x0000000088100000|  0%| F|  |TAMS 0x0000000088000000, 0x0000000088000000| Untracked 
|  81|0x0000000088100000, 0x0000000088100000, 0x0000000088200000|  0%| F|  |TAMS 0x0000000088100000, 0x0000000088100000| Untracked 
|  82|0x0000000088200000, 0x0000000088200000, 0x0000000088300000|  0%| F|  |TAMS 0x0000000088200000, 0x0000000088200000| Untracked 
|  83|0x0000000088300000, 0x0000000088300000, 0x0000000088400000|  0%| F|  |TAMS 0x0000000088300000, 0x0000000088300000| Untracked 
|  84|0x0000000088400000, 0x0000000088400000, 0x0000000088500000|  0%| F|  |TAMS 0x0000000088400000, 0x0000000088400000| Untracked 
|  85|0x0000000088500000, 0x0000000088500000, 0x0000000088600000|  0%| F|  |TAMS 0x0000000088500000, 0x0000000088500000| Untracked 
|  86|0x0000000088600000, 0x0000000088600000, 0x0000000088700000|  0%| F|  |TAMS 0x0000000088600000, 0x0000000088600000| Untracked 
|  87|0x0000000088700000, 0x0000000088700000, 0x0000000088800000|  0%| F|  |TAMS 0x0000000088700000, 0x0000000088700000| Untracked 
|  88|0x0000000088800000, 0x0000000088800000, 0x0000000088900000|  0%| F|  |TAMS 0x0000000088800000, 0x0000000088800000| Untracked 
|  89|0x0000000088900000, 0x0000000088900000, 0x0000000088a00000|  0%| F|  |TAMS 0x0000000088900000, 0x0000000088900000| Untracked 
|  90|0x0000000088a00000, 0x0000000088a00000, 0x0000000088b00000|  0%| F|  |TAMS 0x0000000088a00000, 0x0000000088a00000| Untracked 
|  91|0x0000000088b00000, 0x0000000088b00000, 0x0000000088c00000|  0%| F|  |TAMS 0x0000000088b00000, 0x0000000088b00000| Untracked 
|  92|0x0000000088c00000, 0x0000000088c00000, 0x0000000088d00000|  0%| F|  |TAMS 0x0000000088c00000, 0x0000000088c00000| Untracked 
|  93|0x0000000088d00000, 0x0000000088d00000, 0x0000000088e00000|  0%| F|  |TAMS 0x0000000088d00000, 0x0000000088d00000| Untracked 
|  94|0x0000000088e00000, 0x0000000088e00000, 0x0000000088f00000|  0%| F|  |TAMS 0x0000000088e00000, 0x0000000088e00000| Untracked 
|  95|0x0000000088f00000, 0x0000000088f00000, 0x0000000089000000|  0%| F|  |TAMS 0x0000000088f00000, 0x0000000088f00000| Untracked 
|  96|0x0000000089000000, 0x0000000089000000, 0x0000000089100000|  0%| F|  |TAMS 0x0000000089000000, 0x0000000089000000| Untracked 
|  97|0x0000000089100000, 0x0000000089100000, 0x0000000089200000|  0%| F|  |TAMS 0x0000000089100000, 0x0000000089100000| Untracked 
|  98|0x0000000089200000, 0x0000000089200000, 0x0000000089300000|  0%| F|  |TAMS 0x0000000089200000, 0x0000000089200000| Untracked 
|  99|0x0000000089300000, 0x0000000089300000, 0x0000000089400000|  0%| F|  |TAMS 0x0000000089300000, 0x0000000089300000| Untracked 
| 100|0x0000000089400000, 0x0000000089400000, 0x0000000089500000|  0%| F|  |TAMS 0x0000000089400000, 0x0000000089400000| Untracked 
| 101|0x0000000089500000, 0x0000000089500000, 0x0000000089600000|  0%| F|  |TAMS 0x0000000089500000, 0x0000000089500000| Untracked 
| 102|0x0000000089600000, 0x0000000089600000, 0x0000000089700000|  0%| F|  |TAMS 0x0000000089600000, 0x0000000089600000| Untracked 
| 103|0x0000000089700000, 0x0000000089700000, 0x0000000089800000|  0%| F|  |TAMS 0x0000000089700000, 0x0000000089700000| Untracked 
| 104|0x0000000089800000, 0x0000000089800000, 0x0000000089900000|  0%| F|  |TAMS 0x0000000089800000, 0x0000000089800000| Untracked 
| 105|0x0000000089900000, 0x0000000089900000, 0x0000000089a00000|  0%| F|  |TAMS 0x0000000089900000, 0x0000000089900000| Untracked 
| 106|0x0000000089a00000, 0x0000000089a00000, 0x0000000089b00000|  0%| F|  |TAMS 0x0000000089a00000, 0x0000000089a00000| Untracked 
| 107|0x0000000089b00000, 0x0000000089b00000, 0x0000000089c00000|  0%| F|  |TAMS 0x0000000089b00000, 0x0000000089b00000| Untracked 
| 108|0x0000000089c00000, 0x0000000089c00000, 0x0000000089d00000|  0%| F|  |TAMS 0x0000000089c00000, 0x0000000089c00000| Untracked 
| 109|0x0000000089d00000, 0x0000000089d00000, 0x0000000089e00000|  0%| F|  |TAMS 0x0000000089d00000, 0x0000000089d00000| Untracked 
| 110|0x0000000089e00000, 0x0000000089e00000, 0x0000000089f00000|  0%| F|  |TAMS 0x0000000089e00000, 0x0000000089e00000| Untracked 
| 111|0x0000000089f00000, 0x0000000089f00000, 0x000000008a000000|  0%| F|  |TAMS 0x0000000089f00000, 0x0000000089f00000| Untracked 
| 112|0x000000008a000000, 0x000000008a000000, 0x000000008a100000|  0%| F|  |TAMS 0x000000008a000000, 0x000000008a000000| Untracked 
| 113|0x000000008a100000, 0x000000008a100000, 0x000000008a200000|  0%| F|  |TAMS 0x000000008a100000, 0x000000008a100000| Untracked 
| 114|0x000000008a200000, 0x000000008a200000, 0x000000008a300000|  0%| F|  |TAMS 0x000000008a200000, 0x000000008a200000| Untracked 
| 115|0x000000008a300000, 0x000000008a300000, 0x000000008a400000|  0%| F|  |TAMS 0x000000008a300000, 0x000000008a300000| Untracked 
| 116|0x000000008a400000, 0x000000008a400000, 0x000000008a500000|  0%| F|  |TAMS 0x000000008a400000, 0x000000008a400000| Untracked 
| 117|0x000000008a500000, 0x000000008a5ec498, 0x000000008a600000| 92%| E|  |TAMS 0x000000008a500000, 0x000000008a500000| Complete 
| 118|0x000000008a600000, 0x000000008a700000, 0x000000008a700000|100%| E|CS|TAMS 0x000000008a600000, 0x000000008a600000| Complete 
| 119|0x000000008a700000, 0x000000008a800000, 0x000000008a800000|100%| E|CS|TAMS 0x000000008a700000, 0x000000008a700000| Complete 
| 120|0x000000008a800000, 0x000000008a900000, 0x000000008a900000|100%| E|CS|TAMS 0x000000008a800000, 0x000000008a800000| Complete 
| 121|0x000000008a900000, 0x000000008aa00000, 0x000000008aa00000|100%| E|CS|TAMS 0x000000008a900000, 0x000000008a900000| Complete 
| 122|0x000000008aa00000, 0x000000008ab00000, 0x000000008ab00000|100%| E|CS|TAMS 0x000000008aa00000, 0x000000008aa00000| Complete 
| 123|0x000000008ab00000, 0x000000008ac00000, 0x000000008ac00000|100%| E|CS|TAMS 0x000000008ab00000, 0x000000008ab00000| Complete 
| 124|0x000000008ac00000, 0x000000008ad00000, 0x000000008ad00000|100%| E|CS|TAMS 0x000000008ac00000, 0x000000008ac00000| Complete 
| 125|0x000000008ad00000, 0x000000008ae00000, 0x000000008ae00000|100%| E|CS|TAMS 0x000000008ad00000, 0x000000008ad00000| Complete 

Card table byte_map: [0x000002615fcd0000,0x00000261600c0000] _byte_map_base: 0x000002615f8b8000

Marking Bits (Prev, Next): (CMBitMap*) 0x0000026146e70e70, (CMBitMap*) 0x0000026146e70eb0
 Prev Bits: [0x00000261604b0000, 0x00000261623f0000)
 Next Bits: [0x00000261623f0000, 0x0000026164330000)

Polling page: 0x0000026146f10000

Metaspace:

Usage:
  Non-class:      6.12 MB used.
      Class:    804.95 KB used.
       Both:      6.91 MB used.

Virtual space:
  Non-class space:        8.00 MB reserved,       6.25 MB ( 78%) committed,  1 nodes.
      Class space:        1.00 GB reserved,     896.00 KB ( <1%) committed,  1 nodes.
             Both:        1.01 GB reserved,       7.12 MB ( <1%) committed. 

Chunk freelists:
   Non-Class:  1010.00 KB
       Class:  3.11 MB
        Both:  4.10 MB

MaxMetaspaceSize: unlimited
CompressedClassSpaceSize: 1.00 GB
Initial GC threshold: 21.00 MB
Current GC threshold: 21.00 MB
CDS: on
MetaspaceReclaimPolicy: balanced
 - commit_granule_bytes: 65536.
 - commit_granule_words: 8192.
 - virtual_space_node_default_size: 1048576.
 - enlarge_chunks_in_place: 1.
 - new_chunks_are_fully_committed: 0.
 - uncommit_free_chunks: 1.
 - use_allocation_guard: 0.
 - handle_deallocations: 1.


Internal statistics:

num_allocs_failed_limit: 0.
num_arena_births: 118.
num_arena_deaths: 0.
num_vsnodes_births: 2.
num_vsnodes_deaths: 0.
num_space_committed: 114.
num_space_uncommitted: 0.
num_chunks_returned_to_freelist: 0.
num_chunks_taken_from_freelist: 171.
num_chunk_merges: 0.
num_chunk_splits: 89.
num_chunks_enlarged: 21.
num_purges: 0.
num_inconsistent_stats: 0.

CodeHeap 'non-profiled nmethods': size=120000Kb used=254Kb max_used=254Kb free=119745Kb
 bounds [0x0000026157950000, 0x0000026157bc0000, 0x000002615ee80000]
CodeHeap 'profiled nmethods': size=120000Kb used=1293Kb max_used=1293Kb free=118706Kb
 bounds [0x0000026150420000, 0x0000026150690000, 0x0000026157950000]
CodeHeap 'non-nmethods': size=5760Kb used=1247Kb max_used=1283Kb free=4512Kb
 bounds [0x000002614fe80000, 0x00000261500f0000, 0x0000026150420000]
 total_blobs=1374 nmethods=807 adapters=480
 compilation: enabled
              stopped_count=0, restarted_count=0
 full_count=0

Compilation events (20 events):
Event: 0.433 Thread 0x0000026166db8370 nmethod 738 0x0000026150544f10 code [0x00000261505450e0, 0x0000026150545678]
Event: 0.434 Thread 0x0000026166db8370  739       1       sun.java2d.loops.GraphicsPrimitive::getUniqueID (5 bytes)
Event: 0.434 Thread 0x0000026166db8370 nmethod 739 0x0000026157987f10 code [0x00000261579880a0, 0x0000026157988178]
Event: 0.434 Thread 0x0000026166db8370  741       3       sun.java2d.loops.GraphicsPrimitiveMgr$1::compare (33 bytes)
Event: 0.434 Thread 0x0000026166db8370 nmethod 741 0x0000026150545890 code [0x0000026150545a40, 0x0000026150545c78]
Event: 0.434 Thread 0x0000026166db8370  740       3       sun.java2d.loops.GraphicsPrimitiveMgr$1::compare (13 bytes)
Event: 0.435 Thread 0x0000026166db8370 nmethod 740 0x0000026150545d90 code [0x0000026150545f60, 0x00000261505463f8]
Event: 0.435 Thread 0x0000026166db8370  742       3       sun.java2d.loops.GraphicsPrimitiveMgr$2::compare (39 bytes)
Event: 0.435 Thread 0x0000026166db8370 nmethod 742 0x0000026150546590 code [0x0000026150546760, 0x0000026150546b78]
Event: 0.435 Thread 0x0000026166db8370  743       1       sun.java2d.loops.CompositeType::getSuperType (5 bytes)
Event: 0.435 Thread 0x0000026166db8370 nmethod 743 0x0000026157988210 code [0x00000261579883a0, 0x0000026157988478]
Event: 0.435 Thread 0x0000026166db8370  744       3       sun.java2d.loops.GraphicsPrimitiveMgr::locate (104 bytes)
Event: 0.436 Thread 0x0000026166db8370 nmethod 744 0x0000026150546c90 code [0x0000026150546ec0, 0x0000026150547938]
Event: 0.436 Thread 0x0000026166db8370  746       3       java.util.Arrays::binarySearch0 (95 bytes)
Event: 0.436 Thread 0x0000026166db8370 nmethod 746 0x0000026150547b90 code [0x0000026150547d60, 0x0000026150548198]
Event: 0.436 Thread 0x0000026166db8370  745       3       java.util.Arrays::binarySearch (10 bytes)
Event: 0.436 Thread 0x0000026166db8370 nmethod 745 0x0000026150548310 code [0x00000261505484a0, 0x00000261505485c8]
Event: 0.436 Thread 0x0000026166db8370  747       1       sun.java2d.loops.SurfaceType::getSuperType (5 bytes)
Event: 0.437 Thread 0x0000026166db8370 nmethod 747 0x0000026157988510 code [0x00000261579886a0, 0x0000026157988778]
Event: 0.449 Thread 0x0000026166db8370  750       3       java.lang.invoke.MethodHandles$Lookup::in (283 bytes)

GC Heap History (0 events):
No events

Deoptimization events (20 events):
Event: 0.408 Thread 0x0000026167b7c020 DEOPT PACKING pc=0x000002615051b66d sp=0x0000008fad0ff490
Event: 0.408 Thread 0x0000026167b7c020 DEOPT UNPACKING pc=0x000002614fed2b43 sp=0x0000008fad0fe900 mode 0
Event: 0.409 Thread 0x0000026167b7c020 DEOPT PACKING pc=0x000002615051b66d sp=0x0000008fad0ff490
Event: 0.409 Thread 0x0000026167b7c020 DEOPT UNPACKING pc=0x000002614fed2b43 sp=0x0000008fad0fe900 mode 0
Event: 0.409 Thread 0x0000026167b7c020 DEOPT PACKING pc=0x000002615051b66d sp=0x0000008fad0ff490
Event: 0.409 Thread 0x0000026167b7c020 DEOPT UNPACKING pc=0x000002614fed2b43 sp=0x0000008fad0fe900 mode 0
Event: 0.409 Thread 0x0000026167b7c020 DEOPT PACKING pc=0x000002615051b66d sp=0x0000008fad0ff490
Event: 0.409 Thread 0x0000026167b7c020 DEOPT UNPACKING pc=0x000002614fed2b43 sp=0x0000008fad0fe900 mode 0
Event: 0.409 Thread 0x0000026167b7c020 DEOPT PACKING pc=0x000002615051b66d sp=0x0000008fad0ff490
Event: 0.409 Thread 0x0000026167b7c020 DEOPT UNPACKING pc=0x000002614fed2b43 sp=0x0000008fad0fe900 mode 0
Event: 0.409 Thread 0x0000026167b7c020 DEOPT PACKING pc=0x000002615051b66d sp=0x0000008fad0ff490
Event: 0.409 Thread 0x0000026167b7c020 DEOPT UNPACKING pc=0x000002614fed2b43 sp=0x0000008fad0fe900 mode 0
Event: 0.409 Thread 0x0000026167b7c020 DEOPT PACKING pc=0x000002615051b66d sp=0x0000008fad0ff490
Event: 0.409 Thread 0x0000026167b7c020 DEOPT UNPACKING pc=0x000002614fed2b43 sp=0x0000008fad0fe900 mode 0
Event: 0.409 Thread 0x0000026167b7c020 DEOPT PACKING pc=0x000002615051b66d sp=0x0000008fad0ff490
Event: 0.409 Thread 0x0000026167b7c020 DEOPT UNPACKING pc=0x000002614fed2b43 sp=0x0000008fad0fe900 mode 0
Event: 0.410 Thread 0x0000026167b7c020 Uncommon trap: trap_request=0xffffff45 fr.pc=0x0000026157985dfc relative=0x000000000000123c
Event: 0.410 Thread 0x0000026167b7c020 Uncommon trap: reason=unstable_if action=reinterpret pc=0x0000026157985dfc method=sun.awt.image.PNGImageDecoder.produceImage()V @ 867 c2
Event: 0.410 Thread 0x0000026167b7c020 DEOPT PACKING pc=0x0000026157985dfc sp=0x0000008fad0ff510
Event: 0.410 Thread 0x0000026167b7c020 DEOPT UNPACKING pc=0x000002614fed23a3 sp=0x0000008fad0ff460 mode 2

Classes unloaded (0 events):
No events

Classes redefined (0 events):
No events

Internal exceptions (17 events):
Event: 0.068 Thread 0x0000026146e349d0 Exception <a 'sun/nio/fs/WindowsException'{0x000000008ac362d8}> (0x000000008ac362d8) 
thrown [t:\workspace\open\src\hotspot\share\prims\jni.cpp, line 516]
Event: 0.068 Thread 0x0000026146e349d0 Exception <a 'sun/nio/fs/WindowsException'{0x000000008ac36848}> (0x000000008ac36848) 
thrown [t:\workspace\open\src\hotspot\share\prims\jni.cpp, line 516]
Event: 0.070 Thread 0x0000026146e349d0 Exception <a 'sun/nio/fs/WindowsException'{0x000000008ac38c48}> (0x000000008ac38c48) 
thrown [t:\workspace\open\src\hotspot\share\prims\jni.cpp, line 516]
Event: 0.070 Thread 0x0000026146e349d0 Exception <a 'sun/nio/fs/WindowsException'{0x000000008ac39748}> (0x000000008ac39748) 
thrown [t:\workspace\open\src\hotspot\share\prims\jni.cpp, line 516]
Event: 0.109 Thread 0x0000026146e349d0 Exception <a 'java/lang/ClassNotFoundException'{0x000000008ab04d18}: sun/awt/resources/spi/awtProvider> (0x000000008ab04d18) 
thrown [t:\workspace\open\src\hotspot\share\classfile\systemDictionary.cpp, line 256]
Event: 0.132 Thread 0x0000026146e349d0 Exception <a 'java/io/FileNotFoundException'{0x000000008ab57de8}> (0x000000008ab57de8) 
thrown [t:\workspace\open\src\hotspot\share\prims\jni.cpp, line 516]
Event: 0.140 Thread 0x0000026146e349d0 Exception <a 'java/io/FileNotFoundException'{0x000000008ab84f98}> (0x000000008ab84f98) 
thrown [t:\workspace\open\src\hotspot\share\prims\jni.cpp, line 516]
Event: 0.178 Thread 0x0000026146e349d0 Exception <a 'java/lang/NoSuchMethodError'{0x000000008abc8ee0}: 'java.lang.Object java.lang.invoke.DirectMethodHandle$Holder.invokeStaticInit(java.lang.Object)'> (0x000000008abc8ee0) 
thrown [t:\workspace\open\src\hotspot\share\interpreter\linkResolver.cpp, line 766]
Event: 0.211 Thread 0x0000026146e349d0 Exception <a 'java/lang/NoSuchMethodError'{0x000000008aa26de8}: 'void java.lang.invoke.DirectMethodHandle$Holder.invokeSpecial(java.lang.Object, java.lang.Object, java.lang.Object)'> (0x000000008aa26de8) 
thrown [t:\workspace\open\src\hotspot\share\interpreter\linkResolver.cpp, line 766]
Event: 0.219 Thread 0x0000026146e349d0 Exception <a 'java/lang/NoSuchMethodError'{0x000000008aa50f88}: 'java.lang.Object java.lang.invoke.DirectMethodHandle$Holder.newInvokeSpecial(java.lang.Object, java.lang.Object, java.lang.Object, java.lang.Object, java.lang.Object)'> (0x000000008aa50f88) 
thrown [t:\workspace\open\src\hotspot\share\interpreter\linkResolver.cpp, line 766]
Event: 0.221 Thread 0x0000026146e349d0 Exception <a 'java/lang/NoSuchMethodError'{0x000000008aa5c950}: 'java.lang.Object java.lang.invoke.DirectMethodHandle$Holder.invokeStatic(java.lang.Object, int, java.lang.Object, java.lang.Object, java.lang.Object, java.lang.Object)'> (0x000000008aa5c950) 
thrown [t:\workspace\open\src\hotspot\share\interpreter\linkResolver.cpp, line 766]
Event: 0.227 Thread 0x0000026146e349d0 Exception <a 'java/lang/NoSuchMethodError'{0x000000008aa82370}: 'java.lang.Object java.lang.invoke.DirectMethodHandle$Holder.invokeStatic(java.lang.Object, int, java.lang.Object)'> (0x000000008aa82370) 
thrown [t:\workspace\open\src\hotspot\share\interpreter\linkResolver.cpp, line 766]
Event: 0.254 Thread 0x0000026146e349d0 Exception <a 'java/lang/ClassNotFoundException'{0x000000008a93aa50}: com/sun/swing/internal/plaf/metal/resources/spi/metalProvider> (0x000000008a93aa50) 
thrown [t:\workspace\open\src\hotspot\share\classfile\systemDictionary.cpp, line 256]
Event: 0.255 Thread 0x0000026146e349d0 Exception <a 'java/lang/ClassNotFoundException'{0x000000008a93e8f8}: com/sun/swing/internal/plaf/basic/resources/spi/basicProvider> (0x000000008a93e8f8) 
thrown [t:\workspace\open\src\hotspot\share\classfile\systemDictionary.cpp, line 256]
Event: 0.346 Thread 0x0000026167b7c020 Exception <a 'java/lang/NoSuchMethodError'{0x000000008a767510}: 'java.lang.Object java.lang.invoke.DirectMethodHandle$Holder.newInvokeSpecial(java.lang.Object, java.lang.Object, java.lang.Object, int, int, int, int, int)'> (0x000000008a767510) 
thrown [t:\workspace\open\src\hotspot\share\interpreter\linkResolver.cpp, line 766]
Event: 0.420 Thread 0x0000026167ae08c0 Exception <a 'java/lang/NoSuchMethodError'{0x000000008abfbf48}: 'void java.lang.invoke.DirectMethodHandle$Holder.invokeVirtual(java.lang.Object, java.lang.Object)'> (0x000000008abfbf48) 
thrown [t:\workspace\open\src\hotspot\share\interpreter\linkResolver.cpp, line 766]
Event: 0.438 Thread 0x0000026146e349d0 Exception <a 'java/lang/NoSuchMethodError'{0x000000008a9aac38}: 'void java.lang.invoke.DirectMethodHandle$Holder.invokeStaticInit(java.lang.Object)'> (0x000000008a9aac38) 
thrown [t:\workspace\open\src\hotspot\share\interpreter\linkResolver.cpp, line 766]

VM Operations (6 events):
Event: 0.071 Executing VM operation: HandshakeAllThreads
Event: 0.071 Executing VM operation: HandshakeAllThreads done
Event: 0.279 Executing VM operation: HandshakeAllThreads
Event: 0.279 Executing VM operation: HandshakeAllThreads done
Event: 0.383 Executing VM operation: HandshakeAllThreads
Event: 0.383 Executing VM operation: HandshakeAllThreads done

Events (20 events):
Event: 0.448 loading class java/awt/geom/Point2D$Float
Event: 0.448 loading class java/awt/geom/Point2D$Float done
Event: 0.448 loading class sun/font/StrikeMetrics
Event: 0.448 loading class sun/font/StrikeMetrics done
Event: 0.448 loading class java/awt/geom/Rectangle2D$Float
Event: 0.448 loading class java/awt/geom/Rectangle2D$Float done
Event: 0.448 loading class java/awt/geom/GeneralPath
Event: 0.448 loading class java/awt/geom/GeneralPath done
Event: 0.448 loading class sun/font/CharToGlyphMapper
Event: 0.448 loading class sun/font/CharToGlyphMapper done
Event: 0.448 loading class sun/font/PhysicalStrike
Event: 0.448 loading class sun/font/FontStrike
Event: 0.448 loading class sun/font/FontStrike done
Event: 0.448 loading class sun/font/PhysicalStrike done
Event: 0.448 loading class sun/font/StrikeCache
Event: 0.448 loading class sun/font/StrikeCache done
Event: 0.449 loading class sun/font/StrikeCache$1
Event: 0.449 loading class sun/font/StrikeCache$1 done
Event: 0.449 loading class sun/font/GlyphList
Event: 0.449 loading class sun/font/GlyphList done


Dynamic libraries:
0x00007ff7161e0000 - 0x00007ff7161f0000 	C:\Program Files\Java\jdk-17.0.2\bin\java.exe
0x00007fff08f70000 - 0x00007fff09168000 	C:\WINDOWS\SYSTEM32\ntdll.dll
0x00007fff06160000 - 0x00007fff06179000 	C:\Program Files\Avast Software\Avast\aswhook.dll
0x00007fff08330000 - 0x00007fff083ef000 	C:\WINDOWS\System32\KERNEL32.DLL
0x00007fff06650000 - 0x00007fff06946000 	C:\WINDOWS\System32\KERNELBASE.dll
0x00007fff06bc0000 - 0x00007fff06cc0000 	C:\WINDOWS\System32\ucrtbase.dll
0x00007fff00510000 - 0x00007fff00528000 	C:\Program Files\Java\jdk-17.0.2\bin\jli.dll
0x00007ffef44a0000 - 0x00007ffef44ba000 	C:\Program Files\Java\jdk-17.0.2\bin\VCRUNTIME140.dll
0x00007fff06fd0000 - 0x00007fff0707f000 	C:\WINDOWS\System32\ADVAPI32.dll
0x00007fff08290000 - 0x00007fff0832e000 	C:\WINDOWS\System32\msvcrt.dll
0x00007fff081e0000 - 0x00007fff0827c000 	C:\WINDOWS\System32\sechost.dll
0x00007fff08480000 - 0x00007fff085a6000 	C:\WINDOWS\System32\RPCRT4.dll
0x00007fff07890000 - 0x00007fff07a2d000 	C:\WINDOWS\System32\USER32.dll
0x00007fff06950000 - 0x00007fff06972000 	C:\WINDOWS\System32\win32u.dll
0x00007fff083f0000 - 0x00007fff0841c000 	C:\WINDOWS\System32\GDI32.dll
0x00007fff059d0000 - 0x00007fff05c6a000 	C:\WINDOWS\WinSxS\amd64_microsoft.windows.common-controls_6595b64144ccf1df_6.0.19041.1110_none_60b5254171f9507e\COMCTL32.dll
0x00007fff069d0000 - 0x00007fff06ae5000 	C:\WINDOWS\System32\gdi32full.dll
0x00007fff06b20000 - 0x00007fff06bbd000 	C:\WINDOWS\System32\msvcp_win.dll
0x00007ffefd440000 - 0x00007ffefd44a000 	C:\WINDOWS\SYSTEM32\VERSION.dll
0x00007fff07090000 - 0x00007fff070c0000 	C:\WINDOWS\System32\IMM32.DLL
0x00007fff046e0000 - 0x00007fff046ec000 	C:\Program Files\Java\jdk-17.0.2\bin\vcruntime140_1.dll
0x00007ffec5290000 - 0x00007ffec531d000 	C:\Program Files\Java\jdk-17.0.2\bin\msvcp140.dll
0x00007ffeb4ae0000 - 0x00007ffeb56a1000 	C:\Program Files\Java\jdk-17.0.2\bin\server\jvm.dll
0x00007fff08280000 - 0x00007fff08288000 	C:\WINDOWS\System32\PSAPI.DLL
0x00007ffeec770000 - 0x00007ffeec779000 	C:\WINDOWS\SYSTEM32\WSOCK32.dll
0x00007ffee3160000 - 0x00007ffee3187000 	C:\WINDOWS\SYSTEM32\WINMM.dll
0x00007fff07d60000 - 0x00007fff07dcb000 	C:\WINDOWS\System32\WS2_32.dll
0x00007fff04180000 - 0x00007fff04192000 	C:\WINDOWS\SYSTEM32\kernel.appcore.dll
0x00007ffeffd20000 - 0x00007ffeffd2a000 	C:\Program Files\Java\jdk-17.0.2\bin\jimage.dll
0x00007fff05f60000 - 0x00007fff06144000 	C:\WINDOWS\SYSTEM32\DBGHELP.DLL
0x00007fff05d80000 - 0x00007fff05db4000 	C:\WINDOWS\SYSTEM32\dbgcore.DLL
0x00007fff06d70000 - 0x00007fff06df2000 	C:\WINDOWS\System32\bcryptPrimitives.dll
0x00007ffef1ee0000 - 0x00007ffef1f05000 	C:\Program Files\Java\jdk-17.0.2\bin\java.dll
0x00007ffecaef0000 - 0x00007ffecafc6000 	C:\Program Files\Java\jdk-17.0.2\bin\jsvml.dll
0x00007fff07120000 - 0x00007fff07864000 	C:\WINDOWS\System32\SHELL32.dll
0x00007fff039d0000 - 0x00007fff04163000 	C:\WINDOWS\SYSTEM32\windows.storage.dll
0x00007fff08760000 - 0x00007fff08ab4000 	C:\WINDOWS\System32\combase.dll
0x00007fff05930000 - 0x00007fff0595e000 	C:\WINDOWS\SYSTEM32\Wldp.dll
0x00007fff07f10000 - 0x00007fff07fbd000 	C:\WINDOWS\System32\SHCORE.dll
0x00007fff07d00000 - 0x00007fff07d55000 	C:\WINDOWS\System32\shlwapi.dll
0x00007fff06580000 - 0x00007fff065a5000 	C:\WINDOWS\SYSTEM32\profapi.dll
0x00007ffef1f80000 - 0x00007ffef1f99000 	C:\Program Files\Java\jdk-17.0.2\bin\net.dll
0x00007ffef9ef0000 - 0x00007ffef9ffa000 	C:\WINDOWS\SYSTEM32\WINHTTP.dll
0x00007fff05610000 - 0x00007fff0567a000 	C:\WINDOWS\system32\mswsock.dll
0x00007ffef1ec0000 - 0x00007ffef1ed6000 	C:\Program Files\Java\jdk-17.0.2\bin\nio.dll
0x00007ffef1ea0000 - 0x00007ffef1eb8000 	C:\Program Files\Java\jdk-17.0.2\bin\zip.dll
0x00007ffeb9540000 - 0x00007ffeb96cf000 	C:\Program Files\Java\jdk-17.0.2\bin\awt.dll
0x00007fff08690000 - 0x00007fff0875d000 	C:\WINDOWS\System32\OLEAUT32.dll
0x00007fff02f90000 - 0x00007fff03021000 	C:\WINDOWS\SYSTEM32\apphelp.dll
0x00007fff03330000 - 0x00007fff0335f000 	C:\WINDOWS\system32\DWMAPI.DLL
0x00007fff031d0000 - 0x00007fff0326e000 	C:\WINDOWS\system32\uxtheme.dll
0x00007ffef1340000 - 0x00007ffef1465000 	C:\WINDOWS\system32\opengl32.dll
0x00007ffefe720000 - 0x00007ffefe74c000 	C:\WINDOWS\SYSTEM32\GLU32.dll
0x00007fff07b60000 - 0x00007fff07c74000 	C:\WINDOWS\System32\MSCTF.dll
0x00007fff07a30000 - 0x00007fff07b5a000 	C:\WINDOWS\System32\ole32.dll
0x00007ffec3300000 - 0x00007ffec3389000 	C:\Program Files\Java\jdk-17.0.2\bin\freetype.dll
0x00007ffeb9320000 - 0x00007ffeb93c8000 	C:\Program Files\Java\jdk-17.0.2\bin\fontmanager.dll
0x00007fff07e60000 - 0x00007fff07f09000 	C:\WINDOWS\System32\clbcatq.dll
0x00007fff001a0000 - 0x00007fff00354000 	C:\WINDOWS\SYSTEM32\WindowsCodecs.dll
0x00007fff06af0000 - 0x00007fff06b17000 	C:\WINDOWS\System32\bcrypt.dll
0x00007ffee6100000 - 0x00007ffee613e000 	C:\WINDOWS\system32\dataexchange.dll
0x00007fff018d0000 - 0x00007fff01b33000 	C:\WINDOWS\system32\d3d11.dll
0x00007fff023b0000 - 0x00007fff02593000 	C:\WINDOWS\system32\dcomp.dll
0x00007fff04880000 - 0x00007fff04973000 	C:\WINDOWS\system32\dxgi.dll
0x00007fff00730000 - 0x00007fff00937000 	C:\WINDOWS\system32\twinapi.appcore.dll

dbghelp: loaded successfully - version: 4.0.5 - missing functions: none
symbol engine: initialized successfully - sym options: 0x614 - pdb path: .;C:\Program Files\Java\jdk-17.0.2\bin;C:\WINDOWS\SYSTEM32;C:\Program Files\Avast Software\Avast;C:\WINDOWS\WinSxS\amd64_microsoft.windows.common-controls_6595b64144ccf1df_6.0.19041.1110_none_60b5254171f9507e;C:\Program Files\Java\jdk-17.0.2\bin\server

VM Arguments:
jvm_args: -Dfile.encoding=UTF-8 --module-path=C:\Users\HP\Documents\NetBeansProjects\Travel Management System\build\classes 
java_command: travel.management.system.signup
java_class_path (initial): C:\Users\HP\Downloads\mysql-connector-java-8.0.28.jar;C:\Users\HP\Documents\NetBeansProjects\Travel Management System\build\classes
Launcher Type: SUN_STANDARD

[Global flags]
     intx CICompilerCount                          = 4                                         {product} {ergonomic}
     uint ConcGCThreads                            = 2                                         {product} {ergonomic}
     uint G1ConcRefinementThreads                  = 8                                         {product} {ergonomic}
   size_t G1HeapRegionSize                         = 1048576                                   {product} {ergonomic}
    uintx GCDrainStackTargetSize                   = 64                                        {product} {ergonomic}
   size_t InitialHeapSize                          = 132120576                                 {product} {ergonomic}
   size_t MarkStackSize                            = 4194304                                   {product} {ergonomic}
   size_t MaxHeapSize                              = 2097152000                                {product} {ergonomic}
   size_t MaxNewSize                               = 1258291200                                {product} {ergonomic}
   size_t MinHeapDeltaBytes                        = 1048576                                   {product} {ergonomic}
   size_t MinHeapSize                              = 8388608                                   {product} {ergonomic}
    uintx NonNMethodCodeHeapSize                   = 5839372                                {pd product} {ergonomic}
    uintx NonProfiledCodeHeapSize                  = 122909434                              {pd product} {ergonomic}
    uintx ProfiledCodeHeapSize                     = 122909434                              {pd product} {ergonomic}
    uintx ReservedCodeCacheSize                    = 251658240                              {pd product} {ergonomic}
     bool SegmentedCodeCache                       = true                                      {product} {ergonomic}
   size_t SoftMaxHeapSize                          = 2097152000                             {manageable} {ergonomic}
     bool UseCompressedClassPointers               = true                           {product lp64_product} {ergonomic}
     bool UseCompressedOops                        = true                           {product lp64_product} {ergonomic}
     bool UseG1GC                                  = true                                      {product} {ergonomic}
     bool UseLargePagesIndividualAllocation        = false                                  {pd product} {ergonomic}

Logging:
Log output configuration:
 #0: stdout all=warning uptime,level,tags
 #1: stderr all=off uptime,level,tags

Environment Variables:
PATH=C:\Program Files\Java\jdk-17.0.2\bin;C:\Program Files\Common Files\Oracle\Java\javapath;C:\WINDOWS\system32;C:\WINDOWS;C:\WINDOWS\System32\Wbem;C:\WINDOWS\System32\WindowsPowerShell\v1.0\;C:\WINDOWS\System32\OpenSSH\;C:\MinGW\bin;C:\Program Files\MySQL\MySQL Shell 8.0\bin\;C:\Users\HP\AppData\Local\Microsoft\WindowsApps;C:\Users\HP\AppData\Local\Programs\Microsoft VS Code\bin;C:\MinGW\bin;
USERNAME=HP
OS=Windows_NT
PROCESSOR_IDENTIFIER=Intel64 Family 6 Model 166 Stepping 0, GenuineIntel



---------------  S Y S T E M  ---------------

OS:
 Windows 10 , 64 bit Build 19041 (10.0.19041.3155)
OS uptime: 24 days 5:17 hours

CPU: total 8 (initial active 8) (4 cores per cpu, 2 threads per core) family 6 model 166 stepping 0 microcode 0xe0, cx8, cmov, fxsr, ht, mmx, 3dnowpref, sse, sse2, sse3, ssse3, sse4.1, sse4.2, popcnt, lzcnt, tsc, tscinvbit, avx, avx2, aes, erms, clmul, bmi1, bmi2, adx, fma, vzeroupper, clflush, clflushopt

Memory: 4k page, system-wide physical 7996M (608M free)
TotalPageFile size 32572M (AvailPageFile size 5M)
current process WorkingSet (physical memory assigned to process): 65M, peak: 65M
current process commit charge ("private bytes"): 226M, peak: 228M

vm_info: Java HotSpot(TM) 64-Bit Server VM (17.0.2+8-LTS-86) for windows-amd64 JRE (17.0.2+8-LTS-86), built on Dec  7 2021 21:51:03 by "mach5one" with MS VC++ 16.8 / 16.9 (VS2019)

END.
