#
# There is insufficient memory for the Java Runtime Environment to continue.
# Native memory allocation (malloc) failed to allocate 346208 bytes for Chunk::new
# Possible reasons:
#   The system is out of physical RAM or swap space
#   The process is running with CompressedOops enabled, and the Java Heap may be blocking the growth of the native heap
# Possible solutions:
#   Reduce memory load on the system
#   Increase physical memory or swap space
#   Check if swap backing store is full
#   Decrease Java heap size (-Xmx/-Xms)
#   Decrease number of Java threads
#   Decrease Java thread stack sizes (-Xss)
#   Set larger code cache with -XX:ReservedCodeCacheSize=
#   JVM is running with Unscaled Compressed Oops mode in which the Java heap is
#     placed in the first 4GB address space. The Java Heap base address is the
#     maximum limit for the native heap growth. Please use -XX:HeapBaseMinAddress
#     to set the Java Heap base and to place the Java Heap above 4GB virtual address.
# This output file may be truncated or incomplete.
#
#  Out of Memory Error (arena.cpp:189), pid=32648, tid=34500
#
# JRE version: Java(TM) SE Runtime Environment (17.0.2+8) (build 17.0.2+8-LTS-86)
# Java VM: Java HotSpot(TM) 64-Bit Server VM (17.0.2+8-LTS-86, mixed mode, sharing, tiered, compressed oops, compressed class ptrs, g1 gc, windows-amd64)
# No core dump will be written. Minidumps are not enabled by default on client versions of Windows
#

---------------  S U M M A R Y ------------

Command Line: -Dfile.encoding=UTF-8 --module-path=C:\Users\HP\Documents\NetBeansProjects\Travel Management System\build\classes travel.management.system.bookhotel

Host: Intel(R) Core(TM) i5-10210U CPU @ 1.60GHz, 8 cores, 7G,  Windows 10 , 64 bit Build 19041 (10.0.19041.3393)
Time: Mon Sep 25 23:01:44 2023 India Standard Time elapsed time: 0.378912 seconds (0d 0h 0m 0s)

---------------  T H R E A D  ---------------

Current thread (0x000001f4fb604ea0):  JavaThread "C2 CompilerThread1" daemon [_thread_in_native, id=34500, stack(0x00000027f1b00000,0x00000027f1c00000)]


Current CompileTask:
C2:    379  593       4       java.util.Properties::loadConvert (540 bytes)

Stack: [0x00000027f1b00000,0x00000027f1c00000]
Native frames: (J=compiled Java code, j=interpreted, Vv=VM code, C=native code)
V  [jvm.dll+0x670baa]
V  [jvm.dll+0x7cfcb4]
V  [jvm.dll+0x7d145e]
V  [jvm.dll+0x7d1ac3]
V  [jvm.dll+0x242bc5]
V  [jvm.dll+0xaa57b]
V  [jvm.dll+0xaab0c]
V  [jvm.dll+0x35fd07]
V  [jvm.dll+0x32a331]
V  [jvm.dll+0x3297da]
V  [jvm.dll+0x215c91]
V  [jvm.dll+0x2150b1]
V  [jvm.dll+0x1a1bbd]
V  [jvm.dll+0x224908]
V  [jvm.dll+0x222a6c]
V  [jvm.dll+0x7859bb]
V  [jvm.dll+0x77ff7a]
V  [jvm.dll+0x66fa35]
C  [ucrtbase.dll+0x21bb2]
C  [KERNEL32.DLL+0x17344]
C  [ntdll.dll+0x526b1]


---------------  P R O C E S S  ---------------

Threads class SMR info:
_java_thread_list=0x000001f4fb7e1850, length=17, elements={
0x000001f4daae1cd0, 0x000001f4faa6ca00, 0x000001f4faa6d940, 0x000001f4faa7ca80,
0x000001f4faa7d540, 0x000001f4faa800a0, 0x000001f4faa83f50, 0x000001f4faa86d00,
0x000001f4faa8f7b0, 0x000001f4faa9c1b0, 0x000001f4fb53e980, 0x000001f4fb600730,
0x000001f4fb604ea0, 0x000001f4fb66b980, 0x000001f4fb6fd380, 0x000001f4fb6fdba0,
0x000001f4fb8740e0
}

Java Threads: ( => current thread )
  0x000001f4daae1cd0 JavaThread "main" [_thread_in_native, id=34312, stack(0x00000027f0800000,0x00000027f0900000)]
  0x000001f4faa6ca00 JavaThread "Reference Handler" daemon [_thread_blocked, id=31160, stack(0x00000027f0f00000,0x00000027f1000000)]
  0x000001f4faa6d940 JavaThread "Finalizer" daemon [_thread_blocked, id=20320, stack(0x00000027f1000000,0x00000027f1100000)]
  0x000001f4faa7ca80 JavaThread "Signal Dispatcher" daemon [_thread_blocked, id=8424, stack(0x00000027f1100000,0x00000027f1200000)]
  0x000001f4faa7d540 JavaThread "Attach Listener" daemon [_thread_blocked, id=33900, stack(0x00000027f1200000,0x00000027f1300000)]
  0x000001f4faa800a0 JavaThread "Service Thread" daemon [_thread_blocked, id=10324, stack(0x00000027f1300000,0x00000027f1400000)]
  0x000001f4faa83f50 JavaThread "Monitor Deflation Thread" daemon [_thread_blocked, id=26648, stack(0x00000027f1400000,0x00000027f1500000)]
  0x000001f4faa86d00 JavaThread "C2 CompilerThread0" daemon [_thread_blocked, id=22776, stack(0x00000027f1500000,0x00000027f1600000)]
  0x000001f4faa8f7b0 JavaThread "C1 CompilerThread0" daemon [_thread_blocked, id=31492, stack(0x00000027f1600000,0x00000027f1700000)]
  0x000001f4faa9c1b0 JavaThread "Sweeper thread" daemon [_thread_blocked, id=33852, stack(0x00000027f1700000,0x00000027f1800000)]
  0x000001f4fb53e980 JavaThread "Common-Cleaner" daemon [_thread_blocked, id=34152, stack(0x00000027f1800000,0x00000027f1900000)]
  0x000001f4fb600730 JavaThread "Notification Thread" daemon [_thread_blocked, id=29880, stack(0x00000027f1900000,0x00000027f1a00000)]
=>0x000001f4fb604ea0 JavaThread "C2 CompilerThread1" daemon [_thread_in_native, id=34500, stack(0x00000027f1b00000,0x00000027f1c00000)]
  0x000001f4fb66b980 JavaThread "Java2D Disposer" daemon [_thread_blocked, id=32440, stack(0x00000027f1c00000,0x00000027f1d00000)]
  0x000001f4fb6fd380 JavaThread "AWT-Shutdown" [_thread_blocked, id=18120, stack(0x00000027f1d00000,0x00000027f1e00000)]
  0x000001f4fb6fdba0 JavaThread "AWT-Windows" daemon [_thread_in_native, id=31412, stack(0x00000027f1e00000,0x00000027f1f00000)]
  0x000001f4fb8740e0 JavaThread "mysql-cj-abandoned-connection-cleanup" daemon [_thread_blocked, id=25096, stack(0x00000027f1f00000,0x00000027f2000000)]

Other Threads:
  0x000001f4faa67070 VMThread "VM Thread" [stack: 0x00000027f0e00000,0x00000027f0f00000] [id=31256]
  0x000001f4fb600c00 WatcherThread [stack: 0x00000027f1a00000,0x00000027f1b00000] [id=9140]
  0x000001f4dab20b90 GCTaskThread "GC Thread#0" [stack: 0x00000027f0900000,0x00000027f0a00000] [id=34360]
  0x000001f4dab314d0 ConcurrentGCThread "G1 Main Marker" [stack: 0x00000027f0a00000,0x00000027f0b00000] [id=28968]
  0x000001f4dab32750 ConcurrentGCThread "G1 Conc#0" [stack: 0x00000027f0b00000,0x00000027f0c00000] [id=14456]
  0x000001f4dabbb950 ConcurrentGCThread "G1 Refine#0" [stack: 0x00000027f0c00000,0x00000027f0d00000] [id=32160]
  0x000001f4dabbc370 ConcurrentGCThread "G1 Service" [stack: 0x00000027f0d00000,0x00000027f0e00000] [id=33096]

Threads with active compile tasks:
C2 CompilerThread1      417  593       4       java.util.Properties::loadConvert (540 bytes)

VM state: not at safepoint (normal execution)

VM Mutex/Monitor currently owned by a thread:  ([mutex/lock_event])
[0x000001f4daadde30] Module_lock - owner thread: 0x0000000000000000

Heap address: 0x0000000083000000, size: 2000 MB, Compressed Oops mode: 32-bit

CDS archive(s) mapped at: [0x0000000800000000-0x0000000800bc0000-0x0000000800bc0000), size 12320768, SharedBaseAddress: 0x0000000800000000, ArchiveRelocationMode: 0.
Compressed class space mapped at: 0x0000000800c00000-0x0000000840c00000, reserved size: 1073741824
Narrow klass base: 0x0000000800000000, Narrow klass shift: 0, Narrow klass range: 0x100000000

GC Precious Log:
 CPUs: 8 total, 8 available
 Memory: 7996M
 Large Page Support: Disabled
 NUMA Support: Disabled
 Compressed Oops: Enabled (32-bit)
 Heap Region Size: 1M
 Heap Min Capacity: 8M
 Heap Initial Capacity: 126M
 Heap Max Capacity: 2000M
 Pre-touch: Disabled
 Parallel Workers: 8
 Concurrent Workers: 2
 Concurrent Refinement Workers: 8
 Periodic GC: Disabled

Heap:
 garbage-first heap   total 129024K, used 7168K [0x0000000083000000, 0x0000000100000000)
  region size 1024K, 8 young (8192K), 0 survivors (0K)
 Metaspace       used 5628K, committed 5824K, reserved 1056768K
  class space    used 604K, committed 704K, reserved 1048576K

Heap Regions: E=young(eden), S=young(survivor), O=old, HS=humongous(starts), HC=humongous(continues), CS=collection set, F=free, OA=open archive, CA=closed archive, TAMS=top-at-mark-start (previous, next)
|   0|0x0000000083000000, 0x0000000083000000, 0x0000000083100000|  0%| F|  |TAMS 0x0000000083000000, 0x0000000083000000| Untracked 
|   1|0x0000000083100000, 0x0000000083100000, 0x0000000083200000|  0%| F|  |TAMS 0x0000000083100000, 0x0000000083100000| Untracked 
|   2|0x0000000083200000, 0x0000000083200000, 0x0000000083300000|  0%| F|  |TAMS 0x0000000083200000, 0x0000000083200000| Untracked 
|   3|0x0000000083300000, 0x0000000083300000, 0x0000000083400000|  0%| F|  |TAMS 0x0000000083300000, 0x0000000083300000| Untracked 
|   4|0x0000000083400000, 0x0000000083400000, 0x0000000083500000|  0%| F|  |TAMS 0x0000000083400000, 0x0000000083400000| Untracked 
|   5|0x0000000083500000, 0x0000000083500000, 0x0000000083600000|  0%| F|  |TAMS 0x0000000083500000, 0x0000000083500000| Untracked 
|   6|0x0000000083600000, 0x0000000083600000, 0x0000000083700000|  0%| F|  |TAMS 0x0000000083600000, 0x0000000083600000| Untracked 
|   7|0x0000000083700000, 0x0000000083700000, 0x0000000083800000|  0%| F|  |TAMS 0x0000000083700000, 0x0000000083700000| Untracked 
|   8|0x0000000083800000, 0x0000000083800000, 0x0000000083900000|  0%| F|  |TAMS 0x0000000083800000, 0x0000000083800000| Untracked 
|   9|0x0000000083900000, 0x0000000083900000, 0x0000000083a00000|  0%| F|  |TAMS 0x0000000083900000, 0x0000000083900000| Untracked 
|  10|0x0000000083a00000, 0x0000000083a00000, 0x0000000083b00000|  0%| F|  |TAMS 0x0000000083a00000, 0x0000000083a00000| Untracked 
|  11|0x0000000083b00000, 0x0000000083b00000, 0x0000000083c00000|  0%| F|  |TAMS 0x0000000083b00000, 0x0000000083b00000| Untracked 
|  12|0x0000000083c00000, 0x0000000083c00000, 0x0000000083d00000|  0%| F|  |TAMS 0x0000000083c00000, 0x0000000083c00000| Untracked 
|  13|0x0000000083d00000, 0x0000000083d00000, 0x0000000083e00000|  0%| F|  |TAMS 0x0000000083d00000, 0x0000000083d00000| Untracked 
|  14|0x0000000083e00000, 0x0000000083e00000, 0x0000000083f00000|  0%| F|  |TAMS 0x0000000083e00000, 0x0000000083e00000| Untracked 
|  15|0x0000000083f00000, 0x0000000083f00000, 0x0000000084000000|  0%| F|  |TAMS 0x0000000083f00000, 0x0000000083f00000| Untracked 
|  16|0x0000000084000000, 0x0000000084000000, 0x0000000084100000|  0%| F|  |TAMS 0x0000000084000000, 0x0000000084000000| Untracked 
|  17|0x0000000084100000, 0x0000000084100000, 0x0000000084200000|  0%| F|  |TAMS 0x0000000084100000, 0x0000000084100000| Untracked 
|  18|0x0000000084200000, 0x0000000084200000, 0x0000000084300000|  0%| F|  |TAMS 0x0000000084200000, 0x0000000084200000| Untracked 
|  19|0x0000000084300000, 0x0000000084300000, 0x0000000084400000|  0%| F|  |TAMS 0x0000000084300000, 0x0000000084300000| Untracked 
|  20|0x0000000084400000, 0x0000000084400000, 0x0000000084500000|  0%| F|  |TAMS 0x0000000084400000, 0x0000000084400000| Untracked 
|  21|0x0000000084500000, 0x0000000084500000, 0x0000000084600000|  0%| F|  |TAMS 0x0000000084500000, 0x0000000084500000| Untracked 
|  22|0x0000000084600000, 0x0000000084600000, 0x0000000084700000|  0%| F|  |TAMS 0x0000000084600000, 0x0000000084600000| Untracked 
|  23|0x0000000084700000, 0x0000000084700000, 0x0000000084800000|  0%| F|  |TAMS 0x0000000084700000, 0x0000000084700000| Untracked 
|  24|0x0000000084800000, 0x0000000084800000, 0x0000000084900000|  0%| F|  |TAMS 0x0000000084800000, 0x0000000084800000| Untracked 
|  25|0x0000000084900000, 0x0000000084900000, 0x0000000084a00000|  0%| F|  |TAMS 0x0000000084900000, 0x0000000084900000| Untracked 
|  26|0x0000000084a00000, 0x0000000084a00000, 0x0000000084b00000|  0%| F|  |TAMS 0x0000000084a00000, 0x0000000084a00000| Untracked 
|  27|0x0000000084b00000, 0x0000000084b00000, 0x0000000084c00000|  0%| F|  |TAMS 0x0000000084b00000, 0x0000000084b00000| Untracked 
|  28|0x0000000084c00000, 0x0000000084c00000, 0x0000000084d00000|  0%| F|  |TAMS 0x0000000084c00000, 0x0000000084c00000| Untracked 
|  29|0x0000000084d00000, 0x0000000084d00000, 0x0000000084e00000|  0%| F|  |TAMS 0x0000000084d00000, 0x0000000084d00000| Untracked 
|  30|0x0000000084e00000, 0x0000000084e00000, 0x0000000084f00000|  0%| F|  |TAMS 0x0000000084e00000, 0x0000000084e00000| Untracked 
|  31|0x0000000084f00000, 0x0000000084f00000, 0x0000000085000000|  0%| F|  |TAMS 0x0000000084f00000, 0x0000000084f00000| Untracked 
|  32|0x0000000085000000, 0x0000000085000000, 0x0000000085100000|  0%| F|  |TAMS 0x0000000085000000, 0x0000000085000000| Untracked 
|  33|0x0000000085100000, 0x0000000085100000, 0x0000000085200000|  0%| F|  |TAMS 0x0000000085100000, 0x0000000085100000| Untracked 
|  34|0x0000000085200000, 0x0000000085200000, 0x0000000085300000|  0%| F|  |TAMS 0x0000000085200000, 0x0000000085200000| Untracked 
|  35|0x0000000085300000, 0x0000000085300000, 0x0000000085400000|  0%| F|  |TAMS 0x0000000085300000, 0x0000000085300000| Untracked 
|  36|0x0000000085400000, 0x0000000085400000, 0x0000000085500000|  0%| F|  |TAMS 0x0000000085400000, 0x0000000085400000| Untracked 
|  37|0x0000000085500000, 0x0000000085500000, 0x0000000085600000|  0%| F|  |TAMS 0x0000000085500000, 0x0000000085500000| Untracked 
|  38|0x0000000085600000, 0x0000000085600000, 0x0000000085700000|  0%| F|  |TAMS 0x0000000085600000, 0x0000000085600000| Untracked 
|  39|0x0000000085700000, 0x0000000085700000, 0x0000000085800000|  0%| F|  |TAMS 0x0000000085700000, 0x0000000085700000| Untracked 
|  40|0x0000000085800000, 0x0000000085800000, 0x0000000085900000|  0%| F|  |TAMS 0x0000000085800000, 0x0000000085800000| Untracked 
|  41|0x0000000085900000, 0x0000000085900000, 0x0000000085a00000|  0%| F|  |TAMS 0x0000000085900000, 0x0000000085900000| Untracked 
|  42|0x0000000085a00000, 0x0000000085a00000, 0x0000000085b00000|  0%| F|  |TAMS 0x0000000085a00000, 0x0000000085a00000| Untracked 
|  43|0x0000000085b00000, 0x0000000085b00000, 0x0000000085c00000|  0%| F|  |TAMS 0x0000000085b00000, 0x0000000085b00000| Untracked 
|  44|0x0000000085c00000, 0x0000000085c00000, 0x0000000085d00000|  0%| F|  |TAMS 0x0000000085c00000, 0x0000000085c00000| Untracked 
|  45|0x0000000085d00000, 0x0000000085d00000, 0x0000000085e00000|  0%| F|  |TAMS 0x0000000085d00000, 0x0000000085d00000| Untracked 
|  46|0x0000000085e00000, 0x0000000085e00000, 0x0000000085f00000|  0%| F|  |TAMS 0x0000000085e00000, 0x0000000085e00000| Untracked 
|  47|0x0000000085f00000, 0x0000000085f00000, 0x0000000086000000|  0%| F|  |TAMS 0x0000000085f00000, 0x0000000085f00000| Untracked 
|  48|0x0000000086000000, 0x0000000086000000, 0x0000000086100000|  0%| F|  |TAMS 0x0000000086000000, 0x0000000086000000| Untracked 
|  49|0x0000000086100000, 0x0000000086100000, 0x0000000086200000|  0%| F|  |TAMS 0x0000000086100000, 0x0000000086100000| Untracked 
|  50|0x0000000086200000, 0x0000000086200000, 0x0000000086300000|  0%| F|  |TAMS 0x0000000086200000, 0x0000000086200000| Untracked 
|  51|0x0000000086300000, 0x0000000086300000, 0x0000000086400000|  0%| F|  |TAMS 0x0000000086300000, 0x0000000086300000| Untracked 
|  52|0x0000000086400000, 0x0000000086400000, 0x0000000086500000|  0%| F|  |TAMS 0x0000000086400000, 0x0000000086400000| Untracked 
|  53|0x0000000086500000, 0x0000000086500000, 0x0000000086600000|  0%| F|  |TAMS 0x0000000086500000, 0x0000000086500000| Untracked 
|  54|0x0000000086600000, 0x0000000086600000, 0x0000000086700000|  0%| F|  |TAMS 0x0000000086600000, 0x0000000086600000| Untracked 
|  55|0x0000000086700000, 0x0000000086700000, 0x0000000086800000|  0%| F|  |TAMS 0x0000000086700000, 0x0000000086700000| Untracked 
|  56|0x0000000086800000, 0x0000000086800000, 0x0000000086900000|  0%| F|  |TAMS 0x0000000086800000, 0x0000000086800000| Untracked 
|  57|0x0000000086900000, 0x0000000086900000, 0x0000000086a00000|  0%| F|  |TAMS 0x0000000086900000, 0x0000000086900000| Untracked 
|  58|0x0000000086a00000, 0x0000000086a00000, 0x0000000086b00000|  0%| F|  |TAMS 0x0000000086a00000, 0x0000000086a00000| Untracked 
|  59|0x0000000086b00000, 0x0000000086b00000, 0x0000000086c00000|  0%| F|  |TAMS 0x0000000086b00000, 0x0000000086b00000| Untracked 
|  60|0x0000000086c00000, 0x0000000086c00000, 0x0000000086d00000|  0%| F|  |TAMS 0x0000000086c00000, 0x0000000086c00000| Untracked 
|  61|0x0000000086d00000, 0x0000000086d00000, 0x0000000086e00000|  0%| F|  |TAMS 0x0000000086d00000, 0x0000000086d00000| Untracked 
|  62|0x0000000086e00000, 0x0000000086e00000, 0x0000000086f00000|  0%| F|  |TAMS 0x0000000086e00000, 0x0000000086e00000| Untracked 
|  63|0x0000000086f00000, 0x0000000086f00000, 0x0000000087000000|  0%| F|  |TAMS 0x0000000086f00000, 0x0000000086f00000| Untracked 
|  64|0x0000000087000000, 0x0000000087000000, 0x0000000087100000|  0%| F|  |TAMS 0x0000000087000000, 0x0000000087000000| Untracked 
|  65|0x0000000087100000, 0x0000000087100000, 0x0000000087200000|  0%| F|  |TAMS 0x0000000087100000, 0x0000000087100000| Untracked 
|  66|0x0000000087200000, 0x0000000087200000, 0x0000000087300000|  0%| F|  |TAMS 0x0000000087200000, 0x0000000087200000| Untracked 
|  67|0x0000000087300000, 0x0000000087300000, 0x0000000087400000|  0%| F|  |TAMS 0x0000000087300000, 0x0000000087300000| Untracked 
|  68|0x0000000087400000, 0x0000000087400000, 0x0000000087500000|  0%| F|  |TAMS 0x0000000087400000, 0x0000000087400000| Untracked 
|  69|0x0000000087500000, 0x0000000087500000, 0x0000000087600000|  0%| F|  |TAMS 0x0000000087500000, 0x0000000087500000| Untracked 
|  70|0x0000000087600000, 0x0000000087600000, 0x0000000087700000|  0%| F|  |TAMS 0x0000000087600000, 0x0000000087600000| Untracked 
|  71|0x0000000087700000, 0x0000000087700000, 0x0000000087800000|  0%| F|  |TAMS 0x0000000087700000, 0x0000000087700000| Untracked 
|  72|0x0000000087800000, 0x0000000087800000, 0x0000000087900000|  0%| F|  |TAMS 0x0000000087800000, 0x0000000087800000| Untracked 
|  73|0x0000000087900000, 0x0000000087900000, 0x0000000087a00000|  0%| F|  |TAMS 0x0000000087900000, 0x0000000087900000| Untracked 
|  74|0x0000000087a00000, 0x0000000087a00000, 0x0000000087b00000|  0%| F|  |TAMS 0x0000000087a00000, 0x0000000087a00000| Untracked 
|  75|0x0000000087b00000, 0x0000000087b00000, 0x0000000087c00000|  0%| F|  |TAMS 0x0000000087b00000, 0x0000000087b00000| Untracked 
|  76|0x0000000087c00000, 0x0000000087c00000, 0x0000000087d00000|  0%| F|  |TAMS 0x0000000087c00000, 0x0000000087c00000| Untracked 
|  77|0x0000000087d00000, 0x0000000087d00000, 0x0000000087e00000|  0%| F|  |TAMS 0x0000000087d00000, 0x0000000087d00000| Untracked 
|  78|0x0000000087e00000, 0x0000000087e00000, 0x0000000087f00000|  0%| F|  |TAMS 0x0000000087e00000, 0x0000000087e00000| Untracked 
|  79|0x0000000087f00000, 0x0000000087f00000, 0x0000000088000000|  0%| F|  |TAMS 0x0000000087f00000, 0x0000000087f00000| Untracked 
|  80|0x0000000088000000, 0x0000000088000000, 0x0000000088100000|  0%| F|  |TAMS 0x0000000088000000, 0x0000000088000000| Untracked 
|  81|0x0000000088100000, 0x0000000088100000, 0x0000000088200000|  0%| F|  |TAMS 0x0000000088100000, 0x0000000088100000| Untracked 
|  82|0x0000000088200000, 0x0000000088200000, 0x0000000088300000|  0%| F|  |TAMS 0x0000000088200000, 0x0000000088200000| Untracked 
|  83|0x0000000088300000, 0x0000000088300000, 0x0000000088400000|  0%| F|  |TAMS 0x0000000088300000, 0x0000000088300000| Untracked 
|  84|0x0000000088400000, 0x0000000088400000, 0x0000000088500000|  0%| F|  |TAMS 0x0000000088400000, 0x0000000088400000| Untracked 
|  85|0x0000000088500000, 0x0000000088500000, 0x0000000088600000|  0%| F|  |TAMS 0x0000000088500000, 0x0000000088500000| Untracked 
|  86|0x0000000088600000, 0x0000000088600000, 0x0000000088700000|  0%| F|  |TAMS 0x0000000088600000, 0x0000000088600000| Untracked 
|  87|0x0000000088700000, 0x0000000088700000, 0x0000000088800000|  0%| F|  |TAMS 0x0000000088700000, 0x0000000088700000| Untracked 
|  88|0x0000000088800000, 0x0000000088800000, 0x0000000088900000|  0%| F|  |TAMS 0x0000000088800000, 0x0000000088800000| Untracked 
|  89|0x0000000088900000, 0x0000000088900000, 0x0000000088a00000|  0%| F|  |TAMS 0x0000000088900000, 0x0000000088900000| Untracked 
|  90|0x0000000088a00000, 0x0000000088a00000, 0x0000000088b00000|  0%| F|  |TAMS 0x0000000088a00000, 0x0000000088a00000| Untracked 
|  91|0x0000000088b00000, 0x0000000088b00000, 0x0000000088c00000|  0%| F|  |TAMS 0x0000000088b00000, 0x0000000088b00000| Untracked 
|  92|0x0000000088c00000, 0x0000000088c00000, 0x0000000088d00000|  0%| F|  |TAMS 0x0000000088c00000, 0x0000000088c00000| Untracked 
|  93|0x0000000088d00000, 0x0000000088d00000, 0x0000000088e00000|  0%| F|  |TAMS 0x0000000088d00000, 0x0000000088d00000| Untracked 
|  94|0x0000000088e00000, 0x0000000088e00000, 0x0000000088f00000|  0%| F|  |TAMS 0x0000000088e00000, 0x0000000088e00000| Untracked 
|  95|0x0000000088f00000, 0x0000000088f00000, 0x0000000089000000|  0%| F|  |TAMS 0x0000000088f00000, 0x0000000088f00000| Untracked 
|  96|0x0000000089000000, 0x0000000089000000, 0x0000000089100000|  0%| F|  |TAMS 0x0000000089000000, 0x0000000089000000| Untracked 
|  97|0x0000000089100000, 0x0000000089100000, 0x0000000089200000|  0%| F|  |TAMS 0x0000000089100000, 0x0000000089100000| Untracked 
|  98|0x0000000089200000, 0x0000000089200000, 0x0000000089300000|  0%| F|  |TAMS 0x0000000089200000, 0x0000000089200000| Untracked 
|  99|0x0000000089300000, 0x0000000089300000, 0x0000000089400000|  0%| F|  |TAMS 0x0000000089300000, 0x0000000089300000| Untracked 
| 100|0x0000000089400000, 0x0000000089400000, 0x0000000089500000|  0%| F|  |TAMS 0x0000000089400000, 0x0000000089400000| Untracked 
| 101|0x0000000089500000, 0x0000000089500000, 0x0000000089600000|  0%| F|  |TAMS 0x0000000089500000, 0x0000000089500000| Untracked 
| 102|0x0000000089600000, 0x0000000089600000, 0x0000000089700000|  0%| F|  |TAMS 0x0000000089600000, 0x0000000089600000| Untracked 
| 103|0x0000000089700000, 0x0000000089700000, 0x0000000089800000|  0%| F|  |TAMS 0x0000000089700000, 0x0000000089700000| Untracked 
| 104|0x0000000089800000, 0x0000000089800000, 0x0000000089900000|  0%| F|  |TAMS 0x0000000089800000, 0x0000000089800000| Untracked 
| 105|0x0000000089900000, 0x0000000089900000, 0x0000000089a00000|  0%| F|  |TAMS 0x0000000089900000, 0x0000000089900000| Untracked 
| 106|0x0000000089a00000, 0x0000000089a00000, 0x0000000089b00000|  0%| F|  |TAMS 0x0000000089a00000, 0x0000000089a00000| Untracked 
| 107|0x0000000089b00000, 0x0000000089b00000, 0x0000000089c00000|  0%| F|  |TAMS 0x0000000089b00000, 0x0000000089b00000| Untracked 
| 108|0x0000000089c00000, 0x0000000089c00000, 0x0000000089d00000|  0%| F|  |TAMS 0x0000000089c00000, 0x0000000089c00000| Untracked 
| 109|0x0000000089d00000, 0x0000000089d00000, 0x0000000089e00000|  0%| F|  |TAMS 0x0000000089d00000, 0x0000000089d00000| Untracked 
| 110|0x0000000089e00000, 0x0000000089e00000, 0x0000000089f00000|  0%| F|  |TAMS 0x0000000089e00000, 0x0000000089e00000| Untracked 
| 111|0x0000000089f00000, 0x0000000089f00000, 0x000000008a000000|  0%| F|  |TAMS 0x0000000089f00000, 0x0000000089f00000| Untracked 
| 112|0x000000008a000000, 0x000000008a000000, 0x000000008a100000|  0%| F|  |TAMS 0x000000008a000000, 0x000000008a000000| Untracked 
| 113|0x000000008a100000, 0x000000008a100000, 0x000000008a200000|  0%| F|  |TAMS 0x000000008a100000, 0x000000008a100000| Untracked 
| 114|0x000000008a200000, 0x000000008a200000, 0x000000008a300000|  0%| F|  |TAMS 0x000000008a200000, 0x000000008a200000| Untracked 
| 115|0x000000008a300000, 0x000000008a300000, 0x000000008a400000|  0%| F|  |TAMS 0x000000008a300000, 0x000000008a300000| Untracked 
| 116|0x000000008a400000, 0x000000008a400000, 0x000000008a500000|  0%| F|  |TAMS 0x000000008a400000, 0x000000008a400000| Untracked 
| 117|0x000000008a500000, 0x000000008a500000, 0x000000008a600000|  0%| F|  |TAMS 0x000000008a500000, 0x000000008a500000| Untracked 
| 118|0x000000008a600000, 0x000000008a6ed030, 0x000000008a700000| 92%| E|  |TAMS 0x000000008a600000, 0x000000008a600000| Complete 
| 119|0x000000008a700000, 0x000000008a800000, 0x000000008a800000|100%| E|CS|TAMS 0x000000008a700000, 0x000000008a700000| Complete 
| 120|0x000000008a800000, 0x000000008a900000, 0x000000008a900000|100%| E|CS|TAMS 0x000000008a800000, 0x000000008a800000| Complete 
| 121|0x000000008a900000, 0x000000008aa00000, 0x000000008aa00000|100%| E|CS|TAMS 0x000000008a900000, 0x000000008a900000| Complete 
| 122|0x000000008aa00000, 0x000000008ab00000, 0x000000008ab00000|100%| E|CS|TAMS 0x000000008aa00000, 0x000000008aa00000| Complete 
| 123|0x000000008ab00000, 0x000000008ac00000, 0x000000008ac00000|100%| E|CS|TAMS 0x000000008ab00000, 0x000000008ab00000| Complete 
| 124|0x000000008ac00000, 0x000000008ad00000, 0x000000008ad00000|100%| E|CS|TAMS 0x000000008ac00000, 0x000000008ac00000| Complete 
| 125|0x000000008ad00000, 0x000000008ae00000, 0x000000008ae00000|100%| E|CS|TAMS 0x000000008ad00000, 0x000000008ad00000| Complete 

Card table byte_map: [0x000001f4f3980000,0x000001f4f3d70000] _byte_map_base: 0x000001f4f3568000

Marking Bits (Prev, Next): (CMBitMap*) 0x000001f4dab211a0, (CMBitMap*) 0x000001f4dab211e0
 Prev Bits: [0x000001f4f4160000, 0x000001f4f60a0000)
 Next Bits: [0x000001f4f60a0000, 0x000001f4f7fe0000)

Polling page: 0x000001f4dabc0000

Metaspace:

Usage:
  Non-class:      5.09 MB used.
      Class:    622.04 KB used.
       Both:      5.70 MB used.

Virtual space:
  Non-class space:        8.00 MB reserved,       5.19 MB ( 65%) committed,  1 nodes.
      Class space:        1.00 GB reserved,     704.00 KB ( <1%) committed,  1 nodes.
             Both:        1.01 GB reserved,       5.88 MB ( <1%) committed. 

Chunk freelists:
   Non-Class:  1.92 MB
       Class:  3.14 MB
        Both:  5.05 MB

MaxMetaspaceSize: unlimited
CompressedClassSpaceSize: 1.00 GB
Initial GC threshold: 21.00 MB
Current GC threshold: 21.00 MB
CDS: on
MetaspaceReclaimPolicy: balanced
 - commit_granule_bytes: 65536.
 - commit_granule_words: 8192.
 - virtual_space_node_default_size: 1048576.
 - enlarge_chunks_in_place: 1.
 - new_chunks_are_fully_committed: 0.
 - uncommit_free_chunks: 1.
 - use_allocation_guard: 0.
 - handle_deallocations: 1.


Internal statistics:

num_allocs_failed_limit: 0.
num_arena_births: 108.
num_arena_deaths: 0.
num_vsnodes_births: 2.
num_vsnodes_deaths: 0.
num_space_committed: 94.
num_space_uncommitted: 0.
num_chunks_returned_to_freelist: 0.
num_chunks_taken_from_freelist: 194.
num_chunk_merges: 0.
num_chunk_splits: 117.
num_chunks_enlarged: 57.
num_purges: 0.
num_inconsistent_stats: 0.

CodeHeap 'non-profiled nmethods': size=120000Kb used=217Kb max_used=217Kb free=119782Kb
 bounds [0x000001f4eb5e0000, 0x000001f4eb850000, 0x000001f4f2b10000]
CodeHeap 'profiled nmethods': size=120000Kb used=973Kb max_used=973Kb free=119026Kb
 bounds [0x000001f4e40b0000, 0x000001f4e4320000, 0x000001f4eb5e0000]
CodeHeap 'non-nmethods': size=5760Kb used=1214Kb max_used=1230Kb free=4545Kb
 bounds [0x000001f4e3b10000, 0x000001f4e3d80000, 0x000001f4e40b0000]
 total_blobs=1217 nmethods=693 adapters=437
 compilation: enabled
              stopped_count=0, restarted_count=0
 full_count=0

Compilation events (20 events):
Event: 0.360 Thread 0x000001f4faa8f7b0  617       3       jdk.internal.math.FDBigInteger::<init> (30 bytes)
Event: 0.360 Thread 0x000001f4faa8f7b0 nmethod 617 0x000001f4e4186c10 code [0x000001f4e4186dc0, 0x000001f4e4186fc8]
Event: 0.360 Thread 0x000001f4faa8f7b0  618       3       jdk.internal.math.FDBigInteger::trimLeadingZeros (57 bytes)
Event: 0.360 Thread 0x000001f4faa8f7b0 nmethod 618 0x000001f4e4187110 code [0x000001f4e41872c0, 0x000001f4e4187598]
Event: 0.360 Thread 0x000001f4faa8f7b0  619       3       jdk.internal.math.FDBigInteger::size (10 bytes)
Event: 0.361 Thread 0x000001f4faa8f7b0 nmethod 619 0x000001f4e4187690 code [0x000001f4e4187820, 0x000001f4e4187938]
Event: 0.364 Thread 0x000001f4faa8f7b0  621       3       jdk.internal.org.objectweb.asm.MethodWriter::visitFieldInsn (258 bytes)
Event: 0.365 Thread 0x000001f4faa8f7b0 nmethod 621 0x000001f4e4187a10 code [0x000001f4e4187c80, 0x000001f4e41887e8]
Event: 0.365 Thread 0x000001f4faa8f7b0  623       3       java.lang.StringLatin1::indexOf (36 bytes)
Event: 0.366 Thread 0x000001f4faa8f7b0 nmethod 623 0x000001f4e4188c10 code [0x000001f4e4188de0, 0x000001f4e41890e8]
Event: 0.366 Thread 0x000001f4faa8f7b0  622       3       jdk.internal.org.objectweb.asm.SymbolTable::addConstantFieldref (10 bytes)
Event: 0.366 Thread 0x000001f4faa8f7b0 nmethod 622 0x000001f4e4189210 code [0x000001f4e41893a0, 0x000001f4e41894e8]
Event: 0.370 Thread 0x000001f4faa8f7b0  626       1       java.security.CodeSource::getLocationNoFragString (5 bytes)
Event: 0.370 Thread 0x000001f4faa8f7b0 nmethod 626 0x000001f4eb60c410 code [0x000001f4eb60c5a0, 0x000001f4eb60c678]
Event: 0.373 Thread 0x000001f4faa8f7b0  627       1       java.net.URL::getFile (5 bytes)
Event: 0.373 Thread 0x000001f4faa8f7b0 nmethod 627 0x000001f4eb60c710 code [0x000001f4eb60c8a0, 0x000001f4eb60c978]
Event: 0.374 Thread 0x000001f4faa8f7b0  628       3       java.lang.StringLatin1::indexOf (121 bytes)
Event: 0.375 Thread 0x000001f4faa8f7b0 nmethod 628 0x000001f4e4189590 code [0x000001f4e4189760, 0x000001f4e4189c58]
Event: 0.375 Thread 0x000001f4faa8f7b0  629       3       java.nio.Buffer::position (52 bytes)
Event: 0.375 Thread 0x000001f4faa8f7b0 nmethod 629 0x000001f4e4189e90 code [0x000001f4e418a040, 0x000001f4e418a2c8]

GC Heap History (0 events):
No events

Deoptimization events (6 events):
Event: 0.243 Thread 0x000001f4daae1cd0 Uncommon trap: trap_request=0xffffff45 fr.pc=0x000001f4eb5ef108 relative=0x0000000000000928
Event: 0.243 Thread 0x000001f4daae1cd0 Uncommon trap: reason=unstable_if action=reinterpret pc=0x000001f4eb5ef108 method=java.util.HashMap.putVal(ILjava/lang/Object;Ljava/lang/Object;ZZ)Ljava/lang/Object; @ 81 c2
Event: 0.243 Thread 0x000001f4daae1cd0 DEOPT PACKING pc=0x000001f4eb5ef108 sp=0x00000027f08fde10
Event: 0.243 Thread 0x000001f4daae1cd0 DEOPT UNPACKING pc=0x000001f4e3b623a3 sp=0x00000027f08fddb0 mode 2
Event: 0.364 Thread 0x000001f4daae1cd0 DEOPT PACKING pc=0x000001f4e40c7767 sp=0x00000027f08fcf00
Event: 0.364 Thread 0x000001f4daae1cd0 DEOPT UNPACKING pc=0x000001f4e3b62b43 sp=0x00000027f08fc320 mode 0

Classes unloaded (0 events):
No events

Classes redefined (0 events):
No events

Internal exceptions (17 events):
Event: 0.090 Thread 0x000001f4daae1cd0 Exception <a 'sun/nio/fs/WindowsException'{0x000000008ac362d8}> (0x000000008ac362d8) 
thrown [t:\workspace\open\src\hotspot\share\prims\jni.cpp, line 516]
Event: 0.091 Thread 0x000001f4daae1cd0 Exception <a 'sun/nio/fs/WindowsException'{0x000000008ac36848}> (0x000000008ac36848) 
thrown [t:\workspace\open\src\hotspot\share\prims\jni.cpp, line 516]
Event: 0.092 Thread 0x000001f4daae1cd0 Exception <a 'sun/nio/fs/WindowsException'{0x000000008ac38c48}> (0x000000008ac38c48) 
thrown [t:\workspace\open\src\hotspot\share\prims\jni.cpp, line 516]
Event: 0.093 Thread 0x000001f4daae1cd0 Exception <a 'sun/nio/fs/WindowsException'{0x000000008ac39748}> (0x000000008ac39748) 
thrown [t:\workspace\open\src\hotspot\share\prims\jni.cpp, line 516]
Event: 0.134 Thread 0x000001f4daae1cd0 Exception <a 'java/lang/ClassNotFoundException'{0x000000008ab07888}: sun/awt/resources/spi/awtProvider> (0x000000008ab07888) 
thrown [t:\workspace\open\src\hotspot\share\classfile\systemDictionary.cpp, line 256]
Event: 0.160 Thread 0x000001f4daae1cd0 Exception <a 'java/io/FileNotFoundException'{0x000000008ab5a958}> (0x000000008ab5a958) 
thrown [t:\workspace\open\src\hotspot\share\prims\jni.cpp, line 516]
Event: 0.168 Thread 0x000001f4daae1cd0 Exception <a 'java/io/FileNotFoundException'{0x000000008ab87ab8}> (0x000000008ab87ab8) 
thrown [t:\workspace\open\src\hotspot\share\prims\jni.cpp, line 516]
Event: 0.207 Thread 0x000001f4daae1cd0 Exception <a 'java/lang/NoSuchMethodError'{0x000000008abcbb88}: 'java.lang.Object java.lang.invoke.DirectMethodHandle$Holder.invokeStaticInit(java.lang.Object)'> (0x000000008abcbb88) 
thrown [t:\workspace\open\src\hotspot\share\interpreter\linkResolver.cpp, line 766]
Event: 0.245 Thread 0x000001f4daae1cd0 Exception <a 'java/lang/NoSuchMethodError'{0x000000008aa299b0}: 'void java.lang.invoke.DirectMethodHandle$Holder.invokeSpecial(java.lang.Object, java.lang.Object, java.lang.Object)'> (0x000000008aa299b0) 
thrown [t:\workspace\open\src\hotspot\share\interpreter\linkResolver.cpp, line 766]
Event: 0.254 Thread 0x000001f4daae1cd0 Exception <a 'java/lang/NoSuchMethodError'{0x000000008aa53b50}: 'java.lang.Object java.lang.invoke.DirectMethodHandle$Holder.newInvokeSpecial(java.lang.Object, java.lang.Object, java.lang.Object, java.lang.Object, java.lang.Object)'> (0x000000008aa53b50) 
thrown [t:\workspace\open\src\hotspot\share\interpreter\linkResolver.cpp, line 766]
Event: 0.256 Thread 0x000001f4daae1cd0 Exception <a 'java/lang/NoSuchMethodError'{0x000000008aa5f518}: 'java.lang.Object java.lang.invoke.DirectMethodHandle$Holder.invokeStatic(java.lang.Object, int, java.lang.Object, java.lang.Object, java.lang.Object, java.lang.Object)'> (0x000000008aa5f518) 
thrown [t:\workspace\open\src\hotspot\share\interpreter\linkResolver.cpp, line 766]
Event: 0.260 Thread 0x000001f4daae1cd0 Exception <a 'java/lang/NoSuchMethodError'{0x000000008aa85000}: 'java.lang.Object java.lang.invoke.DirectMethodHandle$Holder.invokeStatic(java.lang.Object, int, java.lang.Object)'> (0x000000008aa85000) 
thrown [t:\workspace\open\src\hotspot\share\interpreter\linkResolver.cpp, line 766]
Event: 0.287 Thread 0x000001f4daae1cd0 Exception <a 'java/lang/ClassNotFoundException'{0x000000008a93cfb0}: com/sun/swing/internal/plaf/metal/resources/spi/metalProvider> (0x000000008a93cfb0) 
thrown [t:\workspace\open\src\hotspot\share\classfile\systemDictionary.cpp, line 256]
Event: 0.288 Thread 0x000001f4daae1cd0 Exception <a 'java/lang/ClassNotFoundException'{0x000000008a940e58}: com/sun/swing/internal/plaf/basic/resources/spi/basicProvider> (0x000000008a940e58) 
thrown [t:\workspace\open\src\hotspot\share\classfile\systemDictionary.cpp, line 256]
Event: 0.336 Thread 0x000001f4daae1cd0 Exception <a 'java/lang/NoSuchMethodError'{0x000000008a840920}: 'java.lang.Object java.lang.invoke.DirectMethodHandle$Holder.invokeInterface(java.lang.Object, java.lang.Object)'> (0x000000008a840920) 
thrown [t:\workspace\open\src\hotspot\share\interpreter\linkResolver.cpp, line 766]
Event: 0.363 Thread 0x000001f4daae1cd0 Exception <a 'java/lang/NoSuchMethodError'{0x000000008a8c0708}: 'void java.lang.invoke.DirectMethodHandle$Holder.invokeStatic(java.lang.Object, java.lang.Object, java.lang.Object)'> (0x000000008a8c0708) 
thrown [t:\workspace\open\src\hotspot\share\interpreter\linkResolver.cpp, line 766]
Event: 0.365 Thread 0x000001f4daae1cd0 Exception <a 'java/lang/NoSuchMethodError'{0x000000008a8ca5d8}: 'java.lang.Object java.lang.invoke.DirectMethodHandle$Holder.invokeVirtual(java.lang.Object, java.lang.Object, java.lang.Object)'> (0x000000008a8ca5d8) 
thrown [t:\workspace\open\src\hotspot\share\interpreter\linkResolver.cpp, line 766]

VM Operations (4 events):
Event: 0.094 Executing VM operation: HandshakeAllThreads
Event: 0.094 Executing VM operation: HandshakeAllThreads done
Event: 0.305 Executing VM operation: HandshakeAllThreads
Event: 0.305 Executing VM operation: HandshakeAllThreads done

Events (20 events):
Event: 0.341 loading class sun/util/PropertyResourceBundleCharset$PropertiesFileDecoder
Event: 0.341 loading class sun/util/PropertyResourceBundleCharset$PropertiesFileDecoder done
Event: 0.356 loading class java/text/MessageFormat
Event: 0.357 loading class java/text/MessageFormat done
Event: 0.358 loading class jdk/internal/math/FDBigInteger
Event: 0.358 loading class jdk/internal/math/FDBigInteger done
Event: 0.359 loading class java/math/MathContext
Event: 0.359 loading class java/math/MathContext done
Event: 0.361 loading class java/util/Collections$UnmodifiableMap$UnmodifiableEntrySet
Event: 0.361 loading class java/util/Collections$UnmodifiableMap$UnmodifiableEntrySet done
Event: 0.361 loading class java/util/Collections$UnmodifiableMap$UnmodifiableEntrySet$UnmodifiableEntrySetSpliterator
Event: 0.361 loading class java/util/Collections$UnmodifiableMap$UnmodifiableEntrySet$UnmodifiableEntrySetSpliterator done
Event: 0.362 loading class java/util/HashMap$EntrySpliterator
Event: 0.362 loading class java/util/HashMap$EntrySpliterator done
Event: 0.363 loading class java/lang/invoke/DirectMethodHandle$Special
Event: 0.363 loading class java/lang/invoke/DirectMethodHandle$Special done
Event: 0.365 loading class java/lang/invoke/MethodHandle$1
Event: 0.365 loading class java/lang/invoke/MethodHandle$1 done
Event: 0.367 loading class java/lang/NoSuchFieldError
Event: 0.368 loading class java/lang/NoSuchFieldError done


Dynamic libraries:
0x00007ff7d6320000 - 0x00007ff7d6330000 	C:\Program Files\Java\jdk-17.0.2\bin\java.exe
0x00007ff834170000 - 0x00007ff834368000 	C:\WINDOWS\SYSTEM32\ntdll.dll
0x00007ff824740000 - 0x00007ff824759000 	C:\Program Files\Avast Software\Avast\aswhook.dll
0x00007ff832510000 - 0x00007ff8325cd000 	C:\WINDOWS\System32\KERNEL32.DLL
0x00007ff8319a0000 - 0x00007ff831c96000 	C:\WINDOWS\System32\KERNELBASE.dll
0x00007ff831f60000 - 0x00007ff832060000 	C:\WINDOWS\System32\ucrtbase.dll
0x00007ff822de0000 - 0x00007ff822df8000 	C:\Program Files\Java\jdk-17.0.2\bin\jli.dll
0x00007ff82bc20000 - 0x00007ff82bc3a000 	C:\Program Files\Java\jdk-17.0.2\bin\VCRUNTIME140.dll
0x00007ff832460000 - 0x00007ff83250e000 	C:\WINDOWS\System32\ADVAPI32.dll
0x00007ff8333e0000 - 0x00007ff83347e000 	C:\WINDOWS\System32\msvcrt.dll
0x00007ff833690000 - 0x00007ff83372c000 	C:\WINDOWS\System32\sechost.dll
0x00007ff832660000 - 0x00007ff832786000 	C:\WINDOWS\System32\RPCRT4.dll
0x00007ff8330e0000 - 0x00007ff83327e000 	C:\WINDOWS\System32\USER32.dll
0x00007ff831f30000 - 0x00007ff831f52000 	C:\WINDOWS\System32\win32u.dll
0x00007ff81ed60000 - 0x00007ff81effa000 	C:\WINDOWS\WinSxS\amd64_microsoft.windows.common-controls_6595b64144ccf1df_6.0.19041.1110_none_60b5254171f9507e\COMCTL32.dll
0x00007ff834100000 - 0x00007ff83412c000 	C:\WINDOWS\System32\GDI32.dll
0x00007ff832060000 - 0x00007ff83217a000 	C:\WINDOWS\System32\gdi32full.dll
0x00007ff831900000 - 0x00007ff83199d000 	C:\WINDOWS\System32\msvcp_win.dll
0x00007ff82b050000 - 0x00007ff82b05a000 	C:\WINDOWS\SYSTEM32\VERSION.dll
0x00007ff833c50000 - 0x00007ff833c80000 	C:\WINDOWS\System32\IMM32.DLL
0x00007ff82bc10000 - 0x00007ff82bc1c000 	C:\Program Files\Java\jdk-17.0.2\bin\vcruntime140_1.dll
0x00007ffffcbc0000 - 0x00007ffffcc4d000 	C:\Program Files\Java\jdk-17.0.2\bin\msvcp140.dll
0x00007fffb2ce0000 - 0x00007fffb38a1000 	C:\Program Files\Java\jdk-17.0.2\bin\server\jvm.dll
0x00007ff833280000 - 0x00007ff833288000 	C:\WINDOWS\System32\PSAPI.DLL
0x00007ff8188d0000 - 0x00007ff8188d9000 	C:\WINDOWS\SYSTEM32\WSOCK32.dll
0x00007ff80ff00000 - 0x00007ff80ff27000 	C:\WINDOWS\SYSTEM32\WINMM.dll
0x00007ff833290000 - 0x00007ff8332fb000 	C:\WINDOWS\System32\WS2_32.dll
0x00007ff830070000 - 0x00007ff830082000 	C:\WINDOWS\SYSTEM32\kernel.appcore.dll
0x00007ff823440000 - 0x00007ff82344a000 	C:\Program Files\Java\jdk-17.0.2\bin\jimage.dll
0x00007ff82f5e0000 - 0x00007ff82f7c4000 	C:\WINDOWS\SYSTEM32\DBGHELP.DLL
0x00007ff8232c0000 - 0x00007ff8232f4000 	C:\WINDOWS\SYSTEM32\dbgcore.DLL
0x00007ff831e70000 - 0x00007ff831ef2000 	C:\WINDOWS\System32\bcryptPrimitives.dll
0x00007ff8248b0000 - 0x00007ff8248d5000 	C:\Program Files\Java\jdk-17.0.2\bin\java.dll
0x00007ff812290000 - 0x00007ff812366000 	C:\Program Files\Java\jdk-17.0.2\bin\jsvml.dll
0x00007ff832990000 - 0x00007ff8330d5000 	C:\WINDOWS\System32\SHELL32.dll
0x00007ff82f8c0000 - 0x00007ff83005b000 	C:\WINDOWS\SYSTEM32\windows.storage.dll
0x00007ff833870000 - 0x00007ff833bc4000 	C:\WINDOWS\System32\combase.dll
0x00007ff8311c0000 - 0x00007ff8311ee000 	C:\WINDOWS\SYSTEM32\Wldp.dll
0x00007ff832280000 - 0x00007ff83232d000 	C:\WINDOWS\System32\SHCORE.dll
0x00007ff832390000 - 0x00007ff8323e5000 	C:\WINDOWS\System32\shlwapi.dll
0x00007ff831780000 - 0x00007ff8317a5000 	C:\WINDOWS\SYSTEM32\profapi.dll
0x00007ff822ca0000 - 0x00007ff822cb9000 	C:\Program Files\Java\jdk-17.0.2\bin\net.dll
0x00007ff829e60000 - 0x00007ff829f6a000 	C:\WINDOWS\SYSTEM32\WINHTTP.dll
0x00007ff830f20000 - 0x00007ff830f8a000 	C:\WINDOWS\system32\mswsock.dll
0x00007ff81f950000 - 0x00007ff81f966000 	C:\Program Files\Java\jdk-17.0.2\bin\nio.dll
0x00007ff817a20000 - 0x00007ff817a38000 	C:\Program Files\Java\jdk-17.0.2\bin\zip.dll
0x00007fffd62f0000 - 0x00007fffd647f000 	C:\Program Files\Java\jdk-17.0.2\bin\awt.dll
0x00007ff832790000 - 0x00007ff83285d000 	C:\WINDOWS\System32\OLEAUT32.dll
0x00007ff82ed60000 - 0x00007ff82edf1000 	C:\WINDOWS\SYSTEM32\apphelp.dll
0x00007ff82f230000 - 0x00007ff82f25f000 	C:\WINDOWS\system32\DWMAPI.DLL
0x00007ff82ee70000 - 0x00007ff82ef0e000 	C:\WINDOWS\system32\uxtheme.dll
0x00007ff817fd0000 - 0x00007ff8180f5000 	C:\WINDOWS\system32\opengl32.dll
0x00007ff821f80000 - 0x00007ff821fac000 	C:\WINDOWS\SYSTEM32\GLU32.dll
0x00007ff833750000 - 0x00007ff833864000 	C:\WINDOWS\System32\MSCTF.dll
0x00007ff832860000 - 0x00007ff83298a000 	C:\WINDOWS\System32\ole32.dll

dbghelp: loaded successfully - version: 4.0.5 - missing functions: none
symbol engine: initialized successfully - sym options: 0x614 - pdb path: .;C:\Program Files\Java\jdk-17.0.2\bin;C:\WINDOWS\SYSTEM32;C:\Program Files\Avast Software\Avast;C:\WINDOWS\WinSxS\amd64_microsoft.windows.common-controls_6595b64144ccf1df_6.0.19041.1110_none_60b5254171f9507e;C:\Program Files\Java\jdk-17.0.2\bin\server

VM Arguments:
jvm_args: -Dfile.encoding=UTF-8 --module-path=C:\Users\HP\Documents\NetBeansProjects\Travel Management System\build\classes 
java_command: travel.management.system.bookhotel
java_class_path (initial): C:\Users\HP\Downloads\mysql-connector-java-8.0.28.jar;C:\Users\HP\Documents\NetBeansProjects\Travel Management System\build\classes
Launcher Type: SUN_STANDARD

[Global flags]
     intx CICompilerCount                          = 4                                         {product} {ergonomic}
     uint ConcGCThreads                            = 2                                         {product} {ergonomic}
     uint G1ConcRefinementThreads                  = 8                                         {product} {ergonomic}
   size_t G1HeapRegionSize                         = 1048576                                   {product} {ergonomic}
    uintx GCDrainStackTargetSize                   = 64                                        {product} {ergonomic}
   size_t InitialHeapSize                          = 132120576                                 {product} {ergonomic}
   size_t MarkStackSize                            = 4194304                                   {product} {ergonomic}
   size_t MaxHeapSize                              = 2097152000                                {product} {ergonomic}
   size_t MaxNewSize                               = 1258291200                                {product} {ergonomic}
   size_t MinHeapDeltaBytes                        = 1048576                                   {product} {ergonomic}
   size_t MinHeapSize                              = 8388608                                   {product} {ergonomic}
    uintx NonNMethodCodeHeapSize                   = 5839372                                {pd product} {ergonomic}
    uintx NonProfiledCodeHeapSize                  = 122909434                              {pd product} {ergonomic}
    uintx ProfiledCodeHeapSize                     = 122909434                              {pd product} {ergonomic}
    uintx ReservedCodeCacheSize                    = 251658240                              {pd product} {ergonomic}
     bool SegmentedCodeCache                       = true                                      {product} {ergonomic}
   size_t SoftMaxHeapSize                          = 2097152000                             {manageable} {ergonomic}
     bool UseCompressedClassPointers               = true                           {product lp64_product} {ergonomic}
     bool UseCompressedOops                        = true                           {product lp64_product} {ergonomic}
     bool UseG1GC                                  = true                                      {product} {ergonomic}
     bool UseLargePagesIndividualAllocation        = false                                  {pd product} {ergonomic}

Logging:
Log output configuration:
 #0: stdout all=warning uptime,level,tags
 #1: stderr all=off uptime,level,tags

Environment Variables:
PATH=C:\Program Files\Java\jdk-17.0.2\bin;C:\Program Files\Common Files\Oracle\Java\javapath;C:\WINDOWS\system32;C:\WINDOWS;C:\WINDOWS\System32\Wbem;C:\WINDOWS\System32\WindowsPowerShell\v1.0\;C:\WINDOWS\System32\OpenSSH\;C:\MinGW\bin;C:\Program Files\MySQL\MySQL Shell 8.0\bin\;C:\Users\HP\AppData\Local\Microsoft\WindowsApps;C:\Users\HP\AppData\Local\Programs\Microsoft VS Code\bin;C:\MinGW\bin;
USERNAME=HP
OS=Windows_NT
PROCESSOR_IDENTIFIER=Intel64 Family 6 Model 166 Stepping 0, GenuineIntel



---------------  S Y S T E M  ---------------

OS:
 Windows 10 , 64 bit Build 19041 (10.0.19041.3393)
OS uptime: 1 days 0:56 hours

CPU: total 8 (initial active 8) (4 cores per cpu, 2 threads per core) family 6 model 166 stepping 0 microcode 0xe0, cx8, cmov, fxsr, ht, mmx, 3dnowpref, sse, sse2, sse3, ssse3, sse4.1, sse4.2, popcnt, lzcnt, tsc, tscinvbit, avx, avx2, aes, erms, clmul, bmi1, bmi2, adx, fma, vzeroupper, clflush, clflushopt

Memory: 4k page, system-wide physical 7996M (1496M free)
TotalPageFile size 32572M (AvailPageFile size 4M)
current process WorkingSet (physical memory assigned to process): 55M, peak: 55M
current process commit charge ("private bytes"): 220M, peak: 220M

vm_info: Java HotSpot(TM) 64-Bit Server VM (17.0.2+8-LTS-86) for windows-amd64 JRE (17.0.2+8-LTS-86), built on Dec  7 2021 21:51:03 by "mach5one" with MS VC++ 16.8 / 16.9 (VS2019)

END.
