#
# There is insufficient memory for the Java Runtime Environment to continue.
# Native memory allocation (mmap) failed to map 132120576 bytes for G1 virtual space
# Possible reasons:
#   The system is out of physical RAM or swap space
#   The process is running with CompressedOops enabled, and the Java Heap may be blocking the growth of the native heap
# Possible solutions:
#   Reduce memory load on the system
#   Increase physical memory or swap space
#   Check if swap backing store is full
#   Decrease Java heap size (-Xmx/-Xms)
#   Decrease number of Java threads
#   Decrease Java thread stack sizes (-Xss)
#   Set larger code cache with -XX:ReservedCodeCacheSize=
#   JVM is running with Unscaled Compressed Oops mode in which the Java heap is
#     placed in the first 4GB address space. The Java Heap base address is the
#     maximum limit for the native heap growth. Please use -XX:HeapBaseMinAddress
#     to set the Java Heap base and to place the Java Heap above 4GB virtual address.
# This output file may be truncated or incomplete.
#
#  Out of Memory Error (os_windows.cpp:3532), pid=35244, tid=46276
#
# JRE version:  (17.0.2+8) (build )
# Java VM: Java HotSpot(TM) 64-Bit Server VM (17.0.2+8-LTS-86, mixed mode, sharing, tiered, compressed oops, compressed class ptrs, g1 gc, windows-amd64)
# No core dump will be written. Minidumps are not enabled by default on client versions of Windows
#

---------------  S U M M A R Y ------------

Command Line: -Dfile.encoding=UTF-8 --module-path=C:\Users\HP\Documents\NetBeansProjects\Travel Management System\build\classes travel.management.system.splash

Host: Intel(R) Core(TM) i5-10210U CPU @ 1.60GHz, 8 cores, 7G,  Windows 10 , 64 bit Build 19041 (10.0.19041.3155)
Time: Sat Sep 23 00:46:24 2023 India Standard Time elapsed time: 0.014103 seconds (0d 0h 0m 0s)

---------------  T H R E A D  ---------------

Current thread (0x00000281e1214a40):  JavaThread "Unknown thread" [_thread_in_vm, id=46276, stack(0x0000008934100000,0x0000008934200000)]

Stack: [0x0000008934100000,0x0000008934200000]
Native frames: (J=compiled Java code, j=interpreted, Vv=VM code, C=native code)
V  [jvm.dll+0x670baa]
V  [jvm.dll+0x7cfcb4]
V  [jvm.dll+0x7d145e]
V  [jvm.dll+0x7d1ac3]
V  [jvm.dll+0x242bc5]
V  [jvm.dll+0x66dac9]
V  [jvm.dll+0x662412]
V  [jvm.dll+0x300c0b]
V  [jvm.dll+0x3081a6]
V  [jvm.dll+0x357d0e]
V  [jvm.dll+0x357f3f]
V  [jvm.dll+0x2d7ec8]
V  [jvm.dll+0x2d8e34]
V  [jvm.dll+0x7a18c1]
V  [jvm.dll+0x365a91]
V  [jvm.dll+0x780d2c]
V  [jvm.dll+0x3e845f]
V  [jvm.dll+0x3e9f01]
C  [jli.dll+0x527b]
C  [ucrtbase.dll+0x21bb2]
C  [KERNEL32.DLL+0x17614]
C  [ntdll.dll+0x526b1]


---------------  P R O C E S S  ---------------

Threads class SMR info:
_java_thread_list=0x00007ffeb1209858, length=0, elements={
}

Java Threads: ( => current thread )

Other Threads:
  0x00000281e124e4c0 GCTaskThread "GC Thread#0" [stack: 0x0000008934200000,0x0000008934300000] [id=40700]
  0x00000281e12602e0 ConcurrentGCThread "G1 Main Marker" [stack: 0x0000008934300000,0x0000008934400000] [id=44180]
  0x00000281e1262d10 ConcurrentGCThread "G1 Conc#0" [stack: 0x0000008934400000,0x0000008934500000] [id=14948]

[error occurred during error reporting (printing all threads), id 0xc0000005, EXCEPTION_ACCESS_VIOLATION (0xc0000005) at pc=0x00007ffeb0a588a7]

VM state: not at safepoint (not fully initialized)

VM Mutex/Monitor currently owned by a thread:  ([mutex/lock_event])
[0x00000281e1212580] Heap_lock - owner thread: 0x00000281e1214a40

Heap address: 0x0000000083000000, size: 2000 MB, Compressed Oops mode: 32-bit

CDS archive(s) mapped at: [0x0000000000000000-0x0000000000000000-0x0000000000000000), size 0, SharedBaseAddress: 0x0000000800000000, ArchiveRelocationMode: 0.
Narrow klass base: 0x0000000000000000, Narrow klass shift: 0, Narrow klass range: 0x0

GC Precious Log:
<Empty>

Heap:
 garbage-first heap   total 0K, used 0K [0x0000000083000000, 0x0000000100000000)
  region size 1024K, 0 young (0K), 0 survivors (0K)

[error occurred during error reporting (printing heap information), id 0xc0000005, EXCEPTION_ACCESS_VIOLATION (0xc0000005) at pc=0x00007ffeb0e39f19]

GC Heap History (0 events):
No events

Deoptimization events (0 events):
No events

Classes unloaded (0 events):
No events

Classes redefined (0 events):
No events

Internal exceptions (0 events):
No events

VM Operations (0 events):
No events

Events (1 events):
Event: 0.009 Loaded shared library C:\Program Files\Java\jdk-17.0.2\bin\java.dll


Dynamic libraries:
0x00007ff7944d0000 - 0x00007ff7944e0000 	C:\Program Files\Java\jdk-17.0.2\bin\java.exe
0x00007fff08f70000 - 0x00007fff09168000 	C:\WINDOWS\SYSTEM32\ntdll.dll
0x00007fff06160000 - 0x00007fff06179000 	C:\Program Files\Avast Software\Avast\aswhook.dll
0x00007fff08330000 - 0x00007fff083ef000 	C:\WINDOWS\System32\KERNEL32.DLL
0x00007fff06650000 - 0x00007fff06946000 	C:\WINDOWS\System32\KERNELBASE.dll
0x00007fff06bc0000 - 0x00007fff06cc0000 	C:\WINDOWS\System32\ucrtbase.dll
0x00007fff011e0000 - 0x00007fff011f8000 	C:\Program Files\Java\jdk-17.0.2\bin\jli.dll
0x00007ffefff30000 - 0x00007ffefff4a000 	C:\Program Files\Java\jdk-17.0.2\bin\VCRUNTIME140.dll
0x00007fff06fd0000 - 0x00007fff0707f000 	C:\WINDOWS\System32\ADVAPI32.dll
0x00007fff08290000 - 0x00007fff0832e000 	C:\WINDOWS\System32\msvcrt.dll
0x00007fff081e0000 - 0x00007fff0827c000 	C:\WINDOWS\System32\sechost.dll
0x00007fff08480000 - 0x00007fff085a6000 	C:\WINDOWS\System32\RPCRT4.dll
0x00007fff07890000 - 0x00007fff07a2d000 	C:\WINDOWS\System32\USER32.dll
0x00007fff06950000 - 0x00007fff06972000 	C:\WINDOWS\System32\win32u.dll
0x00007fff083f0000 - 0x00007fff0841c000 	C:\WINDOWS\System32\GDI32.dll
0x00007fff059d0000 - 0x00007fff05c6a000 	C:\WINDOWS\WinSxS\amd64_microsoft.windows.common-controls_6595b64144ccf1df_6.0.19041.1110_none_60b5254171f9507e\COMCTL32.dll
0x00007fff069d0000 - 0x00007fff06ae5000 	C:\WINDOWS\System32\gdi32full.dll
0x00007fff06b20000 - 0x00007fff06bbd000 	C:\WINDOWS\System32\msvcp_win.dll
0x00007ffefd440000 - 0x00007ffefd44a000 	C:\WINDOWS\SYSTEM32\VERSION.dll
0x00007fff07090000 - 0x00007fff070c0000 	C:\WINDOWS\System32\IMM32.DLL
0x00007fff02eb0000 - 0x00007fff02ebc000 	C:\Program Files\Java\jdk-17.0.2\bin\vcruntime140_1.dll
0x00007ffee4220000 - 0x00007ffee42ad000 	C:\Program Files\Java\jdk-17.0.2\bin\msvcp140.dll
0x00007ffeb0770000 - 0x00007ffeb1331000 	C:\Program Files\Java\jdk-17.0.2\bin\server\jvm.dll
0x00007fff08280000 - 0x00007fff08288000 	C:\WINDOWS\System32\PSAPI.DLL
0x00007ffee3160000 - 0x00007ffee3187000 	C:\WINDOWS\SYSTEM32\WINMM.dll
0x00007ffeec770000 - 0x00007ffeec779000 	C:\WINDOWS\SYSTEM32\WSOCK32.dll
0x00007fff07d60000 - 0x00007fff07dcb000 	C:\WINDOWS\System32\WS2_32.dll
0x00007fff04180000 - 0x00007fff04192000 	C:\WINDOWS\SYSTEM32\kernel.appcore.dll
0x00007fff00e20000 - 0x00007fff00e2a000 	C:\Program Files\Java\jdk-17.0.2\bin\jimage.dll
0x00007fff05f60000 - 0x00007fff06144000 	C:\WINDOWS\SYSTEM32\DBGHELP.DLL
0x00007fff05d80000 - 0x00007fff05db4000 	C:\WINDOWS\SYSTEM32\dbgcore.DLL
0x00007fff06d70000 - 0x00007fff06df2000 	C:\WINDOWS\System32\bcryptPrimitives.dll
0x00007ffeff650000 - 0x00007ffeff675000 	C:\Program Files\Java\jdk-17.0.2\bin\java.dll

dbghelp: loaded successfully - version: 4.0.5 - missing functions: none
symbol engine: initialized successfully - sym options: 0x614 - pdb path: .;C:\Program Files\Java\jdk-17.0.2\bin;C:\WINDOWS\SYSTEM32;C:\Program Files\Avast Software\Avast;C:\WINDOWS\WinSxS\amd64_microsoft.windows.common-controls_6595b64144ccf1df_6.0.19041.1110_none_60b5254171f9507e;C:\Program Files\Java\jdk-17.0.2\bin\server

VM Arguments:
jvm_args: -Dfile.encoding=UTF-8 --module-path=C:\Users\HP\Documents\NetBeansProjects\Travel Management System\build\classes 
java_command: travel.management.system.splash
java_class_path (initial): C:\Users\HP\Downloads\mysql-connector-java-8.0.28.jar;C:\Users\HP\Documents\NetBeansProjects\Travel Management System\build\classes
Launcher Type: SUN_STANDARD

[Global flags]
     intx CICompilerCount                          = 4                                         {product} {ergonomic}
     uint ConcGCThreads                            = 2                                         {product} {ergonomic}
     uint G1ConcRefinementThreads                  = 8                                         {product} {ergonomic}
   size_t G1HeapRegionSize                         = 1048576                                   {product} {ergonomic}
    uintx GCDrainStackTargetSize                   = 64                                        {product} {ergonomic}
   size_t InitialHeapSize                          = 132120576                                 {product} {ergonomic}
   size_t MarkStackSize                            = 4194304                                   {product} {ergonomic}
   size_t MaxHeapSize                              = 2097152000                                {product} {ergonomic}
   size_t MinHeapDeltaBytes                        = 1048576                                   {product} {ergonomic}
   size_t MinHeapSize                              = 8388608                                   {product} {ergonomic}
    uintx NonNMethodCodeHeapSize                   = 5839372                                {pd product} {ergonomic}
    uintx NonProfiledCodeHeapSize                  = 122909434                              {pd product} {ergonomic}
    uintx ProfiledCodeHeapSize                     = 122909434                              {pd product} {ergonomic}
    uintx ReservedCodeCacheSize                    = 251658240                              {pd product} {ergonomic}
     bool SegmentedCodeCache                       = true                                      {product} {ergonomic}
   size_t SoftMaxHeapSize                          = 2097152000                             {manageable} {ergonomic}
     bool UseCompressedClassPointers               = true                           {product lp64_product} {ergonomic}
     bool UseCompressedOops                        = true                           {product lp64_product} {ergonomic}
     bool UseG1GC                                  = true                                      {product} {ergonomic}
     bool UseLargePagesIndividualAllocation        = false                                  {pd product} {ergonomic}

Logging:
Log output configuration:
 #0: stdout all=warning uptime,level,tags
 #1: stderr all=off uptime,level,tags

Environment Variables:
PATH=C:\Program Files\Java\jdk-17.0.2\bin;C:\Program Files\Common Files\Oracle\Java\javapath;C:\WINDOWS\system32;C:\WINDOWS;C:\WINDOWS\System32\Wbem;C:\WINDOWS\System32\WindowsPowerShell\v1.0\;C:\WINDOWS\System32\OpenSSH\;C:\MinGW\bin;C:\Program Files\MySQL\MySQL Shell 8.0\bin\;C:\Users\HP\AppData\Local\Microsoft\WindowsApps;C:\Users\HP\AppData\Local\Programs\Microsoft VS Code\bin;C:\MinGW\bin;
USERNAME=HP
OS=Windows_NT
PROCESSOR_IDENTIFIER=Intel64 Family 6 Model 166 Stepping 0, GenuineIntel



---------------  S Y S T E M  ---------------

OS:
 Windows 10 , 64 bit Build 19041 (10.0.19041.3155)
OS uptime: 25 days 11:35 hours

CPU: total 8 (initial active 8) (4 cores per cpu, 2 threads per core) family 6 model 166 stepping 0 microcode 0xe0, cx8, cmov, fxsr, ht, mmx, 3dnowpref, sse, sse2, sse3, ssse3, sse4.1, sse4.2, popcnt, lzcnt, tsc, tscinvbit, avx, avx2, aes, erms, clmul, bmi1, bmi2, adx, fma, vzeroupper, clflush, clflushopt

Memory: 4k page, system-wide physical 7996M (717M free)
TotalPageFile size 32572M (AvailPageFile size 92M)
current process WorkingSet (physical memory assigned to process): 10M, peak: 10M
current process commit charge ("private bytes"): 60M, peak: 186M

vm_info: Java HotSpot(TM) 64-Bit Server VM (17.0.2+8-LTS-86) for windows-amd64 JRE (17.0.2+8-LTS-86), built on Dec  7 2021 21:51:03 by "mach5one" with MS VC++ 16.8 / 16.9 (VS2019)

END.
