#
# There is insufficient memory for the Java Runtime Environment to continue.
# Native memory allocation (mmap) failed to map 65536 bytes for Failed to commit metaspace.
# Possible reasons:
#   The system is out of physical RAM or swap space
#   The process is running with CompressedOops enabled, and the Java Heap may be blocking the growth of the native heap
# Possible solutions:
#   Reduce memory load on the system
#   Increase physical memory or swap space
#   Check if swap backing store is full
#   Decrease Java heap size (-Xmx/-Xms)
#   Decrease number of Java threads
#   Decrease Java thread stack sizes (-Xss)
#   Set larger code cache with -XX:ReservedCodeCacheSize=
#   JVM is running with Unscaled Compressed Oops mode in which the Java heap is
#     placed in the first 4GB address space. The Java Heap base address is the
#     maximum limit for the native heap growth. Please use -XX:HeapBaseMinAddress
#     to set the Java Heap base and to place the Java Heap above 4GB virtual address.
# This output file may be truncated or incomplete.
#
#  Out of Memory Error (virtualSpaceNode.cpp:110), pid=49252, tid=38384
#
# JRE version: Java(TM) SE Runtime Environment (17.0.2+8) (build 17.0.2+8-LTS-86)
# Java VM: Java HotSpot(TM) 64-Bit Server VM (17.0.2+8-LTS-86, mixed mode, tiered, compressed oops, compressed class ptrs, g1 gc, windows-amd64)
# No core dump will be written. Minidumps are not enabled by default on client versions of Windows
#

---------------  S U M M A R Y ------------

Command Line: -Dfile.encoding=UTF-8 --module-path=C:\Users\HP\Documents\NetBeansProjects\Travel Management System\build\classes travel.management.system.dashboard

Host: Intel(R) Core(TM) i5-10210U CPU @ 1.60GHz, 8 cores, 7G,  Windows 10 , 64 bit Build 19041 (10.0.19041.3155)
Time: Sat Sep 23 00:45:16 2023 India Standard Time elapsed time: 0.171310 seconds (0d 0h 0m 0s)

---------------  T H R E A D  ---------------

Current thread (0x000002a35ea22850):  JavaThread "main" [_thread_in_vm, id=38384, stack(0x000000bb16d00000,0x000000bb16e00000)]

Stack: [0x000000bb16d00000,0x000000bb16e00000]
Native frames: (J=compiled Java code, j=interpreted, Vv=VM code, C=native code)
V  [jvm.dll+0x670baa]
V  [jvm.dll+0x7cfcb4]
V  [jvm.dll+0x7d145e]
V  [jvm.dll+0x7d1ac3]
V  [jvm.dll+0x242bc5]
V  [jvm.dll+0x7cbc5b]
V  [jvm.dll+0x616966]
V  [jvm.dll+0x6169ca]
V  [jvm.dll+0x6191da]
V  [jvm.dll+0x617306]
V  [jvm.dll+0x2385a0]
V  [jvm.dll+0x1e880d]
V  [jvm.dll+0x1de251]
V  [jvm.dll+0x537c30]
V  [jvm.dll+0x1eea37]
V  [jvm.dll+0x74a15b]
V  [jvm.dll+0x74b502]
V  [jvm.dll+0x74bc99]
V  [jvm.dll+0x1e65d6]
V  [jvm.dll+0x1e8cdb]
V  [jvm.dll+0x1de251]
V  [jvm.dll+0x537c30]
V  [jvm.dll+0x1eea37]
V  [jvm.dll+0x74a15b]
V  [jvm.dll+0x74b502]
V  [jvm.dll+0x74b838]
V  [jvm.dll+0x23af1e]
V  [jvm.dll+0x37d0fe]
C  0x000002a36628f2a3

Java frames: (J=compiled Java code, j=interpreted, Vv=VM code)
j  sun.nio.fs.WindowsFileSystemProvider.readAttributes(Ljava/nio/file/Path;Ljava/lang/Class;[Ljava/nio/file/LinkOption;)Ljava/nio/file/attribute/BasicFileAttributes;+6 java.base@17.0.2
j  java.nio.file.Files.readAttributes(Ljava/nio/file/Path;Ljava/lang/Class;[Ljava/nio/file/LinkOption;)Ljava/nio/file/attribute/BasicFileAttributes;+7 java.base@17.0.2
j  jdk.internal.module.ModulePath.scan(Ljava/nio/file/Path;)Ljava/util/Map;+7 java.base@17.0.2
j  jdk.internal.module.ModulePath.scanNextEntry()V+23 java.base@17.0.2
j  jdk.internal.module.ModulePath.findAll()Ljava/util/Set;+8 java.base@17.0.2
j  java.lang.module.ModuleFinder$2.lambda$findAll$2(Ljava/lang/module/ModuleFinder;)Ljava/util/stream/Stream;+1 java.base@17.0.2
j  java.lang.module.ModuleFinder$2$$Lambda$17+0x0000000100017f08.apply(Ljava/lang/Object;)Ljava/lang/Object;+4 java.base@17.0.2
j  java.util.stream.ReferencePipeline$7$1.accept(Ljava/lang/Object;)V+8 java.base@17.0.2
j  java.util.AbstractList$RandomAccessSpliterator.forEachRemaining(Ljava/util/function/Consumer;)V+39 java.base@17.0.2
j  java.util.stream.AbstractPipeline.copyInto(Ljava/util/stream/Sink;Ljava/util/Spliterator;)V+32 java.base@17.0.2
j  java.util.stream.AbstractPipeline.wrapAndCopyInto(Ljava/util/stream/Sink;Ljava/util/Spliterator;)Ljava/util/stream/Sink;+13 java.base@17.0.2
j  java.util.stream.ForEachOps$ForEachOp.evaluateSequential(Ljava/util/stream/PipelineHelper;Ljava/util/Spliterator;)Ljava/lang/Void;+3 java.base@17.0.2
j  java.util.stream.ForEachOps$ForEachOp$OfRef.evaluateSequential(Ljava/util/stream/PipelineHelper;Ljava/util/Spliterator;)Ljava/lang/Object;+3 java.base@17.0.2
j  java.util.stream.AbstractPipeline.evaluate(Ljava/util/stream/TerminalOp;)Ljava/lang/Object;+88 java.base@17.0.2
j  java.util.stream.ReferencePipeline.forEach(Ljava/util/function/Consumer;)V+6 java.base@17.0.2
j  java.lang.module.ModuleFinder$2.findAll()Ljava/util/Set;+55 java.base@17.0.2
j  java.lang.module.Resolver.findAll()Ljava/util/Set;+4 java.base@17.0.2
j  java.lang.module.Resolver.bind(Z)Ljava/lang/module/Resolver;+9 java.base@17.0.2
j  java.lang.module.Configuration.resolveAndBind(Ljava/lang/module/ModuleFinder;Ljava/util/Collection;Ljava/io/PrintStream;)Ljava/lang/module/Configuration;+33 java.base@17.0.2
j  java.lang.module.ModuleDescriptor$1.resolveAndBind(Ljava/lang/module/ModuleFinder;Ljava/util/Collection;Ljava/io/PrintStream;)Ljava/lang/module/Configuration;+3 java.base@17.0.2
j  jdk.internal.module.Modules.newBootLayerConfiguration(Ljava/lang/module/ModuleFinder;Ljava/util/Collection;Ljava/io/PrintStream;)Ljava/lang/module/Configuration;+6 java.base@17.0.2
j  jdk.internal.module.ModuleBootstrap.boot2()Ljava/lang/ModuleLayer;+896 java.base@17.0.2
j  jdk.internal.module.ModuleBootstrap.boot()Ljava/lang/ModuleLayer;+64 java.base@17.0.2
j  java.lang.System.initPhase2(ZZ)I+0 java.base@17.0.2
v  ~StubRoutines::call_stub

---------------  P R O C E S S  ---------------

Threads class SMR info:
_java_thread_list=0x000002a3009ec700, length=11, elements={
0x000002a35ea22850, 0x000002a37ca60620, 0x000002a37ca61710, 0x000002a37ca85020,
0x000002a37ca858e0, 0x000002a37ca713c0, 0x000002a37ca71c80, 0x000002a300933970,
0x000002a300934410, 0x000002a30093f220, 0x000002a300a3bec0
}

Java Threads: ( => current thread )
=>0x000002a35ea22850 JavaThread "main" [_thread_in_vm, id=38384, stack(0x000000bb16d00000,0x000000bb16e00000)]
  0x000002a37ca60620 JavaThread "Reference Handler" daemon [_thread_blocked, id=51856, stack(0x000000bb17400000,0x000000bb17500000)]
  0x000002a37ca61710 JavaThread "Finalizer" daemon [_thread_blocked, id=43688, stack(0x000000bb17500000,0x000000bb17600000)]
  0x000002a37ca85020 JavaThread "Signal Dispatcher" daemon [_thread_blocked, id=44104, stack(0x000000bb17600000,0x000000bb17700000)]
  0x000002a37ca858e0 JavaThread "Attach Listener" daemon [_thread_blocked, id=41144, stack(0x000000bb17700000,0x000000bb17800000)]
  0x000002a37ca713c0 JavaThread "Service Thread" daemon [_thread_blocked, id=38296, stack(0x000000bb17800000,0x000000bb17900000)]
  0x000002a37ca71c80 JavaThread "Monitor Deflation Thread" daemon [_thread_blocked, id=48216, stack(0x000000bb17900000,0x000000bb17a00000)]
  0x000002a300933970 JavaThread "C2 CompilerThread0" daemon [_thread_blocked, id=51940, stack(0x000000bb17a00000,0x000000bb17b00000)]
  0x000002a300934410 JavaThread "C1 CompilerThread0" daemon [_thread_blocked, id=44632, stack(0x000000bb17b00000,0x000000bb17c00000)]
  0x000002a30093f220 JavaThread "Sweeper thread" daemon [_thread_blocked, id=47528, stack(0x000000bb17c00000,0x000000bb17d00000)]
  0x000002a300a3bec0 JavaThread "Common-Cleaner" daemon [_thread_blocked, id=5840, stack(0x000000bb17d00000,0x000000bb17e00000)]

Other Threads:
  0x000002a37c9e1de0 VMThread "VM Thread" [stack: 0x000000bb17300000,0x000000bb17400000] [id=50324]
  0x000002a35ea5f620 GCTaskThread "GC Thread#0" [stack: 0x000000bb16e00000,0x000000bb16f00000] [id=43612]
  0x000002a35ea70f70 ConcurrentGCThread "G1 Main Marker" [stack: 0x000000bb16f00000,0x000000bb17000000] [id=48492]
  0x000002a35ea74140 ConcurrentGCThread "G1 Conc#0" [stack: 0x000000bb17000000,0x000000bb17100000] [id=48312]
  0x000002a37c8a0090 ConcurrentGCThread "G1 Refine#0" [stack: 0x000000bb17100000,0x000000bb17200000] [id=35136]
  0x000002a37c8a0ab0 ConcurrentGCThread "G1 Service" [stack: 0x000000bb17200000,0x000000bb17300000] [id=44012]

Threads with active compile tasks:

VM state: not at safepoint (normal execution)

VM Mutex/Monitor currently owned by a thread:  ([mutex/lock_event])
[0x000002a35ea1caf0] Metaspace_lock - owner thread: 0x000002a35ea22850

Heap address: 0x0000000083000000, size: 2000 MB, Compressed Oops mode: 32-bit

CDS archive(s) not mapped
Compressed class space mapped at: 0x0000000100000000-0x0000000140000000, reserved size: 1073741824
Narrow klass base: 0x0000000000000000, Narrow klass shift: 3, Narrow klass range: 0x140000000

GC Precious Log:
 CPUs: 8 total, 8 available
 Memory: 7996M
 Large Page Support: Disabled
 NUMA Support: Disabled
 Compressed Oops: Enabled (32-bit)
 Heap Region Size: 1M
 Heap Min Capacity: 8M
 Heap Initial Capacity: 126M
 Heap Max Capacity: 2000M
 Pre-touch: Disabled
 Parallel Workers: 8
 Concurrent Workers: 2
 Concurrent Refinement Workers: 8
 Periodic GC: Disabled

Heap:
 garbage-first heap   total 129024K, used 1024K [0x0000000083000000, 0x0000000100000000)
  region size 1024K, 2 young (2048K), 0 survivors (0K)
 Metaspace       used 5223K, committed 5376K, reserved 1056768K
  class space    used 422K, committed 512K, reserved 1048576K

Heap Regions: E=young(eden), S=young(survivor), O=old, HS=humongous(starts), HC=humongous(continues), CS=collection set, F=free, OA=open archive, CA=closed archive, TAMS=top-at-mark-start (previous, next)
|   0|0x0000000083000000, 0x0000000083000000, 0x0000000083100000|  0%| F|  |TAMS 0x0000000083000000, 0x0000000083000000| Untracked 
|   1|0x0000000083100000, 0x0000000083100000, 0x0000000083200000|  0%| F|  |TAMS 0x0000000083100000, 0x0000000083100000| Untracked 
|   2|0x0000000083200000, 0x0000000083200000, 0x0000000083300000|  0%| F|  |TAMS 0x0000000083200000, 0x0000000083200000| Untracked 
|   3|0x0000000083300000, 0x0000000083300000, 0x0000000083400000|  0%| F|  |TAMS 0x0000000083300000, 0x0000000083300000| Untracked 
|   4|0x0000000083400000, 0x0000000083400000, 0x0000000083500000|  0%| F|  |TAMS 0x0000000083400000, 0x0000000083400000| Untracked 
|   5|0x0000000083500000, 0x0000000083500000, 0x0000000083600000|  0%| F|  |TAMS 0x0000000083500000, 0x0000000083500000| Untracked 
|   6|0x0000000083600000, 0x0000000083600000, 0x0000000083700000|  0%| F|  |TAMS 0x0000000083600000, 0x0000000083600000| Untracked 
|   7|0x0000000083700000, 0x0000000083700000, 0x0000000083800000|  0%| F|  |TAMS 0x0000000083700000, 0x0000000083700000| Untracked 
|   8|0x0000000083800000, 0x0000000083800000, 0x0000000083900000|  0%| F|  |TAMS 0x0000000083800000, 0x0000000083800000| Untracked 
|   9|0x0000000083900000, 0x0000000083900000, 0x0000000083a00000|  0%| F|  |TAMS 0x0000000083900000, 0x0000000083900000| Untracked 
|  10|0x0000000083a00000, 0x0000000083a00000, 0x0000000083b00000|  0%| F|  |TAMS 0x0000000083a00000, 0x0000000083a00000| Untracked 
|  11|0x0000000083b00000, 0x0000000083b00000, 0x0000000083c00000|  0%| F|  |TAMS 0x0000000083b00000, 0x0000000083b00000| Untracked 
|  12|0x0000000083c00000, 0x0000000083c00000, 0x0000000083d00000|  0%| F|  |TAMS 0x0000000083c00000, 0x0000000083c00000| Untracked 
|  13|0x0000000083d00000, 0x0000000083d00000, 0x0000000083e00000|  0%| F|  |TAMS 0x0000000083d00000, 0x0000000083d00000| Untracked 
|  14|0x0000000083e00000, 0x0000000083e00000, 0x0000000083f00000|  0%| F|  |TAMS 0x0000000083e00000, 0x0000000083e00000| Untracked 
|  15|0x0000000083f00000, 0x0000000083f00000, 0x0000000084000000|  0%| F|  |TAMS 0x0000000083f00000, 0x0000000083f00000| Untracked 
|  16|0x0000000084000000, 0x0000000084000000, 0x0000000084100000|  0%| F|  |TAMS 0x0000000084000000, 0x0000000084000000| Untracked 
|  17|0x0000000084100000, 0x0000000084100000, 0x0000000084200000|  0%| F|  |TAMS 0x0000000084100000, 0x0000000084100000| Untracked 
|  18|0x0000000084200000, 0x0000000084200000, 0x0000000084300000|  0%| F|  |TAMS 0x0000000084200000, 0x0000000084200000| Untracked 
|  19|0x0000000084300000, 0x0000000084300000, 0x0000000084400000|  0%| F|  |TAMS 0x0000000084300000, 0x0000000084300000| Untracked 
|  20|0x0000000084400000, 0x0000000084400000, 0x0000000084500000|  0%| F|  |TAMS 0x0000000084400000, 0x0000000084400000| Untracked 
|  21|0x0000000084500000, 0x0000000084500000, 0x0000000084600000|  0%| F|  |TAMS 0x0000000084500000, 0x0000000084500000| Untracked 
|  22|0x0000000084600000, 0x0000000084600000, 0x0000000084700000|  0%| F|  |TAMS 0x0000000084600000, 0x0000000084600000| Untracked 
|  23|0x0000000084700000, 0x0000000084700000, 0x0000000084800000|  0%| F|  |TAMS 0x0000000084700000, 0x0000000084700000| Untracked 
|  24|0x0000000084800000, 0x0000000084800000, 0x0000000084900000|  0%| F|  |TAMS 0x0000000084800000, 0x0000000084800000| Untracked 
|  25|0x0000000084900000, 0x0000000084900000, 0x0000000084a00000|  0%| F|  |TAMS 0x0000000084900000, 0x0000000084900000| Untracked 
|  26|0x0000000084a00000, 0x0000000084a00000, 0x0000000084b00000|  0%| F|  |TAMS 0x0000000084a00000, 0x0000000084a00000| Untracked 
|  27|0x0000000084b00000, 0x0000000084b00000, 0x0000000084c00000|  0%| F|  |TAMS 0x0000000084b00000, 0x0000000084b00000| Untracked 
|  28|0x0000000084c00000, 0x0000000084c00000, 0x0000000084d00000|  0%| F|  |TAMS 0x0000000084c00000, 0x0000000084c00000| Untracked 
|  29|0x0000000084d00000, 0x0000000084d00000, 0x0000000084e00000|  0%| F|  |TAMS 0x0000000084d00000, 0x0000000084d00000| Untracked 
|  30|0x0000000084e00000, 0x0000000084e00000, 0x0000000084f00000|  0%| F|  |TAMS 0x0000000084e00000, 0x0000000084e00000| Untracked 
|  31|0x0000000084f00000, 0x0000000084f00000, 0x0000000085000000|  0%| F|  |TAMS 0x0000000084f00000, 0x0000000084f00000| Untracked 
|  32|0x0000000085000000, 0x0000000085000000, 0x0000000085100000|  0%| F|  |TAMS 0x0000000085000000, 0x0000000085000000| Untracked 
|  33|0x0000000085100000, 0x0000000085100000, 0x0000000085200000|  0%| F|  |TAMS 0x0000000085100000, 0x0000000085100000| Untracked 
|  34|0x0000000085200000, 0x0000000085200000, 0x0000000085300000|  0%| F|  |TAMS 0x0000000085200000, 0x0000000085200000| Untracked 
|  35|0x0000000085300000, 0x0000000085300000, 0x0000000085400000|  0%| F|  |TAMS 0x0000000085300000, 0x0000000085300000| Untracked 
|  36|0x0000000085400000, 0x0000000085400000, 0x0000000085500000|  0%| F|  |TAMS 0x0000000085400000, 0x0000000085400000| Untracked 
|  37|0x0000000085500000, 0x0000000085500000, 0x0000000085600000|  0%| F|  |TAMS 0x0000000085500000, 0x0000000085500000| Untracked 
|  38|0x0000000085600000, 0x0000000085600000, 0x0000000085700000|  0%| F|  |TAMS 0x0000000085600000, 0x0000000085600000| Untracked 
|  39|0x0000000085700000, 0x0000000085700000, 0x0000000085800000|  0%| F|  |TAMS 0x0000000085700000, 0x0000000085700000| Untracked 
|  40|0x0000000085800000, 0x0000000085800000, 0x0000000085900000|  0%| F|  |TAMS 0x0000000085800000, 0x0000000085800000| Untracked 
|  41|0x0000000085900000, 0x0000000085900000, 0x0000000085a00000|  0%| F|  |TAMS 0x0000000085900000, 0x0000000085900000| Untracked 
|  42|0x0000000085a00000, 0x0000000085a00000, 0x0000000085b00000|  0%| F|  |TAMS 0x0000000085a00000, 0x0000000085a00000| Untracked 
|  43|0x0000000085b00000, 0x0000000085b00000, 0x0000000085c00000|  0%| F|  |TAMS 0x0000000085b00000, 0x0000000085b00000| Untracked 
|  44|0x0000000085c00000, 0x0000000085c00000, 0x0000000085d00000|  0%| F|  |TAMS 0x0000000085c00000, 0x0000000085c00000| Untracked 
|  45|0x0000000085d00000, 0x0000000085d00000, 0x0000000085e00000|  0%| F|  |TAMS 0x0000000085d00000, 0x0000000085d00000| Untracked 
|  46|0x0000000085e00000, 0x0000000085e00000, 0x0000000085f00000|  0%| F|  |TAMS 0x0000000085e00000, 0x0000000085e00000| Untracked 
|  47|0x0000000085f00000, 0x0000000085f00000, 0x0000000086000000|  0%| F|  |TAMS 0x0000000085f00000, 0x0000000085f00000| Untracked 
|  48|0x0000000086000000, 0x0000000086000000, 0x0000000086100000|  0%| F|  |TAMS 0x0000000086000000, 0x0000000086000000| Untracked 
|  49|0x0000000086100000, 0x0000000086100000, 0x0000000086200000|  0%| F|  |TAMS 0x0000000086100000, 0x0000000086100000| Untracked 
|  50|0x0000000086200000, 0x0000000086200000, 0x0000000086300000|  0%| F|  |TAMS 0x0000000086200000, 0x0000000086200000| Untracked 
|  51|0x0000000086300000, 0x0000000086300000, 0x0000000086400000|  0%| F|  |TAMS 0x0000000086300000, 0x0000000086300000| Untracked 
|  52|0x0000000086400000, 0x0000000086400000, 0x0000000086500000|  0%| F|  |TAMS 0x0000000086400000, 0x0000000086400000| Untracked 
|  53|0x0000000086500000, 0x0000000086500000, 0x0000000086600000|  0%| F|  |TAMS 0x0000000086500000, 0x0000000086500000| Untracked 
|  54|0x0000000086600000, 0x0000000086600000, 0x0000000086700000|  0%| F|  |TAMS 0x0000000086600000, 0x0000000086600000| Untracked 
|  55|0x0000000086700000, 0x0000000086700000, 0x0000000086800000|  0%| F|  |TAMS 0x0000000086700000, 0x0000000086700000| Untracked 
|  56|0x0000000086800000, 0x0000000086800000, 0x0000000086900000|  0%| F|  |TAMS 0x0000000086800000, 0x0000000086800000| Untracked 
|  57|0x0000000086900000, 0x0000000086900000, 0x0000000086a00000|  0%| F|  |TAMS 0x0000000086900000, 0x0000000086900000| Untracked 
|  58|0x0000000086a00000, 0x0000000086a00000, 0x0000000086b00000|  0%| F|  |TAMS 0x0000000086a00000, 0x0000000086a00000| Untracked 
|  59|0x0000000086b00000, 0x0000000086b00000, 0x0000000086c00000|  0%| F|  |TAMS 0x0000000086b00000, 0x0000000086b00000| Untracked 
|  60|0x0000000086c00000, 0x0000000086c00000, 0x0000000086d00000|  0%| F|  |TAMS 0x0000000086c00000, 0x0000000086c00000| Untracked 
|  61|0x0000000086d00000, 0x0000000086d00000, 0x0000000086e00000|  0%| F|  |TAMS 0x0000000086d00000, 0x0000000086d00000| Untracked 
|  62|0x0000000086e00000, 0x0000000086e00000, 0x0000000086f00000|  0%| F|  |TAMS 0x0000000086e00000, 0x0000000086e00000| Untracked 
|  63|0x0000000086f00000, 0x0000000086f00000, 0x0000000087000000|  0%| F|  |TAMS 0x0000000086f00000, 0x0000000086f00000| Untracked 
|  64|0x0000000087000000, 0x0000000087000000, 0x0000000087100000|  0%| F|  |TAMS 0x0000000087000000, 0x0000000087000000| Untracked 
|  65|0x0000000087100000, 0x0000000087100000, 0x0000000087200000|  0%| F|  |TAMS 0x0000000087100000, 0x0000000087100000| Untracked 
|  66|0x0000000087200000, 0x0000000087200000, 0x0000000087300000|  0%| F|  |TAMS 0x0000000087200000, 0x0000000087200000| Untracked 
|  67|0x0000000087300000, 0x0000000087300000, 0x0000000087400000|  0%| F|  |TAMS 0x0000000087300000, 0x0000000087300000| Untracked 
|  68|0x0000000087400000, 0x0000000087400000, 0x0000000087500000|  0%| F|  |TAMS 0x0000000087400000, 0x0000000087400000| Untracked 
|  69|0x0000000087500000, 0x0000000087500000, 0x0000000087600000|  0%| F|  |TAMS 0x0000000087500000, 0x0000000087500000| Untracked 
|  70|0x0000000087600000, 0x0000000087600000, 0x0000000087700000|  0%| F|  |TAMS 0x0000000087600000, 0x0000000087600000| Untracked 
|  71|0x0000000087700000, 0x0000000087700000, 0x0000000087800000|  0%| F|  |TAMS 0x0000000087700000, 0x0000000087700000| Untracked 
|  72|0x0000000087800000, 0x0000000087800000, 0x0000000087900000|  0%| F|  |TAMS 0x0000000087800000, 0x0000000087800000| Untracked 
|  73|0x0000000087900000, 0x0000000087900000, 0x0000000087a00000|  0%| F|  |TAMS 0x0000000087900000, 0x0000000087900000| Untracked 
|  74|0x0000000087a00000, 0x0000000087a00000, 0x0000000087b00000|  0%| F|  |TAMS 0x0000000087a00000, 0x0000000087a00000| Untracked 
|  75|0x0000000087b00000, 0x0000000087b00000, 0x0000000087c00000|  0%| F|  |TAMS 0x0000000087b00000, 0x0000000087b00000| Untracked 
|  76|0x0000000087c00000, 0x0000000087c00000, 0x0000000087d00000|  0%| F|  |TAMS 0x0000000087c00000, 0x0000000087c00000| Untracked 
|  77|0x0000000087d00000, 0x0000000087d00000, 0x0000000087e00000|  0%| F|  |TAMS 0x0000000087d00000, 0x0000000087d00000| Untracked 
|  78|0x0000000087e00000, 0x0000000087e00000, 0x0000000087f00000|  0%| F|  |TAMS 0x0000000087e00000, 0x0000000087e00000| Untracked 
|  79|0x0000000087f00000, 0x0000000087f00000, 0x0000000088000000|  0%| F|  |TAMS 0x0000000087f00000, 0x0000000087f00000| Untracked 
|  80|0x0000000088000000, 0x0000000088000000, 0x0000000088100000|  0%| F|  |TAMS 0x0000000088000000, 0x0000000088000000| Untracked 
|  81|0x0000000088100000, 0x0000000088100000, 0x0000000088200000|  0%| F|  |TAMS 0x0000000088100000, 0x0000000088100000| Untracked 
|  82|0x0000000088200000, 0x0000000088200000, 0x0000000088300000|  0%| F|  |TAMS 0x0000000088200000, 0x0000000088200000| Untracked 
|  83|0x0000000088300000, 0x0000000088300000, 0x0000000088400000|  0%| F|  |TAMS 0x0000000088300000, 0x0000000088300000| Untracked 
|  84|0x0000000088400000, 0x0000000088400000, 0x0000000088500000|  0%| F|  |TAMS 0x0000000088400000, 0x0000000088400000| Untracked 
|  85|0x0000000088500000, 0x0000000088500000, 0x0000000088600000|  0%| F|  |TAMS 0x0000000088500000, 0x0000000088500000| Untracked 
|  86|0x0000000088600000, 0x0000000088600000, 0x0000000088700000|  0%| F|  |TAMS 0x0000000088600000, 0x0000000088600000| Untracked 
|  87|0x0000000088700000, 0x0000000088700000, 0x0000000088800000|  0%| F|  |TAMS 0x0000000088700000, 0x0000000088700000| Untracked 
|  88|0x0000000088800000, 0x0000000088800000, 0x0000000088900000|  0%| F|  |TAMS 0x0000000088800000, 0x0000000088800000| Untracked 
|  89|0x0000000088900000, 0x0000000088900000, 0x0000000088a00000|  0%| F|  |TAMS 0x0000000088900000, 0x0000000088900000| Untracked 
|  90|0x0000000088a00000, 0x0000000088a00000, 0x0000000088b00000|  0%| F|  |TAMS 0x0000000088a00000, 0x0000000088a00000| Untracked 
|  91|0x0000000088b00000, 0x0000000088b00000, 0x0000000088c00000|  0%| F|  |TAMS 0x0000000088b00000, 0x0000000088b00000| Untracked 
|  92|0x0000000088c00000, 0x0000000088c00000, 0x0000000088d00000|  0%| F|  |TAMS 0x0000000088c00000, 0x0000000088c00000| Untracked 
|  93|0x0000000088d00000, 0x0000000088d00000, 0x0000000088e00000|  0%| F|  |TAMS 0x0000000088d00000, 0x0000000088d00000| Untracked 
|  94|0x0000000088e00000, 0x0000000088e00000, 0x0000000088f00000|  0%| F|  |TAMS 0x0000000088e00000, 0x0000000088e00000| Untracked 
|  95|0x0000000088f00000, 0x0000000088f00000, 0x0000000089000000|  0%| F|  |TAMS 0x0000000088f00000, 0x0000000088f00000| Untracked 
|  96|0x0000000089000000, 0x0000000089000000, 0x0000000089100000|  0%| F|  |TAMS 0x0000000089000000, 0x0000000089000000| Untracked 
|  97|0x0000000089100000, 0x0000000089100000, 0x0000000089200000|  0%| F|  |TAMS 0x0000000089100000, 0x0000000089100000| Untracked 
|  98|0x0000000089200000, 0x0000000089200000, 0x0000000089300000|  0%| F|  |TAMS 0x0000000089200000, 0x0000000089200000| Untracked 
|  99|0x0000000089300000, 0x0000000089300000, 0x0000000089400000|  0%| F|  |TAMS 0x0000000089300000, 0x0000000089300000| Untracked 
| 100|0x0000000089400000, 0x0000000089400000, 0x0000000089500000|  0%| F|  |TAMS 0x0000000089400000, 0x0000000089400000| Untracked 
| 101|0x0000000089500000, 0x0000000089500000, 0x0000000089600000|  0%| F|  |TAMS 0x0000000089500000, 0x0000000089500000| Untracked 
| 102|0x0000000089600000, 0x0000000089600000, 0x0000000089700000|  0%| F|  |TAMS 0x0000000089600000, 0x0000000089600000| Untracked 
| 103|0x0000000089700000, 0x0000000089700000, 0x0000000089800000|  0%| F|  |TAMS 0x0000000089700000, 0x0000000089700000| Untracked 
| 104|0x0000000089800000, 0x0000000089800000, 0x0000000089900000|  0%| F|  |TAMS 0x0000000089800000, 0x0000000089800000| Untracked 
| 105|0x0000000089900000, 0x0000000089900000, 0x0000000089a00000|  0%| F|  |TAMS 0x0000000089900000, 0x0000000089900000| Untracked 
| 106|0x0000000089a00000, 0x0000000089a00000, 0x0000000089b00000|  0%| F|  |TAMS 0x0000000089a00000, 0x0000000089a00000| Untracked 
| 107|0x0000000089b00000, 0x0000000089b00000, 0x0000000089c00000|  0%| F|  |TAMS 0x0000000089b00000, 0x0000000089b00000| Untracked 
| 108|0x0000000089c00000, 0x0000000089c00000, 0x0000000089d00000|  0%| F|  |TAMS 0x0000000089c00000, 0x0000000089c00000| Untracked 
| 109|0x0000000089d00000, 0x0000000089d00000, 0x0000000089e00000|  0%| F|  |TAMS 0x0000000089d00000, 0x0000000089d00000| Untracked 
| 110|0x0000000089e00000, 0x0000000089e00000, 0x0000000089f00000|  0%| F|  |TAMS 0x0000000089e00000, 0x0000000089e00000| Untracked 
| 111|0x0000000089f00000, 0x0000000089f00000, 0x000000008a000000|  0%| F|  |TAMS 0x0000000089f00000, 0x0000000089f00000| Untracked 
| 112|0x000000008a000000, 0x000000008a000000, 0x000000008a100000|  0%| F|  |TAMS 0x000000008a000000, 0x000000008a000000| Untracked 
| 113|0x000000008a100000, 0x000000008a100000, 0x000000008a200000|  0%| F|  |TAMS 0x000000008a100000, 0x000000008a100000| Untracked 
| 114|0x000000008a200000, 0x000000008a200000, 0x000000008a300000|  0%| F|  |TAMS 0x000000008a200000, 0x000000008a200000| Untracked 
| 115|0x000000008a300000, 0x000000008a300000, 0x000000008a400000|  0%| F|  |TAMS 0x000000008a300000, 0x000000008a300000| Untracked 
| 116|0x000000008a400000, 0x000000008a400000, 0x000000008a500000|  0%| F|  |TAMS 0x000000008a400000, 0x000000008a400000| Untracked 
| 117|0x000000008a500000, 0x000000008a500000, 0x000000008a600000|  0%| F|  |TAMS 0x000000008a500000, 0x000000008a500000| Untracked 
| 118|0x000000008a600000, 0x000000008a600000, 0x000000008a700000|  0%| F|  |TAMS 0x000000008a600000, 0x000000008a600000| Untracked 
| 119|0x000000008a700000, 0x000000008a700000, 0x000000008a800000|  0%| F|  |TAMS 0x000000008a700000, 0x000000008a700000| Untracked 
| 120|0x000000008a800000, 0x000000008a800000, 0x000000008a900000|  0%| F|  |TAMS 0x000000008a800000, 0x000000008a800000| Untracked 
| 121|0x000000008a900000, 0x000000008a900000, 0x000000008aa00000|  0%| F|  |TAMS 0x000000008a900000, 0x000000008a900000| Untracked 
| 122|0x000000008aa00000, 0x000000008aa00000, 0x000000008ab00000|  0%| F|  |TAMS 0x000000008aa00000, 0x000000008aa00000| Untracked 
| 123|0x000000008ab00000, 0x000000008ab00000, 0x000000008ac00000|  0%| F|  |TAMS 0x000000008ab00000, 0x000000008ab00000| Untracked 
| 124|0x000000008ac00000, 0x000000008ac764a8, 0x000000008ad00000| 46%| E|  |TAMS 0x000000008ac00000, 0x000000008ac00000| Complete 
| 125|0x000000008ad00000, 0x000000008ae00000, 0x000000008ae00000|100%| E|CS|TAMS 0x000000008ad00000, 0x000000008ad00000| Complete 

Card table byte_map: [0x000002a3759a0000,0x000002a375d90000] _byte_map_base: 0x000002a375588000

Marking Bits (Prev, Next): (CMBitMap*) 0x000002a35ea5fc30, (CMBitMap*) 0x000002a35ea5fc70
 Prev Bits: [0x000002a376180000, 0x000002a3780c0000)
 Next Bits: [0x000002a3780c0000, 0x000002a37a000000)

Polling page: 0x000002a35e200000

Metaspace:

Usage:
  Non-class:      4.69 MB used.
      Class:    422.54 KB used.
       Both:      5.10 MB used.

Virtual space:
  Non-class space:        8.00 MB reserved,       4.75 MB ( 59%) committed,  1 nodes.
      Class space:        1.00 GB reserved,     512.00 KB ( <1%) committed,  1 nodes.
             Both:        1.01 GB reserved,       5.25 MB ( <1%) committed. 

Chunk freelists:
   Non-Class:  3.00 MB
       Class:  3.56 MB
        Both:  6.56 MB

MaxMetaspaceSize: unlimited
CompressedClassSpaceSize: 1.00 GB
Initial GC threshold: 21.00 MB
Current GC threshold: 21.00 MB
CDS: off
MetaspaceReclaimPolicy: balanced
 - commit_granule_bytes: 65536.
 - commit_granule_words: 8192.
 - virtual_space_node_default_size: 1048576.
 - enlarge_chunks_in_place: 1.
 - new_chunks_are_fully_committed: 0.
 - uncommit_free_chunks: 1.
 - use_allocation_guard: 0.
 - handle_deallocations: 1.


Internal statistics:

num_allocs_failed_limit: 0.
num_arena_births: 4.
num_arena_deaths: 0.
num_vsnodes_births: 2.
num_vsnodes_deaths: 0.
num_space_committed: 84.
num_space_uncommitted: 0.
num_chunks_returned_to_freelist: 0.
num_chunks_taken_from_freelist: 8.
num_chunk_merges: 0.
num_chunk_splits: 3.
num_chunks_enlarged: 1.
num_purges: 0.
num_inconsistent_stats: 0.

CodeHeap 'non-profiled nmethods': size=120000Kb used=33Kb max_used=33Kb free=119966Kb
 bounds [0x000002a36dd50000, 0x000002a36dfc0000, 0x000002a375280000]
CodeHeap 'profiled nmethods': size=120000Kb used=120Kb max_used=120Kb free=119879Kb
 bounds [0x000002a366820000, 0x000002a366a90000, 0x000002a36dd50000]
CodeHeap 'non-nmethods': size=5760Kb used=1078Kb max_used=1078Kb free=4681Kb
 bounds [0x000002a366280000, 0x000002a3664f0000, 0x000002a366820000]
 total_blobs=454 nmethods=110 adapters=257
 compilation: enabled
              stopped_count=0, restarted_count=0
 full_count=0

Compilation events (20 events):
Event: 0.164 Thread 0x000002a300934410  101       1       java.util.Spliterators$IteratorSpliterator::characteristics (5 bytes)
Event: 0.164 Thread 0x000002a300934410 nmethod 101 0x000002a36dd57890 code [0x000002a36dd57a20, 0x000002a36dd57af8]
Event: 0.164 Thread 0x000002a300934410  102       1       java.util.stream.AbstractPipeline::getStreamAndOpFlags (5 bytes)
Event: 0.164 Thread 0x000002a300934410 nmethod 102 0x000002a36dd57b90 code [0x000002a36dd57d20, 0x000002a36dd57df8]
Event: 0.164 Thread 0x000002a300934410  103       1       java.util.AbstractList$RandomAccessSpliterator::characteristics (4 bytes)
Event: 0.165 Thread 0x000002a300934410 nmethod 103 0x000002a36dd57e90 code [0x000002a36dd58020, 0x000002a36dd580f8]
Event: 0.165 Thread 0x000002a300934410  104       1       java.util.stream.FindOps$FindOp::getOpFlags (5 bytes)
Event: 0.165 Thread 0x000002a300934410 nmethod 104 0x000002a36dd58190 code [0x000002a36dd58320, 0x000002a36dd583f8]
Event: 0.166 Thread 0x000002a300934410  106       3       java.util.HashMap::getNode (150 bytes)
Event: 0.167 Thread 0x000002a300934410 nmethod 106 0x000002a36683bd90 code [0x000002a36683bfc0, 0x000002a36683cb58]
Event: 0.167 Thread 0x000002a300934410  107       3       java.util.HashMap$Node::<init> (26 bytes)
Event: 0.167 Thread 0x000002a300934410 nmethod 107 0x000002a36683ce10 code [0x000002a36683cfc0, 0x000002a36683d238]
Event: 0.167 Thread 0x000002a300934410  108       3       java.util.HashMap::newNode (13 bytes)
Event: 0.167 Thread 0x000002a300934410 nmethod 108 0x000002a36683d310 code [0x000002a36683d4c0, 0x000002a36683d7f8]
Event: 0.167 Thread 0x000002a300934410  109       3       java.util.HashMap::put (13 bytes)
Event: 0.167 Thread 0x000002a300934410 nmethod 109 0x000002a36683d910 code [0x000002a36683dac0, 0x000002a36683ddb8]
Event: 0.167 Thread 0x000002a300934410  105       3       java.util.Optional::<init> (10 bytes)
Event: 0.167 Thread 0x000002a300934410 nmethod 105 0x000002a36683df10 code [0x000002a36683e0a0, 0x000002a36683e258]
Event: 0.167 Thread 0x000002a300934410  110       1       java.lang.invoke.MethodHandles$Lookup::lookupClass (5 bytes)
Event: 0.167 Thread 0x000002a300934410 nmethod 110 0x000002a36dd58490 code [0x000002a36dd58620, 0x000002a36dd586f8]

GC Heap History (0 events):
No events

Deoptimization events (0 events):
No events

Classes unloaded (0 events):
No events

Classes redefined (0 events):
No events

Internal exceptions (0 events):
No events

VM Operations (0 events):
No events

Events (20 events):
Event: 0.166 loading class java/util/HashMap$Values
Event: 0.166 loading class java/util/HashMap$Values done
Event: 0.166 loading class java/util/HashMap$ValueIterator
Event: 0.166 loading class java/util/HashMap$ValueIterator done
Event: 0.167 loading class java/util/stream/ForEachOps
Event: 0.167 loading class java/util/stream/ForEachOps done
Event: 0.167 loading class java/util/stream/ForEachOps$ForEachOp$OfRef
Event: 0.167 loading class java/util/stream/ForEachOps$ForEachOp
Event: 0.167 loading class java/util/stream/ForEachOps$ForEachOp done
Event: 0.167 loading class java/util/stream/ForEachOps$ForEachOp$OfRef done
Event: 0.167 loading class java/nio/file/attribute/BasicFileAttributes
Event: 0.167 loading class java/nio/file/attribute/BasicFileAttributes done
Event: 0.167 loading class java/nio/file/LinkOption
Event: 0.168 loading class java/nio/file/CopyOption
Event: 0.168 loading class java/nio/file/CopyOption done
Event: 0.168 loading class java/nio/file/LinkOption done
Event: 0.168 loading class java/nio/file/Files
Event: 0.168 loading class java/nio/file/Files done
Event: 0.168 loading class java/nio/file/attribute/BasicFileAttributeView
Event: 0.168 loading class java/nio/file/attribute/FileAttributeView


Dynamic libraries:
0x00007ff7944d0000 - 0x00007ff7944e0000 	C:\Program Files\Java\jdk-17.0.2\bin\java.exe
0x00007fff08f70000 - 0x00007fff09168000 	C:\WINDOWS\SYSTEM32\ntdll.dll
0x00007fff06160000 - 0x00007fff06179000 	C:\Program Files\Avast Software\Avast\aswhook.dll
0x00007fff08330000 - 0x00007fff083ef000 	C:\WINDOWS\System32\KERNEL32.DLL
0x00007fff06650000 - 0x00007fff06946000 	C:\WINDOWS\System32\KERNELBASE.dll
0x00007fff06bc0000 - 0x00007fff06cc0000 	C:\WINDOWS\System32\ucrtbase.dll
0x00007fff011e0000 - 0x00007fff011f8000 	C:\Program Files\Java\jdk-17.0.2\bin\jli.dll
0x00007ffefff30000 - 0x00007ffefff4a000 	C:\Program Files\Java\jdk-17.0.2\bin\VCRUNTIME140.dll
0x00007fff06fd0000 - 0x00007fff0707f000 	C:\WINDOWS\System32\ADVAPI32.dll
0x00007fff08290000 - 0x00007fff0832e000 	C:\WINDOWS\System32\msvcrt.dll
0x00007fff081e0000 - 0x00007fff0827c000 	C:\WINDOWS\System32\sechost.dll
0x00007fff08480000 - 0x00007fff085a6000 	C:\WINDOWS\System32\RPCRT4.dll
0x00007fff07890000 - 0x00007fff07a2d000 	C:\WINDOWS\System32\USER32.dll
0x00007fff06950000 - 0x00007fff06972000 	C:\WINDOWS\System32\win32u.dll
0x00007fff083f0000 - 0x00007fff0841c000 	C:\WINDOWS\System32\GDI32.dll
0x00007fff069d0000 - 0x00007fff06ae5000 	C:\WINDOWS\System32\gdi32full.dll
0x00007fff059d0000 - 0x00007fff05c6a000 	C:\WINDOWS\WinSxS\amd64_microsoft.windows.common-controls_6595b64144ccf1df_6.0.19041.1110_none_60b5254171f9507e\COMCTL32.dll
0x00007fff06b20000 - 0x00007fff06bbd000 	C:\WINDOWS\System32\msvcp_win.dll
0x00007ffefd440000 - 0x00007ffefd44a000 	C:\WINDOWS\SYSTEM32\VERSION.dll
0x00007fff07090000 - 0x00007fff070c0000 	C:\WINDOWS\System32\IMM32.DLL
0x00007fff02eb0000 - 0x00007fff02ebc000 	C:\Program Files\Java\jdk-17.0.2\bin\vcruntime140_1.dll
0x00007ffee4220000 - 0x00007ffee42ad000 	C:\Program Files\Java\jdk-17.0.2\bin\msvcp140.dll
0x00007ffeb0770000 - 0x00007ffeb1331000 	C:\Program Files\Java\jdk-17.0.2\bin\server\jvm.dll
0x00007fff08280000 - 0x00007fff08288000 	C:\WINDOWS\System32\PSAPI.DLL
0x00007ffee3160000 - 0x00007ffee3187000 	C:\WINDOWS\SYSTEM32\WINMM.dll
0x00007ffeec770000 - 0x00007ffeec779000 	C:\WINDOWS\SYSTEM32\WSOCK32.dll
0x00007fff07d60000 - 0x00007fff07dcb000 	C:\WINDOWS\System32\WS2_32.dll
0x00007fff04180000 - 0x00007fff04192000 	C:\WINDOWS\SYSTEM32\kernel.appcore.dll
0x00007fff00e20000 - 0x00007fff00e2a000 	C:\Program Files\Java\jdk-17.0.2\bin\jimage.dll
0x00007fff05f60000 - 0x00007fff06144000 	C:\WINDOWS\SYSTEM32\DBGHELP.DLL
0x00007fff05d80000 - 0x00007fff05db4000 	C:\WINDOWS\SYSTEM32\dbgcore.DLL
0x00007fff06d70000 - 0x00007fff06df2000 	C:\WINDOWS\System32\bcryptPrimitives.dll
0x00007ffeff650000 - 0x00007ffeff675000 	C:\Program Files\Java\jdk-17.0.2\bin\java.dll
0x00007ffee7500000 - 0x00007ffee75d6000 	C:\Program Files\Java\jdk-17.0.2\bin\jsvml.dll
0x00007fff07120000 - 0x00007fff07864000 	C:\WINDOWS\System32\SHELL32.dll
0x00007fff039d0000 - 0x00007fff04163000 	C:\WINDOWS\SYSTEM32\windows.storage.dll
0x00007fff08760000 - 0x00007fff08ab4000 	C:\WINDOWS\System32\combase.dll
0x00007fff05930000 - 0x00007fff0595e000 	C:\WINDOWS\SYSTEM32\Wldp.dll
0x00007fff07f10000 - 0x00007fff07fbd000 	C:\WINDOWS\System32\SHCORE.dll
0x00007fff07d00000 - 0x00007fff07d55000 	C:\WINDOWS\System32\shlwapi.dll
0x00007fff06580000 - 0x00007fff065a5000 	C:\WINDOWS\SYSTEM32\profapi.dll

dbghelp: loaded successfully - version: 4.0.5 - missing functions: none
symbol engine: initialized successfully - sym options: 0x614 - pdb path: .;C:\Program Files\Java\jdk-17.0.2\bin;C:\WINDOWS\SYSTEM32;C:\Program Files\Avast Software\Avast;C:\WINDOWS\WinSxS\amd64_microsoft.windows.common-controls_6595b64144ccf1df_6.0.19041.1110_none_60b5254171f9507e;C:\Program Files\Java\jdk-17.0.2\bin\server

VM Arguments:
jvm_args: -Dfile.encoding=UTF-8 --module-path=C:\Users\HP\Documents\NetBeansProjects\Travel Management System\build\classes 
java_command: travel.management.system.dashboard
java_class_path (initial): C:\Users\HP\Downloads\mysql-connector-java-8.0.28.jar;C:\Users\HP\Documents\NetBeansProjects\Travel Management System\build\classes
Launcher Type: SUN_STANDARD

[Global flags]
     intx CICompilerCount                          = 4                                         {product} {ergonomic}
     uint ConcGCThreads                            = 2                                         {product} {ergonomic}
     uint G1ConcRefinementThreads                  = 8                                         {product} {ergonomic}
   size_t G1HeapRegionSize                         = 1048576                                   {product} {ergonomic}
    uintx GCDrainStackTargetSize                   = 64                                        {product} {ergonomic}
   size_t InitialHeapSize                          = 132120576                                 {product} {ergonomic}
   size_t MarkStackSize                            = 4194304                                   {product} {ergonomic}
   size_t MaxHeapSize                              = 2097152000                                {product} {ergonomic}
   size_t MaxNewSize                               = 1258291200                                {product} {ergonomic}
   size_t MinHeapDeltaBytes                        = 1048576                                   {product} {ergonomic}
   size_t MinHeapSize                              = 8388608                                   {product} {ergonomic}
    uintx NonNMethodCodeHeapSize                   = 5839372                                {pd product} {ergonomic}
    uintx NonProfiledCodeHeapSize                  = 122909434                              {pd product} {ergonomic}
    uintx ProfiledCodeHeapSize                     = 122909434                              {pd product} {ergonomic}
    uintx ReservedCodeCacheSize                    = 251658240                              {pd product} {ergonomic}
     bool SegmentedCodeCache                       = true                                      {product} {ergonomic}
   size_t SoftMaxHeapSize                          = 2097152000                             {manageable} {ergonomic}
     bool UseCompressedClassPointers               = true                           {product lp64_product} {ergonomic}
     bool UseCompressedOops                        = true                           {product lp64_product} {ergonomic}
     bool UseG1GC                                  = true                                      {product} {ergonomic}
     bool UseLargePagesIndividualAllocation        = false                                  {pd product} {ergonomic}

Logging:
Log output configuration:
 #0: stdout all=warning uptime,level,tags
 #1: stderr all=off uptime,level,tags

Environment Variables:
PATH=C:\Program Files\Java\jdk-17.0.2\bin;C:\Program Files\Common Files\Oracle\Java\javapath;C:\WINDOWS\system32;C:\WINDOWS;C:\WINDOWS\System32\Wbem;C:\WINDOWS\System32\WindowsPowerShell\v1.0\;C:\WINDOWS\System32\OpenSSH\;C:\MinGW\bin;C:\Program Files\MySQL\MySQL Shell 8.0\bin\;C:\Users\HP\AppData\Local\Microsoft\WindowsApps;C:\Users\HP\AppData\Local\Programs\Microsoft VS Code\bin;C:\MinGW\bin;
USERNAME=HP
OS=Windows_NT
PROCESSOR_IDENTIFIER=Intel64 Family 6 Model 166 Stepping 0, GenuineIntel



---------------  S Y S T E M  ---------------

OS:
 Windows 10 , 64 bit Build 19041 (10.0.19041.3155)
OS uptime: 25 days 11:34 hours

CPU: total 8 (initial active 8) (4 cores per cpu, 2 threads per core) family 6 model 166 stepping 0 microcode 0xe0, cx8, cmov, fxsr, ht, mmx, 3dnowpref, sse, sse2, sse3, ssse3, sse4.1, sse4.2, popcnt, lzcnt, tsc, tscinvbit, avx, avx2, aes, erms, clmul, bmi1, bmi2, adx, fma, vzeroupper, clflush, clflushopt

Memory: 4k page, system-wide physical 7996M (622M free)
TotalPageFile size 32572M (AvailPageFile size 3M)
current process WorkingSet (physical memory assigned to process): 28M, peak: 28M
current process commit charge ("private bytes"): 201M, peak: 203M

vm_info: Java HotSpot(TM) 64-Bit Server VM (17.0.2+8-LTS-86) for windows-amd64 JRE (17.0.2+8-LTS-86), built on Dec  7 2021 21:51:03 by "mach5one" with MS VC++ 16.8 / 16.9 (VS2019)

END.
